[      22ms] [WARNING] Received change, reloading page now @ http://localhost:3000/_next/static/chunks/204e747b034398c6.js:30
[     569ms] [ERROR] Failed to load resource: the server responded with a status of 403 () @ https://d3gk2c5xim1je2.cloudfront.net/lucide/v1.16.0/file-bar-chart.svg:0
[     600ms] [WARNING] Connected to Socket.io @ http://localhost:3000/_next/static/chunks/204e747b034398c6.js:30
[     687ms] [WARNING] Received change, reloading page now @ http://localhost:3000/_next/static/chunks/204e747b034398c6.js:30
[     696ms] [WARNING] Received change, reloading page now @ http://localhost:3000/_next/static/chunks/204e747b034398c6.js:30
[     807ms] [WARNING] Received change, reloading page now @ http://localhost:3000/_next/static/chunks/204e747b034398c6.js:30
[     981ms] [WARNING] Received change, reloading page now @ http://localhost:3000/_next/static/chunks/204e747b034398c6.js:30
[    1153ms] [WARNING] Received change, reloading page now @ http://localhost:3000/_next/static/chunks/204e747b034398c6.js:30
[    1337ms] [WARNING] Received change, reloading page now @ http://localhost:3000/_next/static/chunks/204e747b034398c6.js:30
[    1445ms] [WARNING] Received change, reloading page now @ http://localhost:3000/_next/static/chunks/204e747b034398c6.js:30
[    1497ms] [WARNING] Received change, reloading page now @ http://localhost:3000/_next/static/chunks/204e747b034398c6.js:30
[    1621ms] [WARNING] Received change, reloading page now @ http://localhost:3000/_next/static/chunks/204e747b034398c6.js:30
[    1745ms] [WARNING] Received change, reloading page now @ http://localhost:3000/_next/static/chunks/204e747b034398c6.js:30
[    1919ms] [WARNING] Received change, reloading page now @ http://localhost:3000/_next/static/chunks/204e747b034398c6.js:30
[    1976ms] [WARNING] Received change, reloading page now @ http://localhost:3000/_next/static/chunks/204e747b034398c6.js:30
[    2083ms] [WARNING] Received change, reloading page now @ http://localhost:3000/_next/static/chunks/204e747b034398c6.js:30
[    2196ms] [WARNING] Received change, reloading page now @ http://localhost:3000/_next/static/chunks/204e747b034398c6.js:30
[    2443ms] [WARNING] Received change, reloading page now @ http://localhost:3000/_next/static/chunks/204e747b034398c6.js:30
[    2556ms] [WARNING] Received change, reloading page now @ http://localhost:3000/_next/static/chunks/204e747b034398c6.js:30
[    2666ms] [WARNING] Received change, reloading page now @ http://localhost:3000/_next/static/chunks/204e747b034398c6.js:30
[    2796ms] [WARNING] Received change, reloading page now @ http://localhost:3000/_next/static/chunks/204e747b034398c6.js:30
[    2898ms] [WARNING] Received change, reloading page now @ http://localhost:3000/_next/static/chunks/204e747b034398c6.js:30
[    3005ms] [WARNING] Received change, reloading page now @ http://localhost:3000/_next/static/chunks/204e747b034398c6.js:30
[    3129ms] [WARNING] Received change, reloading page now @ http://localhost:3000/_next/static/chunks/204e747b034398c6.js:30
[    3246ms] [WARNING] Received change, reloading page now @ http://localhost:3000/_next/static/chunks/204e747b034398c6.js:30
[    3361ms] [WARNING] Received change, reloading page now @ http://localhost:3000/_next/static/chunks/204e747b034398c6.js:30
[    3476ms] [WARNING] Received change, reloading page now @ http://localhost:3000/_next/static/chunks/204e747b034398c6.js:30
[    3589ms] [WARNING] Received change, reloading page now @ http://localhost:3000/_next/static/chunks/204e747b034398c6.js:30
[    3711ms] [WARNING] Received change, reloading page now @ http://localhost:3000/_next/static/chunks/204e747b034398c6.js:30
[    3872ms] [WARNING] Received change, reloading page now @ http://localhost:3000/_next/static/chunks/204e747b034398c6.js:30
[    3924ms] [WARNING] Received change, reloading page now @ http://localhost:3000/_next/static/chunks/204e747b034398c6.js:30
[    4103ms] [WARNING] Received change, reloading page now @ http://localhost:3000/_next/static/chunks/204e747b034398c6.js:30
[    4230ms] [WARNING] Received change, reloading page now @ http://localhost:3000/_next/static/chunks/204e747b034398c6.js:30
[    4340ms] [WARNING] Received change, reloading page now @ http://localhost:3000/_next/static/chunks/204e747b034398c6.js:30
[    4463ms] [WARNING] Received change, reloading page now @ http://localhost:3000/_next/static/chunks/204e747b034398c6.js:30
[    4636ms] [WARNING] Received change, reloading page now @ http://localhost:3000/_next/static/chunks/204e747b034398c6.js:30
[    4688ms] [WARNING] Received change, reloading page now @ http://localhost:3000/_next/static/chunks/204e747b034398c6.js:30
[    4813ms] [WARNING] Received change, reloading page now @ http://localhost:3000/_next/static/chunks/204e747b034398c6.js:30
[    4985ms] [WARNING] Received change, reloading page now @ http://localhost:3000/_next/static/chunks/204e747b034398c6.js:30
[    5038ms] [WARNING] Received change, reloading page now @ http://localhost:3000/_next/static/chunks/204e747b034398c6.js:30
[    5214ms] [WARNING] Received change, reloading page now @ http://localhost:3000/_next/static/chunks/204e747b034398c6.js:30
[    5267ms] [WARNING] Received change, reloading page now @ http://localhost:3000/_next/static/chunks/204e747b034398c6.js:30
[    5393ms] [WARNING] Received change, reloading page now @ http://localhost:3000/_next/static/chunks/204e747b034398c6.js:30
[    5565ms] [WARNING] Received change, reloading page now @ http://localhost:3000/_next/static/chunks/204e747b034398c6.js:30
[    5681ms] [WARNING] Received change, reloading page now @ http://localhost:3000/_next/static/chunks/204e747b034398c6.js:30
[    5791ms] [WARNING] Received change, reloading page now @ http://localhost:3000/_next/static/chunks/204e747b034398c6.js:30
[    5919ms] [WARNING] Received change, reloading page now @ http://localhost:3000/_next/static/chunks/204e747b034398c6.js:30
[    6091ms] [WARNING] Received change, reloading page now @ http://localhost:3000/_next/static/chunks/204e747b034398c6.js:30
[    6263ms] [WARNING] Received change, reloading page now @ http://localhost:3000/_next/static/chunks/204e747b034398c6.js:30
[    6383ms] [WARNING] Received change, reloading page now @ http://localhost:3000/_next/static/chunks/204e747b034398c6.js:30
[    6487ms] [WARNING] Received change, reloading page now @ http://localhost:3000/_next/static/chunks/204e747b034398c6.js:30
[    6611ms] [WARNING] Received change, reloading page now @ http://localhost:3000/_next/static/chunks/204e747b034398c6.js:30
[    6786ms] [WARNING] Received change, reloading page now @ http://localhost:3000/_next/static/chunks/204e747b034398c6.js:30
[    6837ms] [WARNING] Received change, reloading page now @ http://localhost:3000/_next/static/chunks/204e747b034398c6.js:30
[    6961ms] [WARNING] Received change, reloading page now @ http://localhost:3000/_next/static/chunks/204e747b034398c6.js:30
[    7076ms] [WARNING] Received change, reloading page now @ http://localhost:3000/_next/static/chunks/204e747b034398c6.js:30
[    7188ms] [WARNING] Received change, reloading page now @ http://localhost:3000/_next/static/chunks/204e747b034398c6.js:30
[    7312ms] [WARNING] Received change, reloading page now @ http://localhost:3000/_next/static/chunks/204e747b034398c6.js:30
[    7428ms] [WARNING] Received change, reloading page now @ http://localhost:3000/_next/static/chunks/204e747b034398c6.js:30
[    7537ms] [WARNING] Received change, reloading page now @ http://localhost:3000/_next/static/chunks/204e747b034398c6.js:30
[    7698ms] [WARNING] Received change, reloading page now @ http://localhost:3000/_next/static/chunks/204e747b034398c6.js:30
[    7869ms] [WARNING] Received change, reloading page now @ http://localhost:3000/_next/static/chunks/204e747b034398c6.js:30
[    7921ms] [WARNING] Received change, reloading page now @ http://localhost:3000/_next/static/chunks/204e747b034398c6.js:30
[    8046ms] [WARNING] Received change, reloading page now @ http://localhost:3000/_next/static/chunks/204e747b034398c6.js:30
[    8219ms] [WARNING] Received change, reloading page now @ http://localhost:3000/_next/static/chunks/204e747b034398c6.js:30
[    8391ms] [WARNING] Received change, reloading page now @ http://localhost:3000/_next/static/chunks/204e747b034398c6.js:30
[    8509ms] [WARNING] Received change, reloading page now @ http://localhost:3000/_next/static/chunks/204e747b034398c6.js:30
[    8622ms] [WARNING] Received change, reloading page now @ http://localhost:3000/_next/static/chunks/204e747b034398c6.js:30
[    8744ms] [WARNING] Received change, reloading page now @ http://localhost:3000/_next/static/chunks/204e747b034398c6.js:30
[    8920ms] [WARNING] Received change, reloading page now @ http://localhost:3000/_next/static/chunks/204e747b034398c6.js:30
[    9094ms] [WARNING] Received change, reloading page now @ http://localhost:3000/_next/static/chunks/204e747b034398c6.js:30
[    9266ms] [WARNING] Received change, reloading page now @ http://localhost:3000/_next/static/chunks/204e747b034398c6.js:30
[    9320ms] [WARNING] Received change, reloading page now @ http://localhost:3000/_next/static/chunks/204e747b034398c6.js:30
[    9440ms] [WARNING] Received change, reloading page now @ http://localhost:3000/_next/static/chunks/204e747b034398c6.js:30
[    9610ms] [WARNING] Received change, reloading page now @ http://localhost:3000/_next/static/chunks/204e747b034398c6.js:30
[    9779ms] [WARNING] Received change, reloading page now @ http://localhost:3000/_next/static/chunks/204e747b034398c6.js:30
[    9893ms] [WARNING] Received change, reloading page now @ http://localhost:3000/_next/static/chunks/204e747b034398c6.js:30
[   10001ms] [WARNING] Received change, reloading page now @ http://localhost:3000/_next/static/chunks/204e747b034398c6.js:30
[   10158ms] [WARNING] Received change, reloading page now @ http://localhost:3000/_next/static/chunks/204e747b034398c6.js:30
[   10333ms] [WARNING] Received change, reloading page now @ http://localhost:3000/_next/static/chunks/204e747b034398c6.js:30
[   10387ms] [WARNING] Received change, reloading page now @ http://localhost:3000/_next/static/chunks/204e747b034398c6.js:30
[   10508ms] [WARNING] Received change, reloading page now @ http://localhost:3000/_next/static/chunks/204e747b034398c6.js:30
[   10621ms] [WARNING] Received change, reloading page now @ http://localhost:3000/_next/static/chunks/204e747b034398c6.js:30
[   10728ms] [WARNING] Received change, reloading page now @ http://localhost:3000/_next/static/chunks/204e747b034398c6.js:30
[   10851ms] [WARNING] Received change, reloading page now @ http://localhost:3000/_next/static/chunks/204e747b034398c6.js:30
[   10968ms] [WARNING] Received change, reloading page now @ http://localhost:3000/_next/static/chunks/204e747b034398c6.js:30
[   11078ms] [WARNING] Received change, reloading page now @ http://localhost:3000/_next/static/chunks/204e747b034398c6.js:30
[   11200ms] [WARNING] Received change, reloading page now @ http://localhost:3000/_next/static/chunks/204e747b034398c6.js:30
[   11316ms] [WARNING] Received change, reloading page now @ http://localhost:3000/_next/static/chunks/204e747b034398c6.js:30
[   11439ms] [WARNING] Received change, reloading page now @ http://localhost:3000/_next/static/chunks/204e747b034398c6.js:30
[   11560ms] [WARNING] Received change, reloading page now @ http://localhost:3000/_next/static/chunks/204e747b034398c6.js:30
[   11731ms] [WARNING] Received change, reloading page now @ http://localhost:3000/_next/static/chunks/204e747b034398c6.js:30
[   11785ms] [WARNING] Received change, reloading page now @ http://localhost:3000/_next/static/chunks/204e747b034398c6.js:30
[   11903ms] [WARNING] Received change, reloading page now @ http://localhost:3000/_next/static/chunks/204e747b034398c6.js:30
[   12016ms] [WARNING] Received change, reloading page now @ http://localhost:3000/_next/static/chunks/204e747b034398c6.js:30
[   12125ms] [WARNING] Received change, reloading page now @ http://localhost:3000/_next/static/chunks/204e747b034398c6.js:30
[   12245ms] [WARNING] Received change, reloading page now @ http://localhost:3000/_next/static/chunks/204e747b034398c6.js:30
[   12467ms] [WARNING] Received change, reloading page now @ http://localhost:3000/_next/static/chunks/204e747b034398c6.js:30
[   12519ms] [WARNING] Received change, reloading page now @ http://localhost:3000/_next/static/chunks/204e747b034398c6.js:30
[   12645ms] [WARNING] Received change, reloading page now @ http://localhost:3000/_next/static/chunks/204e747b034398c6.js:30
[   12816ms] [WARNING] Received change, reloading page now @ http://localhost:3000/_next/static/chunks/204e747b034398c6.js:30
[   12868ms] [WARNING] Received change, reloading page now @ http://localhost:3000/_next/static/chunks/204e747b034398c6.js:30
[   12993ms] [WARNING] Received change, reloading page now @ http://localhost:3000/_next/static/chunks/204e747b034398c6.js:30
[   13109ms] [WARNING] Received change, reloading page now @ http://localhost:3000/_next/static/chunks/204e747b034398c6.js:30
[   13217ms] [WARNING] Received change, reloading page now @ http://localhost:3000/_next/static/chunks/204e747b034398c6.js:30
[   13342ms] [WARNING] Received change, reloading page now @ http://localhost:3000/_next/static/chunks/204e747b034398c6.js:30
[   13517ms] [WARNING] Received change, reloading page now @ http://localhost:3000/_next/static/chunks/204e747b034398c6.js:30
[   13691ms] [WARNING] Received change, reloading page now @ http://localhost:3000/_next/static/chunks/204e747b034398c6.js:30
[   13742ms] [WARNING] Received change, reloading page now @ http://localhost:3000/_next/static/chunks/204e747b034398c6.js:30
[   13866ms] [WARNING] Received change, reloading page now @ http://localhost:3000/_next/static/chunks/204e747b034398c6.js:30
[   14038ms] [WARNING] Received change, reloading page now @ http://localhost:3000/_next/static/chunks/204e747b034398c6.js:30
[   14091ms] [WARNING] Received change, reloading page now @ http://localhost:3000/_next/static/chunks/204e747b034398c6.js:30
[   14215ms] [WARNING] Received change, reloading page now @ http://localhost:3000/_next/static/chunks/204e747b034398c6.js:30
[   14333ms] [WARNING] Received change, reloading page now @ http://localhost:3000/_next/static/chunks/204e747b034398c6.js:30
[   14444ms] [WARNING] Received change, reloading page now @ http://localhost:3000/_next/static/chunks/204e747b034398c6.js:30
[   14568ms] [WARNING] Received change, reloading page now @ http://localhost:3000/_next/static/chunks/204e747b034398c6.js:30
[   14745ms] [WARNING] Received change, reloading page now @ http://localhost:3000/_next/static/chunks/204e747b034398c6.js:30
[   14797ms] [WARNING] Received change, reloading page now @ http://localhost:3000/_next/static/chunks/204e747b034398c6.js:30
[   14921ms] [WARNING] Received change, reloading page now @ http://localhost:3000/_next/static/chunks/204e747b034398c6.js:30
[   15036ms] [WARNING] Received change, reloading page now @ http://localhost:3000/_next/static/chunks/204e747b034398c6.js:30
[   15148ms] [WARNING] Received change, reloading page now @ http://localhost:3000/_next/static/chunks/204e747b034398c6.js:30
[   15274ms] [WARNING] Received change, reloading page now @ http://localhost:3000/_next/static/chunks/204e747b034398c6.js:30
[   15372ms] [WARNING] Received change, reloading page now @ http://localhost:3000/_next/static/chunks/204e747b034398c6.js:30
[   15493ms] [WARNING] Received change, reloading page now @ http://localhost:3000/_next/static/chunks/204e747b034398c6.js:30
[   15668ms] [WARNING] Received change, reloading page now @ http://localhost:3000/_next/static/chunks/204e747b034398c6.js:30
[   15722ms] [WARNING] Received change, reloading page now @ http://localhost:3000/_next/static/chunks/204e747b034398c6.js:30
[   15845ms] [WARNING] Received change, reloading page now @ http://localhost:3000/_next/static/chunks/204e747b034398c6.js:30
[   15963ms] [WARNING] Received change, reloading page now @ http://localhost:3000/_next/static/chunks/204e747b034398c6.js:30
[   16076ms] [WARNING] Received change, reloading page now @ http://localhost:3000/_next/static/chunks/204e747b034398c6.js:30
[   16199ms] [WARNING] Received change, reloading page now @ http://localhost:3000/_next/static/chunks/204e747b034398c6.js:30
[   16369ms] [WARNING] Received change, reloading page now @ http://localhost:3000/_next/static/chunks/204e747b034398c6.js:30
[   16542ms] [WARNING] Received change, reloading page now @ http://localhost:3000/_next/static/chunks/204e747b034398c6.js:30
[   16595ms] [WARNING] Received change, reloading page now @ http://localhost:3000/_next/static/chunks/204e747b034398c6.js:30
[   16718ms] [WARNING] Received change, reloading page now @ http://localhost:3000/_next/static/chunks/204e747b034398c6.js:30
[   16892ms] [WARNING] Received change, reloading page now @ http://localhost:3000/_next/static/chunks/204e747b034398c6.js:30
[   16945ms] [WARNING] Received change, reloading page now @ http://localhost:3000/_next/static/chunks/204e747b034398c6.js:30
[   17067ms] [WARNING] Received change, reloading page now @ http://localhost:3000/_next/static/chunks/204e747b034398c6.js:30
[   17188ms] [WARNING] Received change, reloading page now @ http://localhost:3000/_next/static/chunks/204e747b034398c6.js:30
[   17293ms] [WARNING] Received change, reloading page now @ http://localhost:3000/_next/static/chunks/204e747b034398c6.js:30
[   17416ms] [WARNING] Received change, reloading page now @ http://localhost:3000/_next/static/chunks/204e747b034398c6.js:30
[   17531ms] [WARNING] Received change, reloading page now @ http://localhost:3000/_next/static/chunks/204e747b034398c6.js:30
[   17643ms] [WARNING] Received change, reloading page now @ http://localhost:3000/_next/static/chunks/204e747b034398c6.js:30
[   17771ms] [WARNING] Received change, reloading page now @ http://localhost:3000/_next/static/chunks/204e747b034398c6.js:30
[   17886ms] [WARNING] Received change, reloading page now @ http://localhost:3000/_next/static/chunks/204e747b034398c6.js:30
[   17997ms] [WARNING] Received change, reloading page now @ http://localhost:3000/_next/static/chunks/204e747b034398c6.js:30
[   18122ms] [WARNING] Received change, reloading page now @ http://localhost:3000/_next/static/chunks/204e747b034398c6.js:30
[   18296ms] [WARNING] Received change, reloading page now @ http://localhost:3000/_next/static/chunks/204e747b034398c6.js:30
[   18348ms] [WARNING] Received change, reloading page now @ http://localhost:3000/_next/static/chunks/204e747b034398c6.js:30
[   18486ms] [WARNING] Received change, reloading page now @ http://localhost:3000/_next/static/chunks/204e747b034398c6.js:30
[   18659ms] [WARNING] Received change, reloading page now @ http://localhost:3000/_next/static/chunks/204e747b034398c6.js:30
[   18712ms] [WARNING] Received change, reloading page now @ http://localhost:3000/_next/static/chunks/204e747b034398c6.js:30
[   18835ms] [WARNING] Received change, reloading page now @ http://localhost:3000/_next/static/chunks/204e747b034398c6.js:30
[   19008ms] [WARNING] Received change, reloading page now @ http://localhost:3000/_next/static/chunks/204e747b034398c6.js:30
[   19062ms] [WARNING] Received change, reloading page now @ http://localhost:3000/_next/static/chunks/204e747b034398c6.js:30
[   19184ms] [WARNING] Received change, reloading page now @ http://localhost:3000/_next/static/chunks/204e747b034398c6.js:30
[   19366ms] [WARNING] Received change, reloading page now @ http://localhost:3000/_next/static/chunks/204e747b034398c6.js:30
[   19451ms] [WARNING] Received change, reloading page now @ http://localhost:3000/_next/static/chunks/204e747b034398c6.js:30
[   19577ms] [WARNING] Received change, reloading page now @ http://localhost:3000/_next/static/chunks/204e747b034398c6.js:30
[   19698ms] [WARNING] Received change, reloading page now @ http://localhost:3000/_next/static/chunks/204e747b034398c6.js:30
[   19810ms] [WARNING] Received change, reloading page now @ http://localhost:3000/_next/static/chunks/204e747b034398c6.js:30
[   19935ms] [WARNING] Received change, reloading page now @ http://localhost:3000/_next/static/chunks/204e747b034398c6.js:30
[   20109ms] [WARNING] Received change, reloading page now @ http://localhost:3000/_next/static/chunks/204e747b034398c6.js:30
[   20161ms] [WARNING] Received change, reloading page now @ http://localhost:3000/_next/static/chunks/204e747b034398c6.js:30
[   20285ms] [WARNING] Received change, reloading page now @ http://localhost:3000/_next/static/chunks/204e747b034398c6.js:30
[   20408ms] [WARNING] Received change, reloading page now @ http://localhost:3000/_next/static/chunks/204e747b034398c6.js:30
[   20556ms] [WARNING] Received change, reloading page now @ http://localhost:3000/_next/static/chunks/204e747b034398c6.js:30
[   20648ms] [WARNING] Received change, reloading page now @ http://localhost:3000/_next/static/chunks/204e747b034398c6.js:30
[   20783ms] [WARNING] Received change, reloading page now @ http://localhost:3000/_next/static/chunks/204e747b034398c6.js:30
[   20958ms] [WARNING] Received change, reloading page now @ http://localhost:3000/_next/static/chunks/204e747b034398c6.js:30
[   21011ms] [WARNING] Received change, reloading page now @ http://localhost:3000/_next/static/chunks/204e747b034398c6.js:30
[   21136ms] [WARNING] Received change, reloading page now @ http://localhost:3000/_next/static/chunks/204e747b034398c6.js:30
[   21308ms] [WARNING] Received change, reloading page now @ http://localhost:3000/_next/static/chunks/204e747b034398c6.js:30
[   21362ms] [WARNING] Received change, reloading page now @ http://localhost:3000/_next/static/chunks/204e747b034398c6.js:30
[   21487ms] [WARNING] Received change, reloading page now @ http://localhost:3000/_next/static/chunks/204e747b034398c6.js:30
[   21658ms] [WARNING] Received change, reloading page now @ http://localhost:3000/_next/static/chunks/204e747b034398c6.js:30
[   21713ms] [WARNING] Received change, reloading page now @ http://localhost:3000/_next/static/chunks/204e747b034398c6.js:30
[   21841ms] [WARNING] Received change, reloading page now @ http://localhost:3000/_next/static/chunks/204e747b034398c6.js:30
[   22015ms] [WARNING] Received change, reloading page now @ http://localhost:3000/_next/static/chunks/204e747b034398c6.js:30
[   22067ms] [WARNING] Received change, reloading page now @ http://localhost:3000/_next/static/chunks/204e747b034398c6.js:30
[   22191ms] [WARNING] Received change, reloading page now @ http://localhost:3000/_next/static/chunks/204e747b034398c6.js:30
[   22362ms] [WARNING] Received change, reloading page now @ http://localhost:3000/_next/static/chunks/204e747b034398c6.js:30
[   22418ms] [WARNING] Received change, reloading page now @ http://localhost:3000/_next/static/chunks/204e747b034398c6.js:30
[   22539ms] [WARNING] Received change, reloading page now @ http://localhost:3000/_next/static/chunks/204e747b034398c6.js:30
[   22656ms] [WARNING] Received change, reloading page now @ http://localhost:3000/_next/static/chunks/204e747b034398c6.js:30
[   22767ms] [WARNING] Received change, reloading page now @ http://localhost:3000/_next/static/chunks/204e747b034398c6.js:30
[   22895ms] [WARNING] Received change, reloading page now @ http://localhost:3000/_next/static/chunks/204e747b034398c6.js:30
[   23027ms] [WARNING] Received change, reloading page now @ http://localhost:3000/_next/static/chunks/204e747b034398c6.js:30
[   23154ms] [WARNING] Received change, reloading page now @ http://localhost:3000/_next/static/chunks/204e747b034398c6.js:30
[   23278ms] [WARNING] Received change, reloading page now @ http://localhost:3000/_next/static/chunks/204e747b034398c6.js:30
[   23393ms] [WARNING] Received change, reloading page now @ http://localhost:3000/_next/static/chunks/204e747b034398c6.js:30
[   23511ms] [WARNING] Received change, reloading page now @ http://localhost:3000/_next/static/chunks/204e747b034398c6.js:30
[   23649ms] [WARNING] Received change, reloading page now @ http://localhost:3000/_next/static/chunks/204e747b034398c6.js:30
[   23761ms] [WARNING] Received change, reloading page now @ http://localhost:3000/_next/static/chunks/204e747b034398c6.js:30
[   23876ms] [WARNING] Received change, reloading page now @ http://localhost:3000/_next/static/chunks/204e747b034398c6.js:30
[   24002ms] [WARNING] Received change, reloading page now @ http://localhost:3000/_next/static/chunks/204e747b034398c6.js:30
[   24116ms] [WARNING] Received change, reloading page now @ http://localhost:3000/_next/static/chunks/204e747b034398c6.js:30
[   24230ms] [WARNING] Received change, reloading page now @ http://localhost:3000/_next/static/chunks/204e747b034398c6.js:30
[   24358ms] [WARNING] Received change, reloading page now @ http://localhost:3000/_next/static/chunks/204e747b034398c6.js:30
[   24473ms] [WARNING] Received change, reloading page now @ http://localhost:3000/_next/static/chunks/204e747b034398c6.js:30
[   24591ms] [WARNING] Received change, reloading page now @ http://localhost:3000/_next/static/chunks/204e747b034398c6.js:30
[   24717ms] [WARNING] Received change, reloading page now @ http://localhost:3000/_next/static/chunks/204e747b034398c6.js:30
[   24831ms] [WARNING] Received change, reloading page now @ http://localhost:3000/_next/static/chunks/204e747b034398c6.js:30
[   24946ms] [WARNING] Received change, reloading page now @ http://localhost:3000/_next/static/chunks/204e747b034398c6.js:30
[   25077ms] [WARNING] Received change, reloading page now @ http://localhost:3000/_next/static/chunks/204e747b034398c6.js:30
[   25192ms] [WARNING] Received change, reloading page now @ http://localhost:3000/_next/static/chunks/204e747b034398c6.js:30
[   25310ms] [WARNING] Received change, reloading page now @ http://localhost:3000/_next/static/chunks/204e747b034398c6.js:30
[   25442ms] [WARNING] Received change, reloading page now @ http://localhost:3000/_next/static/chunks/204e747b034398c6.js:30
[   25581ms] [WARNING] Received change, reloading page now @ http://localhost:3000/_next/static/chunks/204e747b034398c6.js:30
[   25702ms] [WARNING] Received change, reloading page now @ http://localhost:3000/_next/static/chunks/204e747b034398c6.js:30
[   25801ms] [WARNING] Received change, reloading page now @ http://localhost:3000/_next/static/chunks/204e747b034398c6.js:30
[   25924ms] [WARNING] Received change, reloading page now @ http://localhost:3000/_next/static/chunks/204e747b034398c6.js:30
[   26059ms] [WARNING] Received change, reloading page now @ http://localhost:3000/_next/static/chunks/204e747b034398c6.js:30
[   26180ms] [WARNING] Received change, reloading page now @ http://localhost:3000/_next/static/chunks/204e747b034398c6.js:30
[   26305ms] [WARNING] Received change, reloading page now @ http://localhost:3000/_next/static/chunks/204e747b034398c6.js:30
[   26427ms] [WARNING] Received change, reloading page now @ http://localhost:3000/_next/static/chunks/204e747b034398c6.js:30
[   26559ms] [WARNING] Received change, reloading page now @ http://localhost:3000/_next/static/chunks/204e747b034398c6.js:30
[   26685ms] [WARNING] Received change, reloading page now @ http://localhost:3000/_next/static/chunks/204e747b034398c6.js:30
[   26798ms] [WARNING] Received change, reloading page now @ http://localhost:3000/_next/static/chunks/204e747b034398c6.js:30
[   26957ms] [WARNING] Received change, reloading page now @ http://localhost:3000/_next/static/chunks/204e747b034398c6.js:30
[   27083ms] [WARNING] Received change, reloading page now @ http://localhost:3000/_next/static/chunks/204e747b034398c6.js:30
[   27199ms] [WARNING] Received change, reloading page now @ http://localhost:3000/_next/static/chunks/204e747b034398c6.js:30
[   27323ms] [WARNING] Received change, reloading page now @ http://localhost:3000/_next/static/chunks/204e747b034398c6.js:30
[   27604ms] [WARNING] Received change, reloading page now @ http://localhost:3000/_next/static/chunks/204e747b034398c6.js:30
[   27724ms] [WARNING] Received change, reloading page now @ http://localhost:3000/_next/static/chunks/204e747b034398c6.js:30
[   27836ms] [WARNING] Received change, reloading page now @ http://localhost:3000/_next/static/chunks/204e747b034398c6.js:30
[   27960ms] [WARNING] Received change, reloading page now @ http://localhost:3000/_next/static/chunks/204e747b034398c6.js:30
[   28085ms] [WARNING] Received change, reloading page now @ http://localhost:3000/_next/static/chunks/204e747b034398c6.js:30
[   28194ms] [WARNING] Received change, reloading page now @ http://localhost:3000/_next/static/chunks/204e747b034398c6.js:30
[   28365ms] [WARNING] Received change, reloading page now @ http://localhost:3000/_next/static/chunks/204e747b034398c6.js:30
[   28437ms] [WARNING] Received change, reloading page now @ http://localhost:3000/_next/static/chunks/204e747b034398c6.js:30
[   28542ms] [WARNING] Received change, reloading page now @ http://localhost:3000/_next/static/chunks/204e747b034398c6.js:30
[   28716ms] [WARNING] Received change, reloading page now @ http://localhost:3000/_next/static/chunks/204e747b034398c6.js:30
[   28892ms] [WARNING] Received change, reloading page now @ http://localhost:3000/_next/static/chunks/204e747b034398c6.js:30
[   28965ms] [WARNING] Received change, reloading page now @ http://localhost:3000/_next/static/chunks/204e747b034398c6.js:30
[   29079ms] [WARNING] Received change, reloading page now @ http://localhost:3000/_next/static/chunks/204e747b034398c6.js:30
[   29201ms] [WARNING] Received change, reloading page now @ http://localhost:3000/_next/static/chunks/204e747b034398c6.js:30
[   29329ms] [WARNING] Received change, reloading page now @ http://localhost:3000/_next/static/chunks/204e747b034398c6.js:30
[   29436ms] [WARNING] Received change, reloading page now @ http://localhost:3000/_next/static/chunks/204e747b034398c6.js:30
[   29611ms] [WARNING] Received change, reloading page now @ http://localhost:3000/_next/static/chunks/204e747b034398c6.js:30
[   29685ms] [WARNING] Received change, reloading page now @ http://localhost:3000/_next/static/chunks/204e747b034398c6.js:30
[   29791ms] [WARNING] Received change, reloading page now @ http://localhost:3000/_next/static/chunks/204e747b034398c6.js:30
[   29963ms] [WARNING] Received change, reloading page now @ http://localhost:3000/_next/static/chunks/204e747b034398c6.js:30
[   30137ms] [WARNING] Received change, reloading page now @ http://localhost:3000/_next/static/chunks/204e747b034398c6.js:30
[   30321ms] [WARNING] Received change, reloading page now @ http://localhost:3000/_next/static/chunks/204e747b034398c6.js:30
[   30395ms] [WARNING] Received change, reloading page now @ http://localhost:3000/_next/static/chunks/204e747b034398c6.js:30
[   30502ms] [WARNING] Received change, reloading page now @ http://localhost:3000/_next/static/chunks/204e747b034398c6.js:30
[   30629ms] [WARNING] Received change, reloading page now @ http://localhost:3000/_next/static/chunks/204e747b034398c6.js:30
[   30749ms] [WARNING] Received change, reloading page now @ http://localhost:3000/_next/static/chunks/204e747b034398c6.js:30
[   30856ms] [WARNING] Received change, reloading page now @ http://localhost:3000/_next/static/chunks/204e747b034398c6.js:30
[   31037ms] [WARNING] Received change, reloading page now @ http://localhost:3000/_next/static/chunks/204e747b034398c6.js:30
[   31110ms] [WARNING] Received change, reloading page now @ http://localhost:3000/_next/static/chunks/204e747b034398c6.js:30
[   31218ms] [WARNING] Received change, reloading page now @ http://localhost:3000/_next/static/chunks/204e747b034398c6.js:30
[   31377ms] [WARNING] Received change, reloading page now @ http://localhost:3000/_next/static/chunks/204e747b034398c6.js:30
[   31509ms] [WARNING] Received change, reloading page now @ http://localhost:3000/_next/static/chunks/204e747b034398c6.js:30
[   31612ms] [WARNING] Received change, reloading page now @ http://localhost:3000/_next/static/chunks/204e747b034398c6.js:30
[   31724ms] [WARNING] Received change, reloading page now @ http://localhost:3000/_next/static/chunks/204e747b034398c6.js:30
[   31829ms] [WARNING] Received change, reloading page now @ http://localhost:3000/_next/static/chunks/204e747b034398c6.js:30
[   32003ms] [WARNING] Received change, reloading page now @ http://localhost:3000/_next/static/chunks/204e747b034398c6.js:30
[   32175ms] [WARNING] Received change, reloading page now @ http://localhost:3000/_next/static/chunks/204e747b034398c6.js:30
[   32347ms] [WARNING] Received change, reloading page now @ http://localhost:3000/_next/static/chunks/204e747b034398c6.js:30
[   32521ms] [WARNING] Received change, reloading page now @ http://localhost:3000/_next/static/chunks/204e747b034398c6.js:30
[   32640ms] [WARNING] Received change, reloading page now @ http://localhost:3000/_next/static/chunks/204e747b034398c6.js:30
[   32707ms] [WARNING] Received change, reloading page now @ http://localhost:3000/_next/static/chunks/204e747b034398c6.js:30
[   32824ms] [WARNING] Received change, reloading page now @ http://localhost:3000/_next/static/chunks/204e747b034398c6.js:30
[   33010ms] [WARNING] Received change, reloading page now @ http://localhost:3000/_next/static/chunks/204e747b034398c6.js:30
[   33071ms] [WARNING] Received change, reloading page now @ http://localhost:3000/_next/static/chunks/204e747b034398c6.js:30
[   33193ms] [WARNING] Received change, reloading page now @ http://localhost:3000/_next/static/chunks/204e747b034398c6.js:30
[   33426ms] [WARNING] Received change, reloading page now @ http://localhost:3000/_next/static/chunks/204e747b034398c6.js:30
[   33490ms] [WARNING] Received change, reloading page now @ http://localhost:3000/_next/static/chunks/204e747b034398c6.js:30
[   33605ms] [WARNING] Received change, reloading page now @ http://localhost:3000/_next/static/chunks/204e747b034398c6.js:30
[   33779ms] [WARNING] Received change, reloading page now @ http://localhost:3000/_next/static/chunks/204e747b034398c6.js:30
[   33899ms] [WARNING] Received change, reloading page now @ http://localhost:3000/_next/static/chunks/204e747b034398c6.js:30
[   33960ms] [WARNING] Received change, reloading page now @ http://localhost:3000/_next/static/chunks/204e747b034398c6.js:30
[   34134ms] [WARNING] Received change, reloading page now @ http://localhost:3000/_next/static/chunks/204e747b034398c6.js:30
[   34308ms] [WARNING] Received change, reloading page now @ http://localhost:3000/_next/static/chunks/204e747b034398c6.js:30
[   34427ms] [WARNING] Received change, reloading page now @ http://localhost:3000/_next/static/chunks/204e747b034398c6.js:30
[   34488ms] [WARNING] Received change, reloading page now @ http://localhost:3000/_next/static/chunks/204e747b034398c6.js:30
[   34661ms] [WARNING] Received change, reloading page now @ http://localhost:3000/_next/static/chunks/204e747b034398c6.js:30
[   34835ms] [WARNING] Received change, reloading page now @ http://localhost:3000/_next/static/chunks/204e747b034398c6.js:30
[   35011ms] [WARNING] Received change, reloading page now @ http://localhost:3000/_next/static/chunks/204e747b034398c6.js:30
[   35131ms] [WARNING] Received change, reloading page now @ http://localhost:3000/_next/static/chunks/204e747b034398c6.js:30
[   35368ms] [WARNING] Received change, reloading page now @ http://localhost:3000/_next/static/chunks/204e747b034398c6.js:30
[   35541ms] [WARNING] Received change, reloading page now @ http://localhost:3000/_next/static/chunks/204e747b034398c6.js:30
[   35721ms] [WARNING] Received change, reloading page now @ http://localhost:3000/_next/static/chunks/204e747b034398c6.js:30
[   35899ms] [WARNING] Received change, reloading page now @ http://localhost:3000/_next/static/chunks/204e747b034398c6.js:30
[   35961ms] [WARNING] Received change, reloading page now @ http://localhost:3000/_next/static/chunks/204e747b034398c6.js:30
[   36077ms] [WARNING] Received change, reloading page now @ http://localhost:3000/_next/static/chunks/204e747b034398c6.js:30
[   36245ms] [WARNING] Received change, reloading page now @ http://localhost:3000/_next/static/chunks/204e747b034398c6.js:30
[   36306ms] [WARNING] Received change, reloading page now @ http://localhost:3000/_next/static/chunks/204e747b034398c6.js:30
[   36475ms] [WARNING] Received change, reloading page now @ http://localhost:3000/_next/static/chunks/204e747b034398c6.js:30
[   36540ms] [WARNING] Received change, reloading page now @ http://localhost:3000/_next/static/chunks/204e747b034398c6.js:30
[   36689ms] [WARNING] Received change, reloading page now @ http://localhost:3000/_next/static/chunks/204e747b034398c6.js:30
[   36804ms] [WARNING] Received change, reloading page now @ http://localhost:3000/_next/static/chunks/204e747b034398c6.js:30
[   36926ms] [WARNING] Received change, reloading page now @ http://localhost:3000/_next/static/chunks/204e747b034398c6.js:30
[   37038ms] [WARNING] Received change, reloading page now @ http://localhost:3000/_next/static/chunks/204e747b034398c6.js:30
[   37207ms] [WARNING] Received change, reloading page now @ http://localhost:3000/_next/static/chunks/204e747b034398c6.js:30
[   37376ms] [WARNING] Received change, reloading page now @ http://localhost:3000/_next/static/chunks/204e747b034398c6.js:30
[   37488ms] [WARNING] Received change, reloading page now @ http://localhost:3000/_next/static/chunks/204e747b034398c6.js:30
[   37659ms] [WARNING] Received change, reloading page now @ http://localhost:3000/_next/static/chunks/204e747b034398c6.js:30
[   37721ms] [WARNING] Received change, reloading page now @ http://localhost:3000/_next/static/chunks/204e747b034398c6.js:30
[   37889ms] [WARNING] Received change, reloading page now @ http://localhost:3000/_next/static/chunks/204e747b034398c6.js:30
[   38001ms] [WARNING] Received change, reloading page now @ http://localhost:3000/_next/static/chunks/204e747b034398c6.js:30
[   38231ms] [WARNING] Received change, reloading page now @ http://localhost:3000/_next/static/chunks/204e747b034398c6.js:30
[   38346ms] [WARNING] Received change, reloading page now @ http://localhost:3000/_next/static/chunks/204e747b034398c6.js:30
[   38407ms] [WARNING] Received change, reloading page now @ http://localhost:3000/_next/static/chunks/204e747b034398c6.js:30
[   38526ms] [WARNING] Received change, reloading page now @ http://localhost:3000/_next/static/chunks/204e747b034398c6.js:30
[   38687ms] [WARNING] Received change, reloading page now @ http://localhost:3000/_next/static/chunks/204e747b034398c6.js:30
[   38750ms] [WARNING] Received change, reloading page now @ http://localhost:3000/_next/static/chunks/204e747b034398c6.js:30
[   38901ms] [WARNING] Received change, reloading page now @ http://localhost:3000/_next/static/chunks/204e747b034398c6.js:30
[   39013ms] [WARNING] Received change, reloading page now @ http://localhost:3000/_next/static/chunks/204e747b034398c6.js:30
[   39124ms] [WARNING] Received change, reloading page now @ http://localhost:3000/_next/static/chunks/204e747b034398c6.js:30
[   39291ms] [WARNING] Received change, reloading page now @ http://localhost:3000/_next/static/chunks/204e747b034398c6.js:30
[   39463ms] [WARNING] Received change, reloading page now @ http://localhost:3000/_next/static/chunks/204e747b034398c6.js:30
[   39635ms] [WARNING] Received change, reloading page now @ http://localhost:3000/_next/static/chunks/204e747b034398c6.js:30
[   39747ms] [WARNING] Received change, reloading page now @ http://localhost:3000/_next/static/chunks/204e747b034398c6.js:30
[   39916ms] [WARNING] Received change, reloading page now @ http://localhost:3000/_next/static/chunks/204e747b034398c6.js:30
[   40142ms] [WARNING] Received change, reloading page now @ http://localhost:3000/_next/static/chunks/204e747b034398c6.js:30
[   40256ms] [WARNING] Received change, reloading page now @ http://localhost:3000/_next/static/chunks/204e747b034398c6.js:30
[   40316ms] [WARNING] Received change, reloading page now @ http://localhost:3000/_next/static/chunks/204e747b034398c6.js:30
[   40485ms] [WARNING] Received change, reloading page now @ http://localhost:3000/_next/static/chunks/204e747b034398c6.js:30
[   40598ms] [WARNING] Received change, reloading page now @ http://localhost:3000/_next/static/chunks/204e747b034398c6.js:30
[   40656ms] [WARNING] Received change, reloading page now @ http://localhost:3000/_next/static/chunks/204e747b034398c6.js:30
[   40826ms] [WARNING] Received change, reloading page now @ http://localhost:3000/_next/static/chunks/204e747b034398c6.js:30
[   40994ms] [WARNING] Received change, reloading page now @ http://localhost:3000/_next/static/chunks/204e747b034398c6.js:30
[   41109ms] [WARNING] Received change, reloading page now @ http://localhost:3000/_next/static/chunks/204e747b034398c6.js:30
[   41169ms] [WARNING] Received change, reloading page now @ http://localhost:3000/_next/static/chunks/204e747b034398c6.js:30
[   41283ms] [WARNING] Received change, reloading page now @ http://localhost:3000/_next/static/chunks/204e747b034398c6.js:30
[   41402ms] [WARNING] Received change, reloading page now @ http://localhost:3000/_next/static/chunks/204e747b034398c6.js:30
[   41550ms] [WARNING] Received change, reloading page now @ http://localhost:3000/_next/static/chunks/204e747b034398c6.js:30
[   41668ms] [WARNING] Received change, reloading page now @ http://localhost:3000/_next/static/chunks/204e747b034398c6.js:30
[   41840ms] [WARNING] Received change, reloading page now @ http://localhost:3000/_next/static/chunks/204e747b034398c6.js:30
[   41901ms] [WARNING] Received change, reloading page now @ http://localhost:3000/_next/static/chunks/204e747b034398c6.js:30
[   42025ms] [WARNING] Received change, reloading page now @ http://localhost:3000/_next/static/chunks/204e747b034398c6.js:30
[   42206ms] [WARNING] Received change, reloading page now @ http://localhost:3000/_next/static/chunks/204e747b034398c6.js:30
[   42270ms] [WARNING] Received change, reloading page now @ http://localhost:3000/_next/static/chunks/204e747b034398c6.js:30
[   42400ms] [WARNING] Received change, reloading page now @ http://localhost:3000/_next/static/chunks/204e747b034398c6.js:30
[   42587ms] [WARNING] Received change, reloading page now @ http://localhost:3000/_next/static/chunks/204e747b034398c6.js:30
[   42651ms] [WARNING] Received change, reloading page now @ http://localhost:3000/_next/static/chunks/204e747b034398c6.js:30
[   42842ms] [WARNING] Received change, reloading page now @ http://localhost:3000/_next/static/chunks/204e747b034398c6.js:30
[   43028ms] [WARNING] Received change, reloading page now @ http://localhost:3000/_next/static/chunks/204e747b034398c6.js:30
[   43110ms] [WARNING] Received change, reloading page now @ http://localhost:3000/_next/static/chunks/204e747b034398c6.js:30
[   43248ms] [WARNING] Received change, reloading page now @ http://localhost:3000/_next/static/chunks/204e747b034398c6.js:30
[   43347ms] [WARNING] Received change, reloading page now @ http://localhost:3000/_next/static/chunks/204e747b034398c6.js:30
[   43481ms] [WARNING] Received change, reloading page now @ http://localhost:3000/_next/static/chunks/204e747b034398c6.js:30
[   43579ms] [WARNING] Received change, reloading page now @ http://localhost:3000/_next/static/chunks/204e747b034398c6.js:30
[   43719ms] [WARNING] Received change, reloading page now @ http://localhost:3000/_next/static/chunks/204e747b034398c6.js:30
[   43910ms] [WARNING] Received change, reloading page now @ http://localhost:3000/_next/static/chunks/204e747b034398c6.js:30
[   44062ms] [WARNING] Received change, reloading page now @ http://localhost:3000/_next/static/chunks/204e747b034398c6.js:30
[   44175ms] [WARNING] Received change, reloading page now @ http://localhost:3000/_next/static/chunks/204e747b034398c6.js:30
[   44316ms] [WARNING] Received change, reloading page now @ http://localhost:3000/_next/static/chunks/204e747b034398c6.js:30
[   44423ms] [WARNING] Received change, reloading page now @ http://localhost:3000/_next/static/chunks/204e747b034398c6.js:30
[   44535ms] [WARNING] Received change, reloading page now @ http://localhost:3000/_next/static/chunks/204e747b034398c6.js:30
[   44765ms] [WARNING] Received change, reloading page now @ http://localhost:3000/_next/static/chunks/204e747b034398c6.js:30
[   44941ms] [WARNING] Received change, reloading page now @ http://localhost:3000/_next/static/chunks/204e747b034398c6.js:30
[   45067ms] [WARNING] Received change, reloading page now @ http://localhost:3000/_next/static/chunks/204e747b034398c6.js:30
[   45240ms] [WARNING] Received change, reloading page now @ http://localhost:3000/_next/static/chunks/204e747b034398c6.js:30
[   45341ms] [WARNING] Received change, reloading page now @ http://localhost:3000/_next/static/chunks/204e747b034398c6.js:30
[   45398ms] [WARNING] Received change, reloading page now @ http://localhost:3000/_next/static/chunks/204e747b034398c6.js:30
[   45630ms] [WARNING] Received change, reloading page now @ http://localhost:3000/_next/static/chunks/204e747b034398c6.js:30
[   45821ms] [WARNING] Received change, reloading page now @ http://localhost:3000/_next/static/chunks/204e747b034398c6.js:30
[   45882ms] [WARNING] Received change, reloading page now @ http://localhost:3000/_next/static/chunks/204e747b034398c6.js:30
[   46036ms] [WARNING] Received change, reloading page now @ http://localhost:3000/_next/static/chunks/204e747b034398c6.js:30
[   46155ms] [WARNING] Received change, reloading page now @ http://localhost:3000/_next/static/chunks/204e747b034398c6.js:30
[   46308ms] [WARNING] Received change, reloading page now @ http://localhost:3000/_next/static/chunks/204e747b034398c6.js:30
[   46386ms] [WARNING] Received change, reloading page now @ http://localhost:3000/_next/static/chunks/204e747b034398c6.js:30
[   46539ms] [WARNING] Received change, reloading page now @ http://localhost:3000/_next/static/chunks/204e747b034398c6.js:30
[   46766ms] [WARNING] Received change, reloading page now @ http://localhost:3000/_next/static/chunks/204e747b034398c6.js:30
[   46845ms] [WARNING] Received change, reloading page now @ http://localhost:3000/_next/static/chunks/204e747b034398c6.js:30
[   46985ms] [WARNING] Received change, reloading page now @ http://localhost:3000/_next/static/chunks/204e747b034398c6.js:30
[   47118ms] [WARNING] Received change, reloading page now @ http://localhost:3000/_next/static/chunks/204e747b034398c6.js:30
[   47219ms] [WARNING] Received change, reloading page now @ http://localhost:3000/_next/static/chunks/204e747b034398c6.js:30
[   47350ms] [WARNING] Received change, reloading page now @ http://localhost:3000/_next/static/chunks/204e747b034398c6.js:30
[   47505ms] [WARNING] Received change, reloading page now @ http://localhost:3000/_next/static/chunks/204e747b034398c6.js:30
[   47581ms] [WARNING] Received change, reloading page now @ http://localhost:3000/_next/static/chunks/204e747b034398c6.js:30
[   47735ms] [WARNING] Received change, reloading page now @ http://localhost:3000/_next/static/chunks/204e747b034398c6.js:30
[   47964ms] [WARNING] Received change, reloading page now @ http://localhost:3000/_next/static/chunks/204e747b034398c6.js:30
[   48145ms] [WARNING] Received change, reloading page now @ http://localhost:3000/_next/static/chunks/204e747b034398c6.js:30
[   48194ms] [WARNING] Received change, reloading page now @ http://localhost:3000/_next/static/chunks/204e747b034398c6.js:30
[   48418ms] [WARNING] Received change, reloading page now @ http://localhost:3000/_next/static/chunks/204e747b034398c6.js:30
