[     678ms] [WARNING] Connected to Socket.io @ http://localhost:3000/_next/static/chunks/204e747b034398c6.js:30
[     805ms] [WARNING] Received change, reloading page now @ http://localhost:3000/_next/static/chunks/204e747b034398c6.js:30
[     808ms] [WARNING] Received change, reloading page now @ http://localhost:3000/_next/static/chunks/204e747b034398c6.js:30
[     959ms] [WARNING] Received change, reloading page now @ http://localhost:3000/_next/static/chunks/204e747b034398c6.js:30
[    1171ms] [WARNING] Received change, reloading page now @ http://localhost:3000/_next/static/chunks/204e747b034398c6.js:30
[    1306ms] [WARNING] Received change, reloading page now @ http://localhost:3000/_next/static/chunks/204e747b034398c6.js:30
[    1489ms] [WARNING] Received change, reloading page now @ http://localhost:3000/_next/static/chunks/204e747b034398c6.js:30
[    1691ms] [WARNING] Received change, reloading page now @ http://localhost:3000/_next/static/chunks/204e747b034398c6.js:30
[    1834ms] [WARNING] Received change, reloading page now @ http://localhost:3000/_next/static/chunks/204e747b034398c6.js:30
[    1965ms] [WARNING] Received change, reloading page now @ http://localhost:3000/_next/static/chunks/204e747b034398c6.js:30
[    2068ms] [WARNING] Received change, reloading page now @ http://localhost:3000/_next/static/chunks/204e747b034398c6.js:30
[    2256ms] [WARNING] Received change, reloading page now @ http://localhost:3000/_next/static/chunks/204e747b034398c6.js:30
[    2329ms] [WARNING] Received change, reloading page now @ http://localhost:3000/_next/static/chunks/204e747b034398c6.js:30
[    2446ms] [WARNING] Received change, reloading page now @ http://localhost:3000/_next/static/chunks/204e747b034398c6.js:30
[    2589ms] [WARNING] Received change, reloading page now @ http://localhost:3000/_next/static/chunks/204e747b034398c6.js:30
[    2863ms] [WARNING] Received change, reloading page now @ http://localhost:3000/_next/static/chunks/204e747b034398c6.js:30
[    2946ms] [WARNING] Received change, reloading page now @ http://localhost:3000/_next/static/chunks/204e747b034398c6.js:30
[    3077ms] [WARNING] Received change, reloading page now @ http://localhost:3000/_next/static/chunks/204e747b034398c6.js:30
[    3204ms] [WARNING] Received change, reloading page now @ http://localhost:3000/_next/static/chunks/204e747b034398c6.js:30
[    3409ms] [WARNING] Received change, reloading page now @ http://localhost:3000/_next/static/chunks/204e747b034398c6.js:30
[    3531ms] [WARNING] Received change, reloading page now @ http://localhost:3000/_next/static/chunks/204e747b034398c6.js:30
[    3679ms] [WARNING] Received change, reloading page now @ http://localhost:3000/_next/static/chunks/204e747b034398c6.js:30
[    3832ms] [WARNING] Received change, reloading page now @ http://localhost:3000/_next/static/chunks/204e747b034398c6.js:30
[    3983ms] [WARNING] Received change, reloading page now @ http://localhost:3000/_next/static/chunks/204e747b034398c6.js:30
[    4119ms] [WARNING] Received change, reloading page now @ http://localhost:3000/_next/static/chunks/204e747b034398c6.js:30
[    4262ms] [WARNING] Received change, reloading page now @ http://localhost:3000/_next/static/chunks/204e747b034398c6.js:30
[    4403ms] [WARNING] Received change, reloading page now @ http://localhost:3000/_next/static/chunks/204e747b034398c6.js:30
[    4553ms] [WARNING] Received change, reloading page now @ http://localhost:3000/_next/static/chunks/204e747b034398c6.js:30
[    4703ms] [WARNING] Received change, reloading page now @ http://localhost:3000/_next/static/chunks/204e747b034398c6.js:30
[    4848ms] [WARNING] Received change, reloading page now @ http://localhost:3000/_next/static/chunks/204e747b034398c6.js:30
[    4996ms] [WARNING] Received change, reloading page now @ http://localhost:3000/_next/static/chunks/204e747b034398c6.js:30
[    5138ms] [WARNING] Received change, reloading page now @ http://localhost:3000/_next/static/chunks/204e747b034398c6.js:30
[    5304ms] [WARNING] Received change, reloading page now @ http://localhost:3000/_next/static/chunks/204e747b034398c6.js:30
[    5451ms] [WARNING] Received change, reloading page now @ http://localhost:3000/_next/static/chunks/204e747b034398c6.js:30
[    5595ms] [WARNING] Received change, reloading page now @ http://localhost:3000/_next/static/chunks/204e747b034398c6.js:30
[    5739ms] [WARNING] Received change, reloading page now @ http://localhost:3000/_next/static/chunks/204e747b034398c6.js:30
[    5883ms] [WARNING] Received change, reloading page now @ http://localhost:3000/_next/static/chunks/204e747b034398c6.js:30
[    6030ms] [WARNING] Received change, reloading page now @ http://localhost:3000/_next/static/chunks/204e747b034398c6.js:30
[    6187ms] [WARNING] Received change, reloading page now @ http://localhost:3000/_next/static/chunks/204e747b034398c6.js:30
[    6331ms] [WARNING] Received change, reloading page now @ http://localhost:3000/_next/static/chunks/204e747b034398c6.js:30
[    6485ms] [WARNING] Received change, reloading page now @ http://localhost:3000/_next/static/chunks/204e747b034398c6.js:30
[    6681ms] [WARNING] Received change, reloading page now @ http://localhost:3000/_next/static/chunks/204e747b034398c6.js:30
[    6822ms] [WARNING] Received change, reloading page now @ http://localhost:3000/_next/static/chunks/204e747b034398c6.js:30
[    6967ms] [WARNING] Received change, reloading page now @ http://localhost:3000/_next/static/chunks/204e747b034398c6.js:30
[    7127ms] [WARNING] Received change, reloading page now @ http://localhost:3000/_next/static/chunks/204e747b034398c6.js:30
[    7273ms] [WARNING] Received change, reloading page now @ http://localhost:3000/_next/static/chunks/204e747b034398c6.js:30
[    7427ms] [WARNING] Received change, reloading page now @ http://localhost:3000/_next/static/chunks/204e747b034398c6.js:30
[    7572ms] [WARNING] Received change, reloading page now @ http://localhost:3000/_next/static/chunks/204e747b034398c6.js:30
[    7718ms] [WARNING] Received change, reloading page now @ http://localhost:3000/_next/static/chunks/204e747b034398c6.js:30
[    7861ms] [WARNING] Received change, reloading page now @ http://localhost:3000/_next/static/chunks/204e747b034398c6.js:30
[    8007ms] [WARNING] Received change, reloading page now @ http://localhost:3000/_next/static/chunks/204e747b034398c6.js:30
[    8154ms] [WARNING] Received change, reloading page now @ http://localhost:3000/_next/static/chunks/204e747b034398c6.js:30
[    8298ms] [WARNING] Received change, reloading page now @ http://localhost:3000/_next/static/chunks/204e747b034398c6.js:30
[    8435ms] [WARNING] Received change, reloading page now @ http://localhost:3000/_next/static/chunks/204e747b034398c6.js:30
[    8576ms] [WARNING] Received change, reloading page now @ http://localhost:3000/_next/static/chunks/204e747b034398c6.js:30
[    8714ms] [WARNING] Received change, reloading page now @ http://localhost:3000/_next/static/chunks/204e747b034398c6.js:30
[    8847ms] [WARNING] Received change, reloading page now @ http://localhost:3000/_next/static/chunks/204e747b034398c6.js:30
[    8998ms] [WARNING] Received change, reloading page now @ http://localhost:3000/_next/static/chunks/204e747b034398c6.js:30
[    9139ms] [WARNING] Received change, reloading page now @ http://localhost:3000/_next/static/chunks/204e747b034398c6.js:30
[    9279ms] [WARNING] Received change, reloading page now @ http://localhost:3000/_next/static/chunks/204e747b034398c6.js:30
[    9508ms] [WARNING] Received change, reloading page now @ http://localhost:3000/_next/static/chunks/204e747b034398c6.js:30
[    9590ms] [WARNING] Received change, reloading page now @ http://localhost:3000/_next/static/chunks/204e747b034398c6.js:30
[    9730ms] [WARNING] Received change, reloading page now @ http://localhost:3000/_next/static/chunks/204e747b034398c6.js:30
[    9882ms] [WARNING] Received change, reloading page now @ http://localhost:3000/_next/static/chunks/204e747b034398c6.js:30
[   10024ms] [WARNING] Received change, reloading page now @ http://localhost:3000/_next/static/chunks/204e747b034398c6.js:30
[   10128ms] [WARNING] Received change, reloading page now @ http://localhost:3000/_next/static/chunks/204e747b034398c6.js:30
[   10229ms] [WARNING] Received change, reloading page now @ http://localhost:3000/_next/static/chunks/204e747b034398c6.js:30
[   10338ms] [WARNING] Received change, reloading page now @ http://localhost:3000/_next/static/chunks/204e747b034398c6.js:30
[   10459ms] [WARNING] Received change, reloading page now @ http://localhost:3000/_next/static/chunks/204e747b034398c6.js:30
[   10567ms] [WARNING] Received change, reloading page now @ http://localhost:3000/_next/static/chunks/204e747b034398c6.js:30
[   10668ms] [WARNING] Received change, reloading page now @ http://localhost:3000/_next/static/chunks/204e747b034398c6.js:30
[   10773ms] [WARNING] Received change, reloading page now @ http://localhost:3000/_next/static/chunks/204e747b034398c6.js:30
[   10869ms] [WARNING] Received change, reloading page now @ http://localhost:3000/_next/static/chunks/204e747b034398c6.js:30
[   10988ms] [WARNING] Received change, reloading page now @ http://localhost:3000/_next/static/chunks/204e747b034398c6.js:30
[   11083ms] [WARNING] Received change, reloading page now @ http://localhost:3000/_next/static/chunks/204e747b034398c6.js:30
[   11273ms] [WARNING] Received change, reloading page now @ http://localhost:3000/_next/static/chunks/204e747b034398c6.js:30
[   11445ms] [WARNING] Received change, reloading page now @ http://localhost:3000/_next/static/chunks/204e747b034398c6.js:30
[   11532ms] [WARNING] Received change, reloading page now @ http://localhost:3000/_next/static/chunks/204e747b034398c6.js:30
[   11665ms] [WARNING] Received change, reloading page now @ http://localhost:3000/_next/static/chunks/204e747b034398c6.js:30
[   11764ms] [WARNING] Received change, reloading page now @ http://localhost:3000/_next/static/chunks/204e747b034398c6.js:30
[   12015ms] [WARNING] Received change, reloading page now @ http://localhost:3000/_next/static/chunks/204e747b034398c6.js:30
[   12082ms] [WARNING] Received change, reloading page now @ http://localhost:3000/_next/static/chunks/204e747b034398c6.js:30
[   12225ms] [WARNING] Received change, reloading page now @ http://localhost:3000/_next/static/chunks/204e747b034398c6.js:30
[   12323ms] [WARNING] Received change, reloading page now @ http://localhost:3000/_next/static/chunks/204e747b034398c6.js:30
[   12472ms] [WARNING] Received change, reloading page now @ http://localhost:3000/_next/static/chunks/204e747b034398c6.js:30
[   12920ms] [WARNING] Received change, reloading page now @ http://localhost:3000/_next/static/chunks/204e747b034398c6.js:30
[   13065ms] [WARNING] Received change, reloading page now @ http://localhost:3000/_next/static/chunks/204e747b034398c6.js:30
[   13225ms] [WARNING] Received change, reloading page now @ http://localhost:3000/_next/static/chunks/204e747b034398c6.js:30
[   13375ms] [WARNING] Received change, reloading page now @ http://localhost:3000/_next/static/chunks/204e747b034398c6.js:30
[   13479ms] [WARNING] Received change, reloading page now @ http://localhost:3000/_next/static/chunks/204e747b034398c6.js:30
[   13575ms] [WARNING] Received change, reloading page now @ http://localhost:3000/_next/static/chunks/204e747b034398c6.js:30
[   13706ms] [WARNING] Received change, reloading page now @ http://localhost:3000/_next/static/chunks/204e747b034398c6.js:30
[   13811ms] [WARNING] Received change, reloading page now @ http://localhost:3000/_next/static/chunks/204e747b034398c6.js:30
[   13965ms] [WARNING] Received change, reloading page now @ http://localhost:3000/_next/static/chunks/204e747b034398c6.js:30
[   14124ms] [WARNING] Received change, reloading page now @ http://localhost:3000/_next/static/chunks/204e747b034398c6.js:30
[   14272ms] [WARNING] Received change, reloading page now @ http://localhost:3000/_next/static/chunks/204e747b034398c6.js:30
[   14451ms] [WARNING] Received change, reloading page now @ http://localhost:3000/_next/static/chunks/204e747b034398c6.js:30
[   14653ms] [WARNING] Received change, reloading page now @ http://localhost:3000/_next/static/chunks/204e747b034398c6.js:30
[   14753ms] [WARNING] Received change, reloading page now @ http://localhost:3000/_next/static/chunks/204e747b034398c6.js:30
[   14953ms] [WARNING] Received change, reloading page now @ http://localhost:3000/_next/static/chunks/204e747b034398c6.js:30
[   15053ms] [WARNING] Received change, reloading page now @ http://localhost:3000/_next/static/chunks/204e747b034398c6.js:30
[   15255ms] [WARNING] Received change, reloading page now @ http://localhost:3000/_next/static/chunks/204e747b034398c6.js:30
[   15353ms] [WARNING] Received change, reloading page now @ http://localhost:3000/_next/static/chunks/204e747b034398c6.js:30
[   15494ms] [WARNING] Received change, reloading page now @ http://localhost:3000/_next/static/chunks/204e747b034398c6.js:30
[   15644ms] [WARNING] Received change, reloading page now @ http://localhost:3000/_next/static/chunks/204e747b034398c6.js:30
[   15845ms] [WARNING] Received change, reloading page now @ http://localhost:3000/_next/static/chunks/204e747b034398c6.js:30
[   15940ms] [WARNING] Received change, reloading page now @ http://localhost:3000/_next/static/chunks/204e747b034398c6.js:30
[   16080ms] [WARNING] Received change, reloading page now @ http://localhost:3000/_next/static/chunks/204e747b034398c6.js:30
[   16237ms] [WARNING] Received change, reloading page now @ http://localhost:3000/_next/static/chunks/204e747b034398c6.js:30
[   16372ms] [WARNING] Received change, reloading page now @ http://localhost:3000/_next/static/chunks/204e747b034398c6.js:30
[   16515ms] [WARNING] Received change, reloading page now @ http://localhost:3000/_next/static/chunks/204e747b034398c6.js:30
[   16705ms] [WARNING] Received change, reloading page now @ http://localhost:3000/_next/static/chunks/204e747b034398c6.js:30
[   16796ms] [WARNING] Received change, reloading page now @ http://localhost:3000/_next/static/chunks/204e747b034398c6.js:30
[   16931ms] [WARNING] Received change, reloading page now @ http://localhost:3000/_next/static/chunks/204e747b034398c6.js:30
[   17077ms] [WARNING] Received change, reloading page now @ http://localhost:3000/_next/static/chunks/204e747b034398c6.js:30
[   17217ms] [WARNING] Received change, reloading page now @ http://localhost:3000/_next/static/chunks/204e747b034398c6.js:30
[   17360ms] [WARNING] Received change, reloading page now @ http://localhost:3000/_next/static/chunks/204e747b034398c6.js:30
[   17549ms] [WARNING] Received change, reloading page now @ http://localhost:3000/_next/static/chunks/204e747b034398c6.js:30
[   17645ms] [WARNING] Received change, reloading page now @ http://localhost:3000/_next/static/chunks/204e747b034398c6.js:30
[   17847ms] [WARNING] Received change, reloading page now @ http://localhost:3000/_next/static/chunks/204e747b034398c6.js:30
[   18062ms] [WARNING] Received change, reloading page now @ http://localhost:3000/_next/static/chunks/204e747b034398c6.js:30
[   18206ms] [WARNING] Received change, reloading page now @ http://localhost:3000/_next/static/chunks/204e747b034398c6.js:30
[   18394ms] [WARNING] Received change, reloading page now @ http://localhost:3000/_next/static/chunks/204e747b034398c6.js:30
[   18484ms] [WARNING] Received change, reloading page now @ http://localhost:3000/_next/static/chunks/204e747b034398c6.js:30
[   18619ms] [WARNING] Received change, reloading page now @ http://localhost:3000/_next/static/chunks/204e747b034398c6.js:30
[   18763ms] [WARNING] Received change, reloading page now @ http://localhost:3000/_next/static/chunks/204e747b034398c6.js:30
[   18897ms] [WARNING] Received change, reloading page now @ http://localhost:3000/_next/static/chunks/204e747b034398c6.js:30
[   19040ms] [WARNING] Received change, reloading page now @ http://localhost:3000/_next/static/chunks/204e747b034398c6.js:30
[   19177ms] [WARNING] Received change, reloading page now @ http://localhost:3000/_next/static/chunks/204e747b034398c6.js:30
[   19341ms] [WARNING] Received change, reloading page now @ http://localhost:3000/_next/static/chunks/204e747b034398c6.js:30
[   19487ms] [WARNING] Received change, reloading page now @ http://localhost:3000/_next/static/chunks/204e747b034398c6.js:30
[   19640ms] [WARNING] Received change, reloading page now @ http://localhost:3000/_next/static/chunks/204e747b034398c6.js:30
[   19786ms] [WARNING] Received change, reloading page now @ http://localhost:3000/_next/static/chunks/204e747b034398c6.js:30
[   19940ms] [WARNING] Received change, reloading page now @ http://localhost:3000/_next/static/chunks/204e747b034398c6.js:30
[   20098ms] [WARNING] Received change, reloading page now @ http://localhost:3000/_next/static/chunks/204e747b034398c6.js:30
[   20195ms] [WARNING] Received change, reloading page now @ http://localhost:3000/_next/static/chunks/204e747b034398c6.js:30
[   20361ms] [WARNING] Received change, reloading page now @ http://localhost:3000/_next/static/chunks/204e747b034398c6.js:30
[   20529ms] [WARNING] Received change, reloading page now @ http://localhost:3000/_next/static/chunks/204e747b034398c6.js:30
[   20680ms] [WARNING] Received change, reloading page now @ http://localhost:3000/_next/static/chunks/204e747b034398c6.js:30
[   20817ms] [WARNING] Received change, reloading page now @ http://localhost:3000/_next/static/chunks/204e747b034398c6.js:30
[   20960ms] [WARNING] Received change, reloading page now @ http://localhost:3000/_next/static/chunks/204e747b034398c6.js:30
[   21099ms] [WARNING] Received change, reloading page now @ http://localhost:3000/_next/static/chunks/204e747b034398c6.js:30
[   21253ms] [WARNING] Received change, reloading page now @ http://localhost:3000/_next/static/chunks/204e747b034398c6.js:30
[   21436ms] [WARNING] Received change, reloading page now @ http://localhost:3000/_next/static/chunks/204e747b034398c6.js:30
[   21582ms] [WARNING] Received change, reloading page now @ http://localhost:3000/_next/static/chunks/204e747b034398c6.js:30
[   21720ms] [WARNING] Received change, reloading page now @ http://localhost:3000/_next/static/chunks/204e747b034398c6.js:30
[   21866ms] [WARNING] Received change, reloading page now @ http://localhost:3000/_next/static/chunks/204e747b034398c6.js:30
[   21999ms] [WARNING] Received change, reloading page now @ http://localhost:3000/_next/static/chunks/204e747b034398c6.js:30
[   22145ms] [WARNING] Received change, reloading page now @ http://localhost:3000/_next/static/chunks/204e747b034398c6.js:30
[   22306ms] [WARNING] Received change, reloading page now @ http://localhost:3000/_next/static/chunks/204e747b034398c6.js:30
[   22461ms] [WARNING] Received change, reloading page now @ http://localhost:3000/_next/static/chunks/204e747b034398c6.js:30
[   22598ms] [WARNING] Received change, reloading page now @ http://localhost:3000/_next/static/chunks/204e747b034398c6.js:30
[   22753ms] [WARNING] Received change, reloading page now @ http://localhost:3000/_next/static/chunks/204e747b034398c6.js:30
[   22903ms] [WARNING] Received change, reloading page now @ http://localhost:3000/_next/static/chunks/204e747b034398c6.js:30
[   23058ms] [WARNING] Received change, reloading page now @ http://localhost:3000/_next/static/chunks/204e747b034398c6.js:30
[   23202ms] [WARNING] Received change, reloading page now @ http://localhost:3000/_next/static/chunks/204e747b034398c6.js:30
[   23353ms] [WARNING] Received change, reloading page now @ http://localhost:3000/_next/static/chunks/204e747b034398c6.js:30
[   23511ms] [WARNING] Received change, reloading page now @ http://localhost:3000/_next/static/chunks/204e747b034398c6.js:30
[   23665ms] [WARNING] Received change, reloading page now @ http://localhost:3000/_next/static/chunks/204e747b034398c6.js:30
[   23819ms] [WARNING] Received change, reloading page now @ http://localhost:3000/_next/static/chunks/204e747b034398c6.js:30
[   23916ms] [WARNING] Received change, reloading page now @ http://localhost:3000/_next/static/chunks/204e747b034398c6.js:30
[   24142ms] [WARNING] Received change, reloading page now @ http://localhost:3000/_next/static/chunks/204e747b034398c6.js:30
[   24298ms] [WARNING] Received change, reloading page now @ http://localhost:3000/_next/static/chunks/204e747b034398c6.js:30
[   24434ms] [WARNING] Received change, reloading page now @ http://localhost:3000/_next/static/chunks/204e747b034398c6.js:30
[   24587ms] [WARNING] Received change, reloading page now @ http://localhost:3000/_next/static/chunks/204e747b034398c6.js:30
[   24739ms] [WARNING] Received change, reloading page now @ http://localhost:3000/_next/static/chunks/204e747b034398c6.js:30
[   24899ms] [WARNING] Received change, reloading page now @ http://localhost:3000/_next/static/chunks/204e747b034398c6.js:30
[   25035ms] [WARNING] Received change, reloading page now @ http://localhost:3000/_next/static/chunks/204e747b034398c6.js:30
[   25180ms] [WARNING] Received change, reloading page now @ http://localhost:3000/_next/static/chunks/204e747b034398c6.js:30
[   25308ms] [WARNING] Received change, reloading page now @ http://localhost:3000/_next/static/chunks/204e747b034398c6.js:30
[   25584ms] [WARNING] Received change, reloading page now @ http://localhost:3000/_next/static/chunks/204e747b034398c6.js:30
[   25666ms] [WARNING] Received change, reloading page now @ http://localhost:3000/_next/static/chunks/204e747b034398c6.js:30
[   25861ms] [WARNING] Received change, reloading page now @ http://localhost:3000/_next/static/chunks/204e747b034398c6.js:30
[   25946ms] [WARNING] Received change, reloading page now @ http://localhost:3000/_next/static/chunks/204e747b034398c6.js:30
[   26145ms] [WARNING] Received change, reloading page now @ http://localhost:3000/_next/static/chunks/204e747b034398c6.js:30
[   26233ms] [WARNING] Received change, reloading page now @ http://localhost:3000/_next/static/chunks/204e747b034398c6.js:30
[   26434ms] [WARNING] Received change, reloading page now @ http://localhost:3000/_next/static/chunks/204e747b034398c6.js:30
[   26708ms] [WARNING] Received change, reloading page now @ http://localhost:3000/_next/static/chunks/204e747b034398c6.js:30
[   26803ms] [WARNING] Received change, reloading page now @ http://localhost:3000/_next/static/chunks/204e747b034398c6.js:30
[   27003ms] [WARNING] Received change, reloading page now @ http://localhost:3000/_next/static/chunks/204e747b034398c6.js:30
[   27334ms] [WARNING] Received change, reloading page now @ http://localhost:3000/_next/static/chunks/204e747b034398c6.js:30
[   27559ms] [WARNING] Received change, reloading page now @ http://localhost:3000/_next/static/chunks/204e747b034398c6.js:30
[   27629ms] [WARNING] Received change, reloading page now @ http://localhost:3000/_next/static/chunks/204e747b034398c6.js:30
[   27915ms] [WARNING] Received change, reloading page now @ http://localhost:3000/_next/static/chunks/204e747b034398c6.js:30
[   28194ms] [WARNING] Received change, reloading page now @ http://localhost:3000/_next/static/chunks/204e747b034398c6.js:30
[   28417ms] [WARNING] Received change, reloading page now @ http://localhost:3000/_next/static/chunks/204e747b034398c6.js:30
[   28497ms] [WARNING] Received change, reloading page now @ http://localhost:3000/_next/static/chunks/204e747b034398c6.js:30
[   28719ms] [WARNING] Received change, reloading page now @ http://localhost:3000/_next/static/chunks/204e747b034398c6.js:30
[   29061ms] [WARNING] Received change, reloading page now @ http://localhost:3000/_next/static/chunks/204e747b034398c6.js:30
[   29223ms] [WARNING] Received change, reloading page now @ http://localhost:3000/_next/static/chunks/204e747b034398c6.js:30
[   29352ms] [WARNING] Received change, reloading page now @ http://localhost:3000/_next/static/chunks/204e747b034398c6.js:30
[   29635ms] [WARNING] Received change, reloading page now @ http://localhost:3000/_next/static/chunks/204e747b034398c6.js:30
[   29859ms] [WARNING] Received change, reloading page now @ http://localhost:3000/_next/static/chunks/204e747b034398c6.js:30
[   29925ms] [WARNING] Received change, reloading page now @ http://localhost:3000/_next/static/chunks/204e747b034398c6.js:30
[   30216ms] [WARNING] Received change, reloading page now @ http://localhost:3000/_next/static/chunks/204e747b034398c6.js:30
[   30444ms] [WARNING] Received change, reloading page now @ http://localhost:3000/_next/static/chunks/204e747b034398c6.js:30
[   30505ms] [WARNING] Received change, reloading page now @ http://localhost:3000/_next/static/chunks/204e747b034398c6.js:30
[   30778ms] [WARNING] Received change, reloading page now @ http://localhost:3000/_next/static/chunks/204e747b034398c6.js:30
[   31010ms] [WARNING] Received change, reloading page now @ http://localhost:3000/_next/static/chunks/204e747b034398c6.js:30
[   31109ms] [WARNING] Received change, reloading page now @ http://localhost:3000/_next/static/chunks/204e747b034398c6.js:30
[   31367ms] [WARNING] Received change, reloading page now @ http://localhost:3000/_next/static/chunks/204e747b034398c6.js:30
[   31465ms] [WARNING] Received change, reloading page now @ http://localhost:3000/_next/static/chunks/204e747b034398c6.js:30
[   31609ms] [WARNING] Received change, reloading page now @ http://localhost:3000/_next/static/chunks/204e747b034398c6.js:30
[   31755ms] [WARNING] Received change, reloading page now @ http://localhost:3000/_next/static/chunks/204e747b034398c6.js:30
[   32070ms] [WARNING] Received change, reloading page now @ http://localhost:3000/_next/static/chunks/204e747b034398c6.js:30
[   32137ms] [WARNING] Received change, reloading page now @ http://localhost:3000/_next/static/chunks/204e747b034398c6.js:30
[   32360ms] [WARNING] Received change, reloading page now @ http://localhost:3000/_next/static/chunks/204e747b034398c6.js:30
[   32437ms] [WARNING] Received change, reloading page now @ http://localhost:3000/_next/static/chunks/204e747b034398c6.js:30
[   32642ms] [WARNING] Received change, reloading page now @ http://localhost:3000/_next/static/chunks/204e747b034398c6.js:30
[   32709ms] [WARNING] Received change, reloading page now @ http://localhost:3000/_next/static/chunks/204e747b034398c6.js:30
[   32870ms] [WARNING] Received change, reloading page now @ http://localhost:3000/_next/static/chunks/204e747b034398c6.js:30
[   33009ms] [WARNING] Received change, reloading page now @ http://localhost:3000/_next/static/chunks/204e747b034398c6.js:30
[   33113ms] [WARNING] Received change, reloading page now @ http://localhost:3000/_next/static/chunks/204e747b034398c6.js:30
[   33273ms] [WARNING] Received change, reloading page now @ http://localhost:3000/_next/static/chunks/204e747b034398c6.js:30
[   33439ms] [WARNING] Received change, reloading page now @ http://localhost:3000/_next/static/chunks/204e747b034398c6.js:30
[   33583ms] [WARNING] Received change, reloading page now @ http://localhost:3000/_next/static/chunks/204e747b034398c6.js:30
[   33732ms] [WARNING] Received change, reloading page now @ http://localhost:3000/_next/static/chunks/204e747b034398c6.js:30
[   33877ms] [WARNING] Received change, reloading page now @ http://localhost:3000/_next/static/chunks/204e747b034398c6.js:30
[   33996ms] [WARNING] Received change, reloading page now @ http://localhost:3000/_next/static/chunks/204e747b034398c6.js:30
[   34206ms] [WARNING] Received change, reloading page now @ http://localhost:3000/_next/static/chunks/204e747b034398c6.js:30
[   34350ms] [WARNING] Received change, reloading page now @ http://localhost:3000/_next/static/chunks/204e747b034398c6.js:30
[   34494ms] [WARNING] Received change, reloading page now @ http://localhost:3000/_next/static/chunks/204e747b034398c6.js:30
[   34637ms] [WARNING] Received change, reloading page now @ http://localhost:3000/_next/static/chunks/204e747b034398c6.js:30
[   34853ms] [WARNING] Received change, reloading page now @ http://localhost:3000/_next/static/chunks/204e747b034398c6.js:30
[   35011ms] [WARNING] Received change, reloading page now @ http://localhost:3000/_next/static/chunks/204e747b034398c6.js:30
[   35156ms] [WARNING] Received change, reloading page now @ http://localhost:3000/_next/static/chunks/204e747b034398c6.js:30
[   35312ms] [WARNING] Received change, reloading page now @ http://localhost:3000/_next/static/chunks/204e747b034398c6.js:30
[   35466ms] [WARNING] Received change, reloading page now @ http://localhost:3000/_next/static/chunks/204e747b034398c6.js:30
[   35612ms] [WARNING] Received change, reloading page now @ http://localhost:3000/_next/static/chunks/204e747b034398c6.js:30
[   35764ms] [WARNING] Received change, reloading page now @ http://localhost:3000/_next/static/chunks/204e747b034398c6.js:30
[   35911ms] [WARNING] Received change, reloading page now @ http://localhost:3000/_next/static/chunks/204e747b034398c6.js:30
[   36047ms] [WARNING] Received change, reloading page now @ http://localhost:3000/_next/static/chunks/204e747b034398c6.js:30
[   36189ms] [WARNING] Received change, reloading page now @ http://localhost:3000/_next/static/chunks/204e747b034398c6.js:30
[   36325ms] [WARNING] Received change, reloading page now @ http://localhost:3000/_next/static/chunks/204e747b034398c6.js:30
[   36468ms] [WARNING] Received change, reloading page now @ http://localhost:3000/_next/static/chunks/204e747b034398c6.js:30
[   36619ms] [WARNING] Received change, reloading page now @ http://localhost:3000/_next/static/chunks/204e747b034398c6.js:30
[   36768ms] [WARNING] Received change, reloading page now @ http://localhost:3000/_next/static/chunks/204e747b034398c6.js:30
[   36907ms] [WARNING] Received change, reloading page now @ http://localhost:3000/_next/static/chunks/204e747b034398c6.js:30
[   37108ms] [WARNING] Received change, reloading page now @ http://localhost:3000/_next/static/chunks/204e747b034398c6.js:30
[   37263ms] [WARNING] Received change, reloading page now @ http://localhost:3000/_next/static/chunks/204e747b034398c6.js:30
[   37414ms] [WARNING] Received change, reloading page now @ http://localhost:3000/_next/static/chunks/204e747b034398c6.js:30
[   37556ms] [WARNING] Received change, reloading page now @ http://localhost:3000/_next/static/chunks/204e747b034398c6.js:30
[   37714ms] [WARNING] Received change, reloading page now @ http://localhost:3000/_next/static/chunks/204e747b034398c6.js:30
[   37856ms] [WARNING] Received change, reloading page now @ http://localhost:3000/_next/static/chunks/204e747b034398c6.js:30
[   38016ms] [WARNING] Received change, reloading page now @ http://localhost:3000/_next/static/chunks/204e747b034398c6.js:30
[   38168ms] [WARNING] Received change, reloading page now @ http://localhost:3000/_next/static/chunks/204e747b034398c6.js:30
[   38314ms] [WARNING] Received change, reloading page now @ http://localhost:3000/_next/static/chunks/204e747b034398c6.js:30
[   38470ms] [WARNING] Received change, reloading page now @ http://localhost:3000/_next/static/chunks/204e747b034398c6.js:30
[   38568ms] [WARNING] Received change, reloading page now @ http://localhost:3000/_next/static/chunks/204e747b034398c6.js:30
[   38851ms] [WARNING] Received change, reloading page now @ http://localhost:3000/_next/static/chunks/204e747b034398c6.js:30
[   39048ms] [WARNING] Received change, reloading page now @ http://localhost:3000/_next/static/chunks/204e747b034398c6.js:30
[   39206ms] [WARNING] Received change, reloading page now @ http://localhost:3000/_next/static/chunks/204e747b034398c6.js:30
[   39375ms] [WARNING] Received change, reloading page now @ http://localhost:3000/_next/static/chunks/204e747b034398c6.js:30
[   39731ms] [WARNING] Received change, reloading page now @ http://localhost:3000/_next/static/chunks/204e747b034398c6.js:30
[   39912ms] [WARNING] Received change, reloading page now @ http://localhost:3000/_next/static/chunks/204e747b034398c6.js:30
[   40007ms] [WARNING] Received change, reloading page now @ http://localhost:3000/_next/static/chunks/204e747b034398c6.js:30
[   40173ms] [WARNING] Received change, reloading page now @ http://localhost:3000/_next/static/chunks/204e747b034398c6.js:30
[   40273ms] [WARNING] Received change, reloading page now @ http://localhost:3000/_next/static/chunks/204e747b034398c6.js:30
[   40423ms] [WARNING] Received change, reloading page now @ http://localhost:3000/_next/static/chunks/204e747b034398c6.js:30
[   40524ms] [WARNING] Received change, reloading page now @ http://localhost:3000/_next/static/chunks/204e747b034398c6.js:30
[   40716ms] [WARNING] Received change, reloading page now @ http://localhost:3000/_next/static/chunks/204e747b034398c6.js:30
[  133210ms] [WARNING] Received change, reloading page now @ http://localhost:3000/_next/static/chunks/204e747b034398c6.js:30
[  133445ms] [WARNING] Received change, reloading page now @ http://localhost:3000/_next/static/chunks/204e747b034398c6.js:30
[  133545ms] [WARNING] Received change, reloading page now @ http://localhost:3000/_next/static/chunks/204e747b034398c6.js:30
[  133660ms] [WARNING] Received change, reloading page now @ http://localhost:3000/_next/static/chunks/204e747b034398c6.js:30
[  133795ms] [WARNING] Received change, reloading page now @ http://localhost:3000/_next/static/chunks/204e747b034398c6.js:30
[  134014ms] [WARNING] Received change, reloading page now @ http://localhost:3000/_next/static/chunks/204e747b034398c6.js:30
[  134089ms] [WARNING] Received change, reloading page now @ http://localhost:3000/_next/static/chunks/204e747b034398c6.js:30
[  134257ms] [WARNING] Received change, reloading page now @ http://localhost:3000/_next/static/chunks/204e747b034398c6.js:30
[  134475ms] [WARNING] Received change, reloading page now @ http://localhost:3000/_next/static/chunks/204e747b034398c6.js:30
[  134689ms] [WARNING] Received change, reloading page now @ http://localhost:3000/_next/static/chunks/204e747b034398c6.js:30
[  134839ms] [WARNING] Received change, reloading page now @ http://localhost:3000/_next/static/chunks/204e747b034398c6.js:30
[  134986ms] [WARNING] Received change, reloading page now @ http://localhost:3000/_next/static/chunks/204e747b034398c6.js:30
[  135152ms] [WARNING] Received change, reloading page now @ http://localhost:3000/_next/static/chunks/204e747b034398c6.js:30
[  135306ms] [WARNING] Received change, reloading page now @ http://localhost:3000/_next/static/chunks/204e747b034398c6.js:30
[  135449ms] [WARNING] Received change, reloading page now @ http://localhost:3000/_next/static/chunks/204e747b034398c6.js:30
[  135594ms] [WARNING] Received change, reloading page now @ http://localhost:3000/_next/static/chunks/204e747b034398c6.js:30
[  135820ms] [WARNING] Received change, reloading page now @ http://localhost:3000/_next/static/chunks/204e747b034398c6.js:30
[  144863ms] [WARNING] Received change, reloading page now @ http://localhost:3000/_next/static/chunks/204e747b034398c6.js:30
[  145102ms] [WARNING] Received change, reloading page now @ http://localhost:3000/_next/static/chunks/204e747b034398c6.js:30
[  145269ms] [WARNING] Received change, reloading page now @ http://localhost:3000/_next/static/chunks/204e747b034398c6.js:30
[  145573ms] [WARNING] Received change, reloading page now @ http://localhost:3000/_next/static/chunks/204e747b034398c6.js:30
[  145816ms] [WARNING] Received change, reloading page now @ http://localhost:3000/_next/static/chunks/204e747b034398c6.js:30
[  146069ms] [WARNING] Received change, reloading page now @ http://localhost:3000/_next/static/chunks/204e747b034398c6.js:30
[  146243ms] [WARNING] Received change, reloading page now @ http://localhost:3000/_next/static/chunks/204e747b034398c6.js:30
[  146316ms] [WARNING] Received change, reloading page now @ http://localhost:3000/_next/static/chunks/204e747b034398c6.js:30
[  146558ms] [WARNING] Received change, reloading page now @ http://localhost:3000/_next/static/chunks/204e747b034398c6.js:30
[  146881ms] [WARNING] Received change, reloading page now @ http://localhost:3000/_next/static/chunks/204e747b034398c6.js:30
[  147050ms] [WARNING] Received change, reloading page now @ http://localhost:3000/_next/static/chunks/204e747b034398c6.js:30
[  147150ms] [WARNING] Received change, reloading page now @ http://localhost:3000/_next/static/chunks/204e747b034398c6.js:30
[  147340ms] [WARNING] Received change, reloading page now @ http://localhost:3000/_next/static/chunks/204e747b034398c6.js:30
[  147459ms] [WARNING] Received change, reloading page now @ http://localhost:3000/_next/static/chunks/204e747b034398c6.js:30
[  147627ms] [WARNING] Received change, reloading page now @ http://localhost:3000/_next/static/chunks/204e747b034398c6.js:30
[  147731ms] [WARNING] Received change, reloading page now @ http://localhost:3000/_next/static/chunks/204e747b034398c6.js:30
[  147863ms] [WARNING] Received change, reloading page now @ http://localhost:3000/_next/static/chunks/204e747b034398c6.js:30
[  147963ms] [WARNING] Received change, reloading page now @ http://localhost:3000/_next/static/chunks/204e747b034398c6.js:30
[  148090ms] [WARNING] Received change, reloading page now @ http://localhost:3000/_next/static/chunks/204e747b034398c6.js:30
[  148244ms] [WARNING] Received change, reloading page now @ http://localhost:3000/_next/static/chunks/204e747b034398c6.js:30
[  148401ms] [WARNING] Received change, reloading page now @ http://localhost:3000/_next/static/chunks/204e747b034398c6.js:30
[  148515ms] [WARNING] Received change, reloading page now @ http://localhost:3000/_next/static/chunks/204e747b034398c6.js:30
[  148722ms] [WARNING] Received change, reloading page now @ http://localhost:3000/_next/static/chunks/204e747b034398c6.js:30
[  148865ms] [WARNING] Received change, reloading page now @ http://localhost:3000/_next/static/chunks/204e747b034398c6.js:30
[  149017ms] [WARNING] Received change, reloading page now @ http://localhost:3000/_next/static/chunks/204e747b034398c6.js:30
[  149224ms] [WARNING] Received change, reloading page now @ http://localhost:3000/_next/static/chunks/204e747b034398c6.js:30
[  149295ms] [WARNING] Received change, reloading page now @ http://localhost:3000/_next/static/chunks/204e747b034398c6.js:30
[  149447ms] [WARNING] Received change, reloading page now @ http://localhost:3000/_next/static/chunks/204e747b034398c6.js:30
[  149603ms] [WARNING] Received change, reloading page now @ http://localhost:3000/_next/static/chunks/204e747b034398c6.js:30
[  149739ms] [WARNING] Received change, reloading page now @ http://localhost:3000/_next/static/chunks/204e747b034398c6.js:30
[  149880ms] [WARNING] Received change, reloading page now @ http://localhost:3000/_next/static/chunks/204e747b034398c6.js:30
[  150025ms] [WARNING] Received change, reloading page now @ http://localhost:3000/_next/static/chunks/204e747b034398c6.js:30
[  150177ms] [WARNING] Received change, reloading page now @ http://localhost:3000/_next/static/chunks/204e747b034398c6.js:30
[  150323ms] [WARNING] Received change, reloading page now @ http://localhost:3000/_next/static/chunks/204e747b034398c6.js:30
[  150474ms] [WARNING] Received change, reloading page now @ http://localhost:3000/_next/static/chunks/204e747b034398c6.js:30
[  150617ms] [WARNING] Received change, reloading page now @ http://localhost:3000/_next/static/chunks/204e747b034398c6.js:30
[  150766ms] [WARNING] Received change, reloading page now @ http://localhost:3000/_next/static/chunks/204e747b034398c6.js:30
[  150912ms] [WARNING] Received change, reloading page now @ http://localhost:3000/_next/static/chunks/204e747b034398c6.js:30
[  151057ms] [WARNING] Received change, reloading page now @ http://localhost:3000/_next/static/chunks/204e747b034398c6.js:30
[  151197ms] [WARNING] Received change, reloading page now @ http://localhost:3000/_next/static/chunks/204e747b034398c6.js:30
[  151414ms] [WARNING] Received change, reloading page now @ http://localhost:3000/_next/static/chunks/204e747b034398c6.js:30
[  151498ms] [WARNING] Received change, reloading page now @ http://localhost:3000/_next/static/chunks/204e747b034398c6.js:30
[  151649ms] [WARNING] Received change, reloading page now @ http://localhost:3000/_next/static/chunks/204e747b034398c6.js:30
[  151877ms] [WARNING] Received change, reloading page now @ http://localhost:3000/_next/static/chunks/204e747b034398c6.js:30
[  151957ms] [WARNING] Received change, reloading page now @ http://localhost:3000/_next/static/chunks/204e747b034398c6.js:30
[  152092ms] [WARNING] Received change, reloading page now @ http://localhost:3000/_next/static/chunks/204e747b034398c6.js:30
[  152231ms] [WARNING] Received change, reloading page now @ http://localhost:3000/_next/static/chunks/204e747b034398c6.js:30
[  152402ms] [WARNING] Received change, reloading page now @ http://localhost:3000/_next/static/chunks/204e747b034398c6.js:30
