[      60ms] [WARNING] Received change, reloading page now @ http://localhost:3000/_next/static/chunks/204e747b034398c6.js:30
[     788ms] [WARNING] Connected to Socket.io @ http://localhost:3000/_next/static/chunks/204e747b034398c6.js:30
[     847ms] [WARNING] Received change, reloading page now @ http://localhost:3000/_next/static/chunks/204e747b034398c6.js:30
[    1005ms] [WARNING] Received change, reloading page now @ http://localhost:3000/_next/static/chunks/204e747b034398c6.js:30
[    1016ms] [WARNING] Received change, reloading page now @ http://localhost:3000/_next/static/chunks/204e747b034398c6.js:30
[    1157ms] [WARNING] Received change, reloading page now @ http://localhost:3000/_next/static/chunks/204e747b034398c6.js:30
[    1304ms] [WARNING] Received change, reloading page now @ http://localhost:3000/_next/static/chunks/204e747b034398c6.js:30
[    1495ms] [WARNING] Received change, reloading page now @ http://localhost:3000/_next/static/chunks/204e747b034398c6.js:30
[    1623ms] [WARNING] Received change, reloading page now @ http://localhost:3000/_next/static/chunks/204e747b034398c6.js:30
[    1755ms] [WARNING] Received change, reloading page now @ http://localhost:3000/_next/static/chunks/204e747b034398c6.js:30
[    1909ms] [WARNING] Received change, reloading page now @ http://localhost:3000/_next/static/chunks/204e747b034398c6.js:30
[    2209ms] [WARNING] Received change, reloading page now @ http://localhost:3000/_next/static/chunks/204e747b034398c6.js:30
[    2286ms] [WARNING] Received change, reloading page now @ http://localhost:3000/_next/static/chunks/204e747b034398c6.js:30
[    2473ms] [WARNING] Received change, reloading page now @ http://localhost:3000/_next/static/chunks/204e747b034398c6.js:30
[    2616ms] [WARNING] Received change, reloading page now @ http://localhost:3000/_next/static/chunks/204e747b034398c6.js:30
[    2986ms] [WARNING] Received change, reloading page now @ http://localhost:3000/_next/static/chunks/204e747b034398c6.js:30
[    3135ms] [WARNING] Received change, reloading page now @ http://localhost:3000/_next/static/chunks/204e747b034398c6.js:30
[    3301ms] [WARNING] Received change, reloading page now @ http://localhost:3000/_next/static/chunks/204e747b034398c6.js:30
[    3400ms] [WARNING] Received change, reloading page now @ http://localhost:3000/_next/static/chunks/204e747b034398c6.js:30
[    3641ms] [WARNING] Received change, reloading page now @ http://localhost:3000/_next/static/chunks/204e747b034398c6.js:30
[    3716ms] [WARNING] Received change, reloading page now @ http://localhost:3000/_next/static/chunks/204e747b034398c6.js:30
[    3856ms] [WARNING] Received change, reloading page now @ http://localhost:3000/_next/static/chunks/204e747b034398c6.js:30
[    3954ms] [WARNING] Received change, reloading page now @ http://localhost:3000/_next/static/chunks/204e747b034398c6.js:30
[    4130ms] [WARNING] Received change, reloading page now @ http://localhost:3000/_next/static/chunks/204e747b034398c6.js:30
[    4307ms] [WARNING] Received change, reloading page now @ http://localhost:3000/_next/static/chunks/204e747b034398c6.js:30
[    4420ms] [WARNING] Received change, reloading page now @ http://localhost:3000/_next/static/chunks/204e747b034398c6.js:30
[    4572ms] [WARNING] Received change, reloading page now @ http://localhost:3000/_next/static/chunks/204e747b034398c6.js:30
[    4691ms] [WARNING] Received change, reloading page now @ http://localhost:3000/_next/static/chunks/204e747b034398c6.js:30
[    4887ms] [WARNING] Received change, reloading page now @ http://localhost:3000/_next/static/chunks/204e747b034398c6.js:30
[    4985ms] [WARNING] Received change, reloading page now @ http://localhost:3000/_next/static/chunks/204e747b034398c6.js:30
[    5144ms] [WARNING] Received change, reloading page now @ http://localhost:3000/_next/static/chunks/204e747b034398c6.js:30
[    5292ms] [WARNING] Received change, reloading page now @ http://localhost:3000/_next/static/chunks/204e747b034398c6.js:30
[    5426ms] [WARNING] Received change, reloading page now @ http://localhost:3000/_next/static/chunks/204e747b034398c6.js:30
[    5545ms] [WARNING] Received change, reloading page now @ http://localhost:3000/_next/static/chunks/204e747b034398c6.js:30
[    5666ms] [WARNING] Received change, reloading page now @ http://localhost:3000/_next/static/chunks/204e747b034398c6.js:30
[    5797ms] [WARNING] Received change, reloading page now @ http://localhost:3000/_next/static/chunks/204e747b034398c6.js:30
[    5926ms] [WARNING] Received change, reloading page now @ http://localhost:3000/_next/static/chunks/204e747b034398c6.js:30
[    6054ms] [WARNING] Received change, reloading page now @ http://localhost:3000/_next/static/chunks/204e747b034398c6.js:30
[    6217ms] [WARNING] Received change, reloading page now @ http://localhost:3000/_next/static/chunks/204e747b034398c6.js:30
[    6366ms] [WARNING] Received change, reloading page now @ http://localhost:3000/_next/static/chunks/204e747b034398c6.js:30
[    6484ms] [WARNING] Received change, reloading page now @ http://localhost:3000/_next/static/chunks/204e747b034398c6.js:30
[    6605ms] [WARNING] Received change, reloading page now @ http://localhost:3000/_next/static/chunks/204e747b034398c6.js:30
[    6732ms] [WARNING] Received change, reloading page now @ http://localhost:3000/_next/static/chunks/204e747b034398c6.js:30
[    6894ms] [WARNING] Received change, reloading page now @ http://localhost:3000/_next/static/chunks/204e747b034398c6.js:30
[    7022ms] [WARNING] Received change, reloading page now @ http://localhost:3000/_next/static/chunks/204e747b034398c6.js:30
[    7152ms] [WARNING] Received change, reloading page now @ http://localhost:3000/_next/static/chunks/204e747b034398c6.js:30
[    7276ms] [WARNING] Received change, reloading page now @ http://localhost:3000/_next/static/chunks/204e747b034398c6.js:30
[    7397ms] [WARNING] Received change, reloading page now @ http://localhost:3000/_next/static/chunks/204e747b034398c6.js:30
[    7514ms] [WARNING] Received change, reloading page now @ http://localhost:3000/_next/static/chunks/204e747b034398c6.js:30
[    7654ms] [WARNING] Received change, reloading page now @ http://localhost:3000/_next/static/chunks/204e747b034398c6.js:30
[    7785ms] [WARNING] Received change, reloading page now @ http://localhost:3000/_next/static/chunks/204e747b034398c6.js:30
[    7937ms] [WARNING] Received change, reloading page now @ http://localhost:3000/_next/static/chunks/204e747b034398c6.js:30
[    8290ms] [WARNING] Received change, reloading page now @ http://localhost:3000/_next/static/chunks/204e747b034398c6.js:30
[    8433ms] [WARNING] Received change, reloading page now @ http://localhost:3000/_next/static/chunks/204e747b034398c6.js:30
[    8593ms] [WARNING] Received change, reloading page now @ http://localhost:3000/_next/static/chunks/204e747b034398c6.js:30
[    8726ms] [WARNING] Received change, reloading page now @ http://localhost:3000/_next/static/chunks/204e747b034398c6.js:30
[    8862ms] [WARNING] Received change, reloading page now @ http://localhost:3000/_next/static/chunks/204e747b034398c6.js:30
[    8991ms] [WARNING] Received change, reloading page now @ http://localhost:3000/_next/static/chunks/204e747b034398c6.js:30
[    9120ms] [WARNING] Received change, reloading page now @ http://localhost:3000/_next/static/chunks/204e747b034398c6.js:30
[    9252ms] [WARNING] Received change, reloading page now @ http://localhost:3000/_next/static/chunks/204e747b034398c6.js:30
[    9407ms] [WARNING] Received change, reloading page now @ http://localhost:3000/_next/static/chunks/204e747b034398c6.js:30
[    9533ms] [WARNING] Received change, reloading page now @ http://localhost:3000/_next/static/chunks/204e747b034398c6.js:30
[    9668ms] [WARNING] Received change, reloading page now @ http://localhost:3000/_next/static/chunks/204e747b034398c6.js:30
[    9806ms] [WARNING] Received change, reloading page now @ http://localhost:3000/_next/static/chunks/204e747b034398c6.js:30
[    9927ms] [WARNING] Received change, reloading page now @ http://localhost:3000/_next/static/chunks/204e747b034398c6.js:30
[   10031ms] [WARNING] Received change, reloading page now @ http://localhost:3000/_next/static/chunks/204e747b034398c6.js:30
[   10172ms] [WARNING] Received change, reloading page now @ http://localhost:3000/_next/static/chunks/204e747b034398c6.js:30
[   10364ms] [WARNING] Received change, reloading page now @ http://localhost:3000/_next/static/chunks/204e747b034398c6.js:30
[   10498ms] [WARNING] Received change, reloading page now @ http://localhost:3000/_next/static/chunks/204e747b034398c6.js:30
[   10619ms] [WARNING] Received change, reloading page now @ http://localhost:3000/_next/static/chunks/204e747b034398c6.js:30
[   10772ms] [WARNING] Received change, reloading page now @ http://localhost:3000/_next/static/chunks/204e747b034398c6.js:30
[   10922ms] [WARNING] Received change, reloading page now @ http://localhost:3000/_next/static/chunks/204e747b034398c6.js:30
[   11048ms] [WARNING] Received change, reloading page now @ http://localhost:3000/_next/static/chunks/204e747b034398c6.js:30
[   11166ms] [WARNING] Received change, reloading page now @ http://localhost:3000/_next/static/chunks/204e747b034398c6.js:30
[   11390ms] [WARNING] Received change, reloading page now @ http://localhost:3000/_next/static/chunks/204e747b034398c6.js:30
[   93475ms] [ERROR] Failed to load resource: net::ERR_CONNECTION_REFUSED @ http://localhost:3000/socket.io/?EIO=4&transport=polling&t=Pxk7vhi:0
[   96220ms] [ERROR] Failed to load resource: net::ERR_CONNECTION_REFUSED @ http://localhost:3000/socket.io/?EIO=4&transport=polling&t=Pxk7wMe:0
[  101223ms] [ERROR] Failed to load resource: net::ERR_CONNECTION_REFUSED @ http://localhost:3000/socket.io/?EIO=4&transport=polling&t=Pxk7xao:0
[  106683ms] [WARNING] Connected to Socket.io @ http://localhost:3000/_next/static/chunks/204e747b034398c6.js:30
[  106763ms] [WARNING] Received change, reloading page now @ http://localhost:3000/_next/static/chunks/204e747b034398c6.js:30
[  106935ms] [WARNING] Received change, reloading page now @ http://localhost:3000/_next/static/chunks/204e747b034398c6.js:30
[  107086ms] [WARNING] Received change, reloading page now @ http://localhost:3000/_next/static/chunks/204e747b034398c6.js:30
[  107235ms] [WARNING] Received change, reloading page now @ http://localhost:3000/_next/static/chunks/204e747b034398c6.js:30
[  107383ms] [WARNING] Received change, reloading page now @ http://localhost:3000/_next/static/chunks/204e747b034398c6.js:30
[  107488ms] [WARNING] Received change, reloading page now @ http://localhost:3000/_next/static/chunks/204e747b034398c6.js:30
[  107619ms] [WARNING] Received change, reloading page now @ http://localhost:3000/_next/static/chunks/204e747b034398c6.js:30
[  107735ms] [WARNING] Received change, reloading page now @ http://localhost:3000/_next/static/chunks/204e747b034398c6.js:30
[  107860ms] [WARNING] Received change, reloading page now @ http://localhost:3000/_next/static/chunks/204e747b034398c6.js:30
[  107999ms] [WARNING] Received change, reloading page now @ http://localhost:3000/_next/static/chunks/204e747b034398c6.js:30
[  108245ms] [WARNING] Received change, reloading page now @ http://localhost:3000/_next/static/chunks/204e747b034398c6.js:30
[  108448ms] [WARNING] Received change, reloading page now @ http://localhost:3000/_next/static/chunks/204e747b034398c6.js:30
[  108514ms] [WARNING] Received change, reloading page now @ http://localhost:3000/_next/static/chunks/204e747b034398c6.js:30
[  108673ms] [WARNING] Received change, reloading page now @ http://localhost:3000/_next/static/chunks/204e747b034398c6.js:30
[  108870ms] [WARNING] Received change, reloading page now @ http://localhost:3000/_next/static/chunks/204e747b034398c6.js:30
[  109017ms] [WARNING] Received change, reloading page now @ http://localhost:3000/_next/static/chunks/204e747b034398c6.js:30
[  109162ms] [WARNING] Received change, reloading page now @ http://localhost:3000/_next/static/chunks/204e747b034398c6.js:30
[  109372ms] [WARNING] Received change, reloading page now @ http://localhost:3000/_next/static/chunks/204e747b034398c6.js:30
[  109533ms] [WARNING] Received change, reloading page now @ http://localhost:3000/_next/static/chunks/204e747b034398c6.js:30
[  109660ms] [WARNING] Received change, reloading page now @ http://localhost:3000/_next/static/chunks/204e747b034398c6.js:30
[  109819ms] [WARNING] Received change, reloading page now @ http://localhost:3000/_next/static/chunks/204e747b034398c6.js:30
[  110017ms] [WARNING] Received change, reloading page now @ http://localhost:3000/_next/static/chunks/204e747b034398c6.js:30
[  110119ms] [WARNING] Received change, reloading page now @ http://localhost:3000/_next/static/chunks/204e747b034398c6.js:30
[  110274ms] [WARNING] Received change, reloading page now @ http://localhost:3000/_next/static/chunks/204e747b034398c6.js:30
[  110425ms] [WARNING] Received change, reloading page now @ http://localhost:3000/_next/static/chunks/204e747b034398c6.js:30
[  110525ms] [WARNING] Received change, reloading page now @ http://localhost:3000/_next/static/chunks/204e747b034398c6.js:30
[  110703ms] [WARNING] Received change, reloading page now @ http://localhost:3000/_next/static/chunks/204e747b034398c6.js:30
[  110774ms] [WARNING] Received change, reloading page now @ http://localhost:3000/_next/static/chunks/204e747b034398c6.js:30
[  110902ms] [WARNING] Received change, reloading page now @ http://localhost:3000/_next/static/chunks/204e747b034398c6.js:30
[  111043ms] [WARNING] Received change, reloading page now @ http://localhost:3000/_next/static/chunks/204e747b034398c6.js:30
[  111184ms] [WARNING] Received change, reloading page now @ http://localhost:3000/_next/static/chunks/204e747b034398c6.js:30
[  111332ms] [WARNING] Received change, reloading page now @ http://localhost:3000/_next/static/chunks/204e747b034398c6.js:30
[  111494ms] [WARNING] Received change, reloading page now @ http://localhost:3000/_next/static/chunks/204e747b034398c6.js:30
[  111628ms] [WARNING] Received change, reloading page now @ http://localhost:3000/_next/static/chunks/204e747b034398c6.js:30
[  111761ms] [WARNING] Received change, reloading page now @ http://localhost:3000/_next/static/chunks/204e747b034398c6.js:30
[  111913ms] [WARNING] Received change, reloading page now @ http://localhost:3000/_next/static/chunks/204e747b034398c6.js:30
[  112044ms] [WARNING] Received change, reloading page now @ http://localhost:3000/_next/static/chunks/204e747b034398c6.js:30
[  112182ms] [WARNING] Received change, reloading page now @ http://localhost:3000/_next/static/chunks/204e747b034398c6.js:30
[  112330ms] [WARNING] Received change, reloading page now @ http://localhost:3000/_next/static/chunks/204e747b034398c6.js:30
[  112459ms] [WARNING] Received change, reloading page now @ http://localhost:3000/_next/static/chunks/204e747b034398c6.js:30
[  112589ms] [WARNING] Received change, reloading page now @ http://localhost:3000/_next/static/chunks/204e747b034398c6.js:30
[  112791ms] [WARNING] Received change, reloading page now @ http://localhost:3000/_next/static/chunks/204e747b034398c6.js:30
[  112866ms] [WARNING] Received change, reloading page now @ http://localhost:3000/_next/static/chunks/204e747b034398c6.js:30
[  112998ms] [WARNING] Received change, reloading page now @ http://localhost:3000/_next/static/chunks/204e747b034398c6.js:30
[  113201ms] [WARNING] Received change, reloading page now @ http://localhost:3000/_next/static/chunks/204e747b034398c6.js:30
[  113279ms] [WARNING] Received change, reloading page now @ http://localhost:3000/_next/static/chunks/204e747b034398c6.js:30
[  113421ms] [WARNING] Received change, reloading page now @ http://localhost:3000/_next/static/chunks/204e747b034398c6.js:30
[  113653ms] [WARNING] Received change, reloading page now @ http://localhost:3000/_next/static/chunks/204e747b034398c6.js:30
[  113731ms] [WARNING] Received change, reloading page now @ http://localhost:3000/_next/static/chunks/204e747b034398c6.js:30
[  113864ms] [WARNING] Received change, reloading page now @ http://localhost:3000/_next/static/chunks/204e747b034398c6.js:30
[  114014ms] [WARNING] Received change, reloading page now @ http://localhost:3000/_next/static/chunks/204e747b034398c6.js:30
[  114152ms] [WARNING] Received change, reloading page now @ http://localhost:3000/_next/static/chunks/204e747b034398c6.js:30
[  114285ms] [WARNING] Received change, reloading page now @ http://localhost:3000/_next/static/chunks/204e747b034398c6.js:30
[  114431ms] [WARNING] Received change, reloading page now @ http://localhost:3000/_next/static/chunks/204e747b034398c6.js:30
[  114561ms] [WARNING] Received change, reloading page now @ http://localhost:3000/_next/static/chunks/204e747b034398c6.js:30
[  114697ms] [WARNING] Received change, reloading page now @ http://localhost:3000/_next/static/chunks/204e747b034398c6.js:30
[  114842ms] [WARNING] Received change, reloading page now @ http://localhost:3000/_next/static/chunks/204e747b034398c6.js:30
[  114973ms] [WARNING] Received change, reloading page now @ http://localhost:3000/_next/static/chunks/204e747b034398c6.js:30
[  115157ms] [WARNING] Received change, reloading page now @ http://localhost:3000/_next/static/chunks/204e747b034398c6.js:30
[  115357ms] [WARNING] Received change, reloading page now @ http://localhost:3000/_next/static/chunks/204e747b034398c6.js:30
[  115423ms] [WARNING] Received change, reloading page now @ http://localhost:3000/_next/static/chunks/204e747b034398c6.js:30
[  115558ms] [WARNING] Received change, reloading page now @ http://localhost:3000/_next/static/chunks/204e747b034398c6.js:30
[  115669ms] [WARNING] Received change, reloading page now @ http://localhost:3000/_next/static/chunks/204e747b034398c6.js:30
[  115807ms] [WARNING] Received change, reloading page now @ http://localhost:3000/_next/static/chunks/204e747b034398c6.js:30
[  116006ms] [WARNING] Received change, reloading page now @ http://localhost:3000/_next/static/chunks/204e747b034398c6.js:30
[  116216ms] [WARNING] Received change, reloading page now @ http://localhost:3000/_next/static/chunks/204e747b034398c6.js:30
[  116281ms] [WARNING] Received change, reloading page now @ http://localhost:3000/_next/static/chunks/204e747b034398c6.js:30
[  116420ms] [WARNING] Received change, reloading page now @ http://localhost:3000/_next/static/chunks/204e747b034398c6.js:30
[  116620ms] [WARNING] Received change, reloading page now @ http://localhost:3000/_next/static/chunks/204e747b034398c6.js:30
[  116763ms] [WARNING] Received change, reloading page now @ http://localhost:3000/_next/static/chunks/204e747b034398c6.js:30
[  116888ms] [WARNING] Received change, reloading page now @ http://localhost:3000/_next/static/chunks/204e747b034398c6.js:30
[  117024ms] [WARNING] Received change, reloading page now @ http://localhost:3000/_next/static/chunks/204e747b034398c6.js:30
[  117227ms] [WARNING] Received change, reloading page now @ http://localhost:3000/_next/static/chunks/204e747b034398c6.js:30
[  117292ms] [WARNING] Received change, reloading page now @ http://localhost:3000/_next/static/chunks/204e747b034398c6.js:30
[  117428ms] [WARNING] Received change, reloading page now @ http://localhost:3000/_next/static/chunks/204e747b034398c6.js:30
[  117627ms] [WARNING] Received change, reloading page now @ http://localhost:3000/_next/static/chunks/204e747b034398c6.js:30
[  117726ms] [WARNING] Received change, reloading page now @ http://localhost:3000/_next/static/chunks/204e747b034398c6.js:30
[  117932ms] [WARNING] Received change, reloading page now @ http://localhost:3000/_next/static/chunks/204e747b034398c6.js:30
[  118117ms] [WARNING] Received change, reloading page now @ http://localhost:3000/_next/static/chunks/204e747b034398c6.js:30
[  118266ms] [WARNING] Received change, reloading page now @ http://localhost:3000/_next/static/chunks/204e747b034398c6.js:30
[  118493ms] [WARNING] Received change, reloading page now @ http://localhost:3000/_next/static/chunks/204e747b034398c6.js:30
[  118584ms] [WARNING] Received change, reloading page now @ http://localhost:3000/_next/static/chunks/204e747b034398c6.js:30
[  118890ms] [WARNING] Received change, reloading page now @ http://localhost:3000/_next/static/chunks/204e747b034398c6.js:30
[  119057ms] [WARNING] Received change, reloading page now @ http://localhost:3000/_next/static/chunks/204e747b034398c6.js:30
[  119488ms] [WARNING] Received change, reloading page now @ http://localhost:3000/_next/static/chunks/204e747b034398c6.js:30
[  119909ms] [WARNING] Received change, reloading page now @ http://localhost:3000/_next/static/chunks/204e747b034398c6.js:30
[  120050ms] [WARNING] Received change, reloading page now @ http://localhost:3000/_next/static/chunks/204e747b034398c6.js:30
[  120199ms] [WARNING] Received change, reloading page now @ http://localhost:3000/_next/static/chunks/204e747b034398c6.js:30
[  120416ms] [WARNING] Received change, reloading page now @ http://localhost:3000/_next/static/chunks/204e747b034398c6.js:30
[  120499ms] [WARNING] Received change, reloading page now @ http://localhost:3000/_next/static/chunks/204e747b034398c6.js:30
[  120632ms] [WARNING] Received change, reloading page now @ http://localhost:3000/_next/static/chunks/204e747b034398c6.js:30
[  120837ms] [WARNING] Received change, reloading page now @ http://localhost:3000/_next/static/chunks/204e747b034398c6.js:30
[  120913ms] [WARNING] Received change, reloading page now @ http://localhost:3000/_next/static/chunks/204e747b034398c6.js:30
[  121053ms] [WARNING] Received change, reloading page now @ http://localhost:3000/_next/static/chunks/204e747b034398c6.js:30
[  121204ms] [WARNING] Received change, reloading page now @ http://localhost:3000/_next/static/chunks/204e747b034398c6.js:30
[  121334ms] [WARNING] Received change, reloading page now @ http://localhost:3000/_next/static/chunks/204e747b034398c6.js:30
[  121471ms] [WARNING] Received change, reloading page now @ http://localhost:3000/_next/static/chunks/204e747b034398c6.js:30
[  121618ms] [WARNING] Received change, reloading page now @ http://localhost:3000/_next/static/chunks/204e747b034398c6.js:30
[  121750ms] [WARNING] Received change, reloading page now @ http://localhost:3000/_next/static/chunks/204e747b034398c6.js:30
[  121894ms] [WARNING] Received change, reloading page now @ http://localhost:3000/_next/static/chunks/204e747b034398c6.js:30
[  122041ms] [WARNING] Received change, reloading page now @ http://localhost:3000/_next/static/chunks/204e747b034398c6.js:30
[  122225ms] [WARNING] Received change, reloading page now @ http://localhost:3000/_next/static/chunks/204e747b034398c6.js:30
[  122350ms] [WARNING] Received change, reloading page now @ http://localhost:3000/_next/static/chunks/204e747b034398c6.js:30
[  122495ms] [WARNING] Received change, reloading page now @ http://localhost:3000/_next/static/chunks/204e747b034398c6.js:30
[  122645ms] [WARNING] Received change, reloading page now @ http://localhost:3000/_next/static/chunks/204e747b034398c6.js:30
[  122852ms] [WARNING] Received change, reloading page now @ http://localhost:3000/_next/static/chunks/204e747b034398c6.js:30
[  122961ms] [WARNING] Received change, reloading page now @ http://localhost:3000/_next/static/chunks/204e747b034398c6.js:30
[  123100ms] [WARNING] Received change, reloading page now @ http://localhost:3000/_next/static/chunks/204e747b034398c6.js:30
[  123319ms] [WARNING] Received change, reloading page now @ http://localhost:3000/_next/static/chunks/204e747b034398c6.js:30
[  123540ms] [WARNING] Received change, reloading page now @ http://localhost:3000/_next/static/chunks/204e747b034398c6.js:30
[  123630ms] [WARNING] Received change, reloading page now @ http://localhost:3000/_next/static/chunks/204e747b034398c6.js:30
[  123850ms] [WARNING] Received change, reloading page now @ http://localhost:3000/_next/static/chunks/204e747b034398c6.js:30
[  124034ms] [WARNING] Received change, reloading page now @ http://localhost:3000/_next/static/chunks/204e747b034398c6.js:30
[  223736ms] [WARNING] Received change, reloading page now @ http://localhost:3000/_next/static/chunks/204e747b034398c6.js:30
[  224098ms] [WARNING] Received change, reloading page now @ http://localhost:3000/_next/static/chunks/204e747b034398c6.js:30
[  224111ms] [WARNING] Received change, reloading page now @ http://localhost:3000/_next/static/chunks/204e747b034398c6.js:30
[  224269ms] [WARNING] Received change, reloading page now @ http://localhost:3000/_next/static/chunks/204e747b034398c6.js:30
[  224335ms] [WARNING] Received change, reloading page now @ http://localhost:3000/_next/static/chunks/204e747b034398c6.js:30
[  224554ms] [WARNING] Received change, reloading page now @ http://localhost:3000/_next/static/chunks/204e747b034398c6.js:30
[  224789ms] [WARNING] Received change, reloading page now @ http://localhost:3000/_next/static/chunks/204e747b034398c6.js:30
[  224948ms] [WARNING] Received change, reloading page now @ http://localhost:3000/_next/static/chunks/204e747b034398c6.js:30
[  225048ms] [WARNING] Received change, reloading page now @ http://localhost:3000/_next/static/chunks/204e747b034398c6.js:30
[  225313ms] [WARNING] Received change, reloading page now @ http://localhost:3000/_next/static/chunks/204e747b034398c6.js:30
[  225384ms] [WARNING] Received change, reloading page now @ http://localhost:3000/_next/static/chunks/204e747b034398c6.js:30
[  225627ms] [WARNING] Received change, reloading page now @ http://localhost:3000/_next/static/chunks/204e747b034398c6.js:30
[  225727ms] [WARNING] Received change, reloading page now @ http://localhost:3000/_next/static/chunks/204e747b034398c6.js:30
[  225863ms] [WARNING] Received change, reloading page now @ http://localhost:3000/_next/static/chunks/204e747b034398c6.js:30
[  226039ms] [WARNING] Received change, reloading page now @ http://localhost:3000/_next/static/chunks/204e747b034398c6.js:30
[  226109ms] [WARNING] Received change, reloading page now @ http://localhost:3000/_next/static/chunks/204e747b034398c6.js:30
[  226279ms] [WARNING] Received change, reloading page now @ http://localhost:3000/_next/static/chunks/204e747b034398c6.js:30
[  226566ms] [WARNING] Received change, reloading page now @ http://localhost:3000/_next/static/chunks/204e747b034398c6.js:30
[  226724ms] [WARNING] Received change, reloading page now @ http://localhost:3000/_next/static/chunks/204e747b034398c6.js:30
[  226823ms] [WARNING] Received change, reloading page now @ http://localhost:3000/_next/static/chunks/204e747b034398c6.js:30
[  227052ms] [WARNING] Received change, reloading page now @ http://localhost:3000/_next/static/chunks/204e747b034398c6.js:30
[  227242ms] [WARNING] Received change, reloading page now @ http://localhost:3000/_next/static/chunks/204e747b034398c6.js:30
[  227318ms] [WARNING] Received change, reloading page now @ http://localhost:3000/_next/static/chunks/204e747b034398c6.js:30
[  227585ms] [WARNING] Received change, reloading page now @ http://localhost:3000/_next/static/chunks/204e747b034398c6.js:30
[  227683ms] [WARNING] Received change, reloading page now @ http://localhost:3000/_next/static/chunks/204e747b034398c6.js:30
[  227930ms] [WARNING] Received change, reloading page now @ http://localhost:3000/_next/static/chunks/204e747b034398c6.js:30
[  293739ms] [WARNING] Received change, reloading page now @ http://localhost:3000/_next/static/chunks/204e747b034398c6.js:30
[  294019ms] [WARNING] Received change, reloading page now @ http://localhost:3000/_next/static/chunks/204e747b034398c6.js:30
[  294236ms] [WARNING] Received change, reloading page now @ http://localhost:3000/_next/static/chunks/204e747b034398c6.js:30
[  294435ms] [WARNING] Received change, reloading page now @ http://localhost:3000/_next/static/chunks/204e747b034398c6.js:30
[  294592ms] [WARNING] Received change, reloading page now @ http://localhost:3000/_next/static/chunks/204e747b034398c6.js:30
[  294767ms] [WARNING] Received change, reloading page now @ http://localhost:3000/_next/static/chunks/204e747b034398c6.js:30
[  294955ms] [WARNING] Received change, reloading page now @ http://localhost:3000/_next/static/chunks/204e747b034398c6.js:30
[  295197ms] [WARNING] Received change, reloading page now @ http://localhost:3000/_next/static/chunks/204e747b034398c6.js:30
[  295402ms] [WARNING] Received change, reloading page now @ http://localhost:3000/_next/static/chunks/204e747b034398c6.js:30
[  295630ms] [WARNING] Received change, reloading page now @ http://localhost:3000/_next/static/chunks/204e747b034398c6.js:30
[  295807ms] [WARNING] Received change, reloading page now @ http://localhost:3000/_next/static/chunks/204e747b034398c6.js:30
[  295914ms] [WARNING] Received change, reloading page now @ http://localhost:3000/_next/static/chunks/204e747b034398c6.js:30
[  296032ms] [WARNING] Received change, reloading page now @ http://localhost:3000/_next/static/chunks/204e747b034398c6.js:30
[  296391ms] [WARNING] Received change, reloading page now @ http://localhost:3000/_next/static/chunks/204e747b034398c6.js:30
[  296512ms] [WARNING] Received change, reloading page now @ http://localhost:3000/_next/static/chunks/204e747b034398c6.js:30
[  296622ms] [WARNING] Received change, reloading page now @ http://localhost:3000/_next/static/chunks/204e747b034398c6.js:30
[  296724ms] [WARNING] Received change, reloading page now @ http://localhost:3000/_next/static/chunks/204e747b034398c6.js:30
[  296857ms] [WARNING] Received change, reloading page now @ http://localhost:3000/_next/static/chunks/204e747b034398c6.js:30
[  297045ms] [WARNING] Received change, reloading page now @ http://localhost:3000/_next/static/chunks/204e747b034398c6.js:30
[  297231ms] [WARNING] Received change, reloading page now @ http://localhost:3000/_next/static/chunks/204e747b034398c6.js:30
[  297349ms] [WARNING] Received change, reloading page now @ http://localhost:3000/_next/static/chunks/204e747b034398c6.js:30
[  297661ms] [WARNING] Received change, reloading page now @ http://localhost:3000/_next/static/chunks/204e747b034398c6.js:30
[  298266ms] [WARNING] Received change, reloading page now @ http://localhost:3000/_next/static/chunks/204e747b034398c6.js:30
[  298431ms] [WARNING] Received change, reloading page now @ http://localhost:3000/_next/static/chunks/204e747b034398c6.js:30
[  298639ms] [WARNING] Received change, reloading page now @ http://localhost:3000/_next/static/chunks/204e747b034398c6.js:30
[  298859ms] [WARNING] Received change, reloading page now @ http://localhost:3000/_next/static/chunks/204e747b034398c6.js:30
[  299039ms] [WARNING] Received change, reloading page now @ http://localhost:3000/_next/static/chunks/204e747b034398c6.js:30
[  299136ms] [WARNING] Received change, reloading page now @ http://localhost:3000/_next/static/chunks/204e747b034398c6.js:30
[  299247ms] [WARNING] Received change, reloading page now @ http://localhost:3000/_next/static/chunks/204e747b034398c6.js:30
[  299439ms] [WARNING] Received change, reloading page now @ http://localhost:3000/_next/static/chunks/204e747b034398c6.js:30
[  299794ms] [WARNING] Received change, reloading page now @ http://localhost:3000/_next/static/chunks/204e747b034398c6.js:30
[ 1041417ms] [WARNING] Received change, reloading page now @ http://localhost:3000/_next/static/chunks/204e747b034398c6.js:30
[ 1041781ms] [WARNING] Received change, reloading page now @ http://localhost:3000/_next/static/chunks/204e747b034398c6.js:30
[ 1041945ms] [WARNING] Received change, reloading page now @ http://localhost:3000/_next/static/chunks/204e747b034398c6.js:30
[ 1042169ms] [WARNING] Received change, reloading page now @ http://localhost:3000/_next/static/chunks/204e747b034398c6.js:30
[ 1042440ms] [WARNING] Received change, reloading page now @ http://localhost:3000/_next/static/chunks/204e747b034398c6.js:30
[ 1042662ms] [WARNING] Received change, reloading page now @ http://localhost:3000/_next/static/chunks/204e747b034398c6.js:30
[ 1042815ms] [WARNING] Received change, reloading page now @ http://localhost:3000/_next/static/chunks/204e747b034398c6.js:30
[ 1043019ms] [WARNING] Received change, reloading page now @ http://localhost:3000/_next/static/chunks/204e747b034398c6.js:30
[ 1043082ms] [WARNING] Received change, reloading page now @ http://localhost:3000/_next/static/chunks/204e747b034398c6.js:30
[ 1043228ms] [WARNING] Received change, reloading page now @ http://localhost:3000/_next/static/chunks/204e747b034398c6.js:30
[ 1043495ms] [WARNING] Received change, reloading page now @ http://localhost:3000/_next/static/chunks/204e747b034398c6.js:30
[ 1043646ms] [WARNING] Received change, reloading page now @ http://localhost:3000/_next/static/chunks/204e747b034398c6.js:30
[ 1043910ms] [WARNING] Received change, reloading page now @ http://localhost:3000/_next/static/chunks/204e747b034398c6.js:30
