[     139ms] [WARNING] Received change, reloading page now @ http://localhost:3000/_next/static/chunks/204e747b034398c6.js:30
[     642ms] [WARNING] Connected to Socket.io @ http://localhost:3000/_next/static/chunks/204e747b034398c6.js:30
[     659ms] [ERROR] Failed to load resource: the server responded with a status of 403 () @ https://d3gk2c5xim1je2.cloudfront.net/lucide/v1.16.0/file-bar-chart.svg:0
[     791ms] [WARNING] Received change, reloading page now @ http://localhost:3000/_next/static/chunks/204e747b034398c6.js:30
[     799ms] [WARNING] Received change, reloading page now @ http://localhost:3000/_next/static/chunks/204e747b034398c6.js:30
[     915ms] [WARNING] Received change, reloading page now @ http://localhost:3000/_next/static/chunks/204e747b034398c6.js:30
[    1036ms] [WARNING] Received change, reloading page now @ http://localhost:3000/_next/static/chunks/204e747b034398c6.js:30
[    1141ms] [WARNING] Received change, reloading page now @ http://localhost:3000/_next/static/chunks/204e747b034398c6.js:30
[    1264ms] [WARNING] Received change, reloading page now @ http://localhost:3000/_next/static/chunks/204e747b034398c6.js:30
[    1402ms] [WARNING] Received change, reloading page now @ http://localhost:3000/_next/static/chunks/204e747b034398c6.js:30
[    1625ms] [WARNING] Received change, reloading page now @ http://localhost:3000/_next/static/chunks/204e747b034398c6.js:30
[    1734ms] [WARNING] Received change, reloading page now @ http://localhost:3000/_next/static/chunks/204e747b034398c6.js:30
[    1876ms] [WARNING] Received change, reloading page now @ http://localhost:3000/_next/static/chunks/204e747b034398c6.js:30
[    2041ms] [WARNING] Received change, reloading page now @ http://localhost:3000/_next/static/chunks/204e747b034398c6.js:30
[    2096ms] [WARNING] Received change, reloading page now @ http://localhost:3000/_next/static/chunks/204e747b034398c6.js:30
[    2211ms] [WARNING] Received change, reloading page now @ http://localhost:3000/_next/static/chunks/204e747b034398c6.js:30
[    2349ms] [WARNING] Received change, reloading page now @ http://localhost:3000/_next/static/chunks/204e747b034398c6.js:30
[    2510ms] [WARNING] Received change, reloading page now @ http://localhost:3000/_next/static/chunks/204e747b034398c6.js:30
[    2616ms] [WARNING] Received change, reloading page now @ http://localhost:3000/_next/static/chunks/204e747b034398c6.js:30
[    2674ms] [WARNING] Received change, reloading page now @ http://localhost:3000/_next/static/chunks/204e747b034398c6.js:30
[    2805ms] [WARNING] Received change, reloading page now @ http://localhost:3000/_next/static/chunks/204e747b034398c6.js:30
[    2917ms] [WARNING] Received change, reloading page now @ http://localhost:3000/_next/static/chunks/204e747b034398c6.js:30
[    3091ms] [WARNING] Received change, reloading page now @ http://localhost:3000/_next/static/chunks/204e747b034398c6.js:30
[    3159ms] [WARNING] Received change, reloading page now @ http://localhost:3000/_next/static/chunks/204e747b034398c6.js:30
[    3274ms] [WARNING] Received change, reloading page now @ http://localhost:3000/_next/static/chunks/204e747b034398c6.js:30
[    3403ms] [WARNING] Received change, reloading page now @ http://localhost:3000/_next/static/chunks/204e747b034398c6.js:30
[    3536ms] [WARNING] Received change, reloading page now @ http://localhost:3000/_next/static/chunks/204e747b034398c6.js:30
[    3635ms] [WARNING] Received change, reloading page now @ http://localhost:3000/_next/static/chunks/204e747b034398c6.js:30
[    3757ms] [WARNING] Received change, reloading page now @ http://localhost:3000/_next/static/chunks/204e747b034398c6.js:30
[    3981ms] [WARNING] Received change, reloading page now @ http://localhost:3000/_next/static/chunks/204e747b034398c6.js:30
[    4097ms] [WARNING] Received change, reloading page now @ http://localhost:3000/_next/static/chunks/204e747b034398c6.js:30
[    4216ms] [WARNING] Received change, reloading page now @ http://localhost:3000/_next/static/chunks/204e747b034398c6.js:30
[    4329ms] [WARNING] Received change, reloading page now @ http://localhost:3000/_next/static/chunks/204e747b034398c6.js:30
[    4442ms] [WARNING] Received change, reloading page now @ http://localhost:3000/_next/static/chunks/204e747b034398c6.js:30
[    4570ms] [WARNING] Received change, reloading page now @ http://localhost:3000/_next/static/chunks/204e747b034398c6.js:30
[    4692ms] [WARNING] Received change, reloading page now @ http://localhost:3000/_next/static/chunks/204e747b034398c6.js:30
[    4808ms] [WARNING] Received change, reloading page now @ http://localhost:3000/_next/static/chunks/204e747b034398c6.js:30
[    4932ms] [WARNING] Received change, reloading page now @ http://localhost:3000/_next/static/chunks/204e747b034398c6.js:30
[    5097ms] [WARNING] Received change, reloading page now @ http://localhost:3000/_next/static/chunks/204e747b034398c6.js:30
[    5210ms] [WARNING] Received change, reloading page now @ http://localhost:3000/_next/static/chunks/204e747b034398c6.js:30
[    5385ms] [WARNING] Received change, reloading page now @ http://localhost:3000/_next/static/chunks/204e747b034398c6.js:30
[    5508ms] [WARNING] Received change, reloading page now @ http://localhost:3000/_next/static/chunks/204e747b034398c6.js:30
[    5634ms] [WARNING] Received change, reloading page now @ http://localhost:3000/_next/static/chunks/204e747b034398c6.js:30
[    5741ms] [WARNING] Received change, reloading page now @ http://localhost:3000/_next/static/chunks/204e747b034398c6.js:30
[    5917ms] [WARNING] Received change, reloading page now @ http://localhost:3000/_next/static/chunks/204e747b034398c6.js:30
[    5993ms] [WARNING] Received change, reloading page now @ http://localhost:3000/_next/static/chunks/204e747b034398c6.js:30
[    6100ms] [WARNING] Received change, reloading page now @ http://localhost:3000/_next/static/chunks/204e747b034398c6.js:30
[    6273ms] [WARNING] Received change, reloading page now @ http://localhost:3000/_next/static/chunks/204e747b034398c6.js:30
[    6450ms] [WARNING] Received change, reloading page now @ http://localhost:3000/_next/static/chunks/204e747b034398c6.js:30
[    6632ms] [WARNING] Received change, reloading page now @ http://localhost:3000/_next/static/chunks/204e747b034398c6.js:30
[    6709ms] [WARNING] Received change, reloading page now @ http://localhost:3000/_next/static/chunks/204e747b034398c6.js:30
[    6820ms] [WARNING] Received change, reloading page now @ http://localhost:3000/_next/static/chunks/204e747b034398c6.js:30
[    6957ms] [WARNING] Received change, reloading page now @ http://localhost:3000/_next/static/chunks/204e747b034398c6.js:30
[    7056ms] [WARNING] Received change, reloading page now @ http://localhost:3000/_next/static/chunks/204e747b034398c6.js:30
[    7181ms] [WARNING] Received change, reloading page now @ http://localhost:3000/_next/static/chunks/204e747b034398c6.js:30
[    7315ms] [WARNING] Received change, reloading page now @ http://localhost:3000/_next/static/chunks/204e747b034398c6.js:30
[    7434ms] [WARNING] Received change, reloading page now @ http://localhost:3000/_next/static/chunks/204e747b034398c6.js:30
[    7817ms] [WARNING] Received change, reloading page now @ http://localhost:3000/_next/static/chunks/204e747b034398c6.js:30
[    7947ms] [WARNING] Received change, reloading page now @ http://localhost:3000/_next/static/chunks/204e747b034398c6.js:30
[    8076ms] [WARNING] Received change, reloading page now @ http://localhost:3000/_next/static/chunks/204e747b034398c6.js:30
[    8205ms] [WARNING] Received change, reloading page now @ http://localhost:3000/_next/static/chunks/204e747b034398c6.js:30
[    8317ms] [WARNING] Received change, reloading page now @ http://localhost:3000/_next/static/chunks/204e747b034398c6.js:30
[    8442ms] [WARNING] Received change, reloading page now @ http://localhost:3000/_next/static/chunks/204e747b034398c6.js:30
[    8563ms] [WARNING] Received change, reloading page now @ http://localhost:3000/_next/static/chunks/204e747b034398c6.js:30
[    8676ms] [WARNING] Received change, reloading page now @ http://localhost:3000/_next/static/chunks/204e747b034398c6.js:30
[    8797ms] [WARNING] Received change, reloading page now @ http://localhost:3000/_next/static/chunks/204e747b034398c6.js:30
[    8939ms] [WARNING] Received change, reloading page now @ http://localhost:3000/_next/static/chunks/204e747b034398c6.js:30
[    9049ms] [WARNING] Received change, reloading page now @ http://localhost:3000/_next/static/chunks/204e747b034398c6.js:30
[    9165ms] [WARNING] Received change, reloading page now @ http://localhost:3000/_next/static/chunks/204e747b034398c6.js:30
[    9288ms] [WARNING] Received change, reloading page now @ http://localhost:3000/_next/static/chunks/204e747b034398c6.js:30
[    9404ms] [WARNING] Received change, reloading page now @ http://localhost:3000/_next/static/chunks/204e747b034398c6.js:30
[    9524ms] [WARNING] Received change, reloading page now @ http://localhost:3000/_next/static/chunks/204e747b034398c6.js:30
[    9646ms] [WARNING] Received change, reloading page now @ http://localhost:3000/_next/static/chunks/204e747b034398c6.js:30
[    9756ms] [WARNING] Received change, reloading page now @ http://localhost:3000/_next/static/chunks/204e747b034398c6.js:30
[    9879ms] [WARNING] Received change, reloading page now @ http://localhost:3000/_next/static/chunks/204e747b034398c6.js:30
[   10001ms] [WARNING] Received change, reloading page now @ http://localhost:3000/_next/static/chunks/204e747b034398c6.js:30
[   10112ms] [WARNING] Received change, reloading page now @ http://localhost:3000/_next/static/chunks/204e747b034398c6.js:30
[   10232ms] [WARNING] Received change, reloading page now @ http://localhost:3000/_next/static/chunks/204e747b034398c6.js:30
[   10362ms] [WARNING] Received change, reloading page now @ http://localhost:3000/_next/static/chunks/204e747b034398c6.js:30
[   10474ms] [WARNING] Received change, reloading page now @ http://localhost:3000/_next/static/chunks/204e747b034398c6.js:30
[   10590ms] [WARNING] Received change, reloading page now @ http://localhost:3000/_next/static/chunks/204e747b034398c6.js:30
[   10689ms] [WARNING] Received change, reloading page now @ http://localhost:3000/_next/static/chunks/204e747b034398c6.js:30
[   10807ms] [WARNING] Received change, reloading page now @ http://localhost:3000/_next/static/chunks/204e747b034398c6.js:30
[   10978ms] [WARNING] Received change, reloading page now @ http://localhost:3000/_next/static/chunks/204e747b034398c6.js:30
[   11041ms] [WARNING] Received change, reloading page now @ http://localhost:3000/_next/static/chunks/204e747b034398c6.js:30
[   11156ms] [WARNING] Received change, reloading page now @ http://localhost:3000/_next/static/chunks/204e747b034398c6.js:30
[   11328ms] [WARNING] Received change, reloading page now @ http://localhost:3000/_next/static/chunks/204e747b034398c6.js:30
[   11500ms] [WARNING] Received change, reloading page now @ http://localhost:3000/_next/static/chunks/204e747b034398c6.js:30
[   11561ms] [WARNING] Received change, reloading page now @ http://localhost:3000/_next/static/chunks/204e747b034398c6.js:30
[   11676ms] [WARNING] Received change, reloading page now @ http://localhost:3000/_next/static/chunks/204e747b034398c6.js:30
[   11803ms] [WARNING] Received change, reloading page now @ http://localhost:3000/_next/static/chunks/204e747b034398c6.js:30
[   11906ms] [WARNING] Received change, reloading page now @ http://localhost:3000/_next/static/chunks/204e747b034398c6.js:30
[   12024ms] [WARNING] Received change, reloading page now @ http://localhost:3000/_next/static/chunks/204e747b034398c6.js:30
[   12152ms] [WARNING] Received change, reloading page now @ http://localhost:3000/_next/static/chunks/204e747b034398c6.js:30
[   12257ms] [WARNING] Received change, reloading page now @ http://localhost:3000/_next/static/chunks/204e747b034398c6.js:30
[   12372ms] [WARNING] Received change, reloading page now @ http://localhost:3000/_next/static/chunks/204e747b034398c6.js:30
[   12486ms] [WARNING] Received change, reloading page now @ http://localhost:3000/_next/static/chunks/204e747b034398c6.js:30
[   12604ms] [WARNING] Received change, reloading page now @ http://localhost:3000/_next/static/chunks/204e747b034398c6.js:30
[   12719ms] [WARNING] Received change, reloading page now @ http://localhost:3000/_next/static/chunks/204e747b034398c6.js:30
[   12824ms] [WARNING] Received change, reloading page now @ http://localhost:3000/_next/static/chunks/204e747b034398c6.js:30
[   12959ms] [WARNING] Received change, reloading page now @ http://localhost:3000/_next/static/chunks/204e747b034398c6.js:30
[   13075ms] [WARNING] Received change, reloading page now @ http://localhost:3000/_next/static/chunks/204e747b034398c6.js:30
[   13199ms] [WARNING] Received change, reloading page now @ http://localhost:3000/_next/static/chunks/204e747b034398c6.js:30
[   13330ms] [WARNING] Received change, reloading page now @ http://localhost:3000/_next/static/chunks/204e747b034398c6.js:30
[   13514ms] [WARNING] Received change, reloading page now @ http://localhost:3000/_next/static/chunks/204e747b034398c6.js:30
[   13706ms] [WARNING] Received change, reloading page now @ http://localhost:3000/_next/static/chunks/204e747b034398c6.js:30
[   13766ms] [WARNING] Received change, reloading page now @ http://localhost:3000/_next/static/chunks/204e747b034398c6.js:30
[   13887ms] [WARNING] Received change, reloading page now @ http://localhost:3000/_next/static/chunks/204e747b034398c6.js:30
[   14005ms] [WARNING] Received change, reloading page now @ http://localhost:3000/_next/static/chunks/204e747b034398c6.js:30
[   14125ms] [WARNING] Received change, reloading page now @ http://localhost:3000/_next/static/chunks/204e747b034398c6.js:30
[   14246ms] [WARNING] Received change, reloading page now @ http://localhost:3000/_next/static/chunks/204e747b034398c6.js:30
[   14366ms] [WARNING] Received change, reloading page now @ http://localhost:3000/_next/static/chunks/204e747b034398c6.js:30
[   14487ms] [WARNING] Received change, reloading page now @ http://localhost:3000/_next/static/chunks/204e747b034398c6.js:30
[   14607ms] [WARNING] Received change, reloading page now @ http://localhost:3000/_next/static/chunks/204e747b034398c6.js:30
[   14719ms] [WARNING] Received change, reloading page now @ http://localhost:3000/_next/static/chunks/204e747b034398c6.js:30
[   14841ms] [WARNING] Received change, reloading page now @ http://localhost:3000/_next/static/chunks/204e747b034398c6.js:30
[   14961ms] [WARNING] Received change, reloading page now @ http://localhost:3000/_next/static/chunks/204e747b034398c6.js:30
[   15083ms] [WARNING] Received change, reloading page now @ http://localhost:3000/_next/static/chunks/204e747b034398c6.js:30
[   15263ms] [WARNING] Received change, reloading page now @ http://localhost:3000/_next/static/chunks/204e747b034398c6.js:30
[   15382ms] [WARNING] Received change, reloading page now @ http://localhost:3000/_next/static/chunks/204e747b034398c6.js:30
[   15498ms] [WARNING] Received change, reloading page now @ http://localhost:3000/_next/static/chunks/204e747b034398c6.js:30
[   15627ms] [WARNING] Received change, reloading page now @ http://localhost:3000/_next/static/chunks/204e747b034398c6.js:30
[   15849ms] [WARNING] Received change, reloading page now @ http://localhost:3000/_next/static/chunks/204e747b034398c6.js:30
[  115156ms] [WARNING] Received change, reloading page now @ http://localhost:3000/_next/static/chunks/204e747b034398c6.js:30
[  115354ms] [WARNING] Received change, reloading page now @ http://localhost:3000/_next/static/chunks/204e747b034398c6.js:30
[  115577ms] [WARNING] Received change, reloading page now @ http://localhost:3000/_next/static/chunks/204e747b034398c6.js:30
[  115712ms] [WARNING] Received change, reloading page now @ http://localhost:3000/_next/static/chunks/204e747b034398c6.js:30
[  115796ms] [WARNING] Received change, reloading page now @ http://localhost:3000/_next/static/chunks/204e747b034398c6.js:30
[  115971ms] [WARNING] Received change, reloading page now @ http://localhost:3000/_next/static/chunks/204e747b034398c6.js:30
[  116145ms] [WARNING] Received change, reloading page now @ http://localhost:3000/_next/static/chunks/204e747b034398c6.js:30
[  116317ms] [WARNING] Received change, reloading page now @ http://localhost:3000/_next/static/chunks/204e747b034398c6.js:30
[  116498ms] [WARNING] Received change, reloading page now @ http://localhost:3000/_next/static/chunks/204e747b034398c6.js:30
[  116673ms] [WARNING] Received change, reloading page now @ http://localhost:3000/_next/static/chunks/204e747b034398c6.js:30
[  116736ms] [WARNING] Received change, reloading page now @ http://localhost:3000/_next/static/chunks/204e747b034398c6.js:30
[  116855ms] [WARNING] Received change, reloading page now @ http://localhost:3000/_next/static/chunks/204e747b034398c6.js:30
[  117026ms] [WARNING] Received change, reloading page now @ http://localhost:3000/_next/static/chunks/204e747b034398c6.js:30
[  117138ms] [WARNING] Received change, reloading page now @ http://localhost:3000/_next/static/chunks/204e747b034398c6.js:30
[  117313ms] [WARNING] Received change, reloading page now @ http://localhost:3000/_next/static/chunks/204e747b034398c6.js:30
[  117374ms] [WARNING] Received change, reloading page now @ http://localhost:3000/_next/static/chunks/204e747b034398c6.js:30
[  117544ms] [WARNING] Received change, reloading page now @ http://localhost:3000/_next/static/chunks/204e747b034398c6.js:30
[  117715ms] [WARNING] Received change, reloading page now @ http://localhost:3000/_next/static/chunks/204e747b034398c6.js:30
[  117829ms] [WARNING] Received change, reloading page now @ http://localhost:3000/_next/static/chunks/204e747b034398c6.js:30
[  117949ms] [WARNING] Received change, reloading page now @ http://localhost:3000/_next/static/chunks/204e747b034398c6.js:30
[  118062ms] [WARNING] Received change, reloading page now @ http://localhost:3000/_next/static/chunks/204e747b034398c6.js:30
[  118235ms] [WARNING] Received change, reloading page now @ http://localhost:3000/_next/static/chunks/204e747b034398c6.js:30
[  118407ms] [WARNING] Received change, reloading page now @ http://localhost:3000/_next/static/chunks/204e747b034398c6.js:30
[  118519ms] [WARNING] Received change, reloading page now @ http://localhost:3000/_next/static/chunks/204e747b034398c6.js:30
[  118579ms] [WARNING] Received change, reloading page now @ http://localhost:3000/_next/static/chunks/204e747b034398c6.js:30
[  118749ms] [WARNING] Received change, reloading page now @ http://localhost:3000/_next/static/chunks/204e747b034398c6.js:30
[  118920ms] [WARNING] Received change, reloading page now @ http://localhost:3000/_next/static/chunks/204e747b034398c6.js:30
[  119094ms] [WARNING] Received change, reloading page now @ http://localhost:3000/_next/static/chunks/204e747b034398c6.js:30
[  119208ms] [WARNING] Received change, reloading page now @ http://localhost:3000/_next/static/chunks/204e747b034398c6.js:30
[  119381ms] [WARNING] Received change, reloading page now @ http://localhost:3000/_next/static/chunks/204e747b034398c6.js:30
[  119440ms] [WARNING] Received change, reloading page now @ http://localhost:3000/_next/static/chunks/204e747b034398c6.js:30
[  119555ms] [WARNING] Received change, reloading page now @ http://localhost:3000/_next/static/chunks/204e747b034398c6.js:30
[  119729ms] [WARNING] Received change, reloading page now @ http://localhost:3000/_next/static/chunks/204e747b034398c6.js:30
[  119791ms] [WARNING] Received change, reloading page now @ http://localhost:3000/_next/static/chunks/204e747b034398c6.js:30
[  119905ms] [WARNING] Received change, reloading page now @ http://localhost:3000/_next/static/chunks/204e747b034398c6.js:30
[  120145ms] [WARNING] Received change, reloading page now @ http://localhost:3000/_next/static/chunks/204e747b034398c6.js:30
[  120317ms] [WARNING] Received change, reloading page now @ http://localhost:3000/_next/static/chunks/204e747b034398c6.js:30
[  120491ms] [WARNING] Received change, reloading page now @ http://localhost:3000/_next/static/chunks/204e747b034398c6.js:30
[  120657ms] [WARNING] Received change, reloading page now @ http://localhost:3000/_next/static/chunks/204e747b034398c6.js:30
[  120781ms] [WARNING] Received change, reloading page now @ http://localhost:3000/_next/static/chunks/204e747b034398c6.js:30
[  120895ms] [WARNING] Received change, reloading page now @ http://localhost:3000/_next/static/chunks/204e747b034398c6.js:30
[  121021ms] [WARNING] Received change, reloading page now @ http://localhost:3000/_next/static/chunks/204e747b034398c6.js:30
[  121256ms] [WARNING] Received change, reloading page now @ http://localhost:3000/_next/static/chunks/204e747b034398c6.js:30
[  121326ms] [WARNING] Received change, reloading page now @ http://localhost:3000/_next/static/chunks/204e747b034398c6.js:30
[  121432ms] [WARNING] Received change, reloading page now @ http://localhost:3000/_next/static/chunks/204e747b034398c6.js:30
[  121547ms] [WARNING] Received change, reloading page now @ http://localhost:3000/_next/static/chunks/204e747b034398c6.js:30
[  121668ms] [WARNING] Received change, reloading page now @ http://localhost:3000/_next/static/chunks/204e747b034398c6.js:30
[  121781ms] [WARNING] Received change, reloading page now @ http://localhost:3000/_next/static/chunks/204e747b034398c6.js:30
[  121906ms] [WARNING] Received change, reloading page now @ http://localhost:3000/_next/static/chunks/204e747b034398c6.js:30
[  122065ms] [WARNING] Received change, reloading page now @ http://localhost:3000/_next/static/chunks/204e747b034398c6.js:30
[  122125ms] [WARNING] Received change, reloading page now @ http://localhost:3000/_next/static/chunks/204e747b034398c6.js:30
[  122239ms] [WARNING] Received change, reloading page now @ http://localhost:3000/_next/static/chunks/204e747b034398c6.js:30
[  122413ms] [WARNING] Received change, reloading page now @ http://localhost:3000/_next/static/chunks/204e747b034398c6.js:30
[  122473ms] [WARNING] Received change, reloading page now @ http://localhost:3000/_next/static/chunks/204e747b034398c6.js:30
[  122587ms] [WARNING] Received change, reloading page now @ http://localhost:3000/_next/static/chunks/204e747b034398c6.js:30
[  122757ms] [WARNING] Received change, reloading page now @ http://localhost:3000/_next/static/chunks/204e747b034398c6.js:30
[  122985ms] [WARNING] Received change, reloading page now @ http://localhost:3000/_next/static/chunks/204e747b034398c6.js:30
[  123099ms] [WARNING] Received change, reloading page now @ http://localhost:3000/_next/static/chunks/204e747b034398c6.js:30
[  123330ms] [WARNING] Received change, reloading page now @ http://localhost:3000/_next/static/chunks/204e747b034398c6.js:30
[  123535ms] [WARNING] Received change, reloading page now @ http://localhost:3000/_next/static/chunks/204e747b034398c6.js:30
[  123649ms] [WARNING] Received change, reloading page now @ http://localhost:3000/_next/static/chunks/204e747b034398c6.js:30
[  123711ms] [WARNING] Received change, reloading page now @ http://localhost:3000/_next/static/chunks/204e747b034398c6.js:30
[  123879ms] [WARNING] Received change, reloading page now @ http://localhost:3000/_next/static/chunks/204e747b034398c6.js:30
[  123999ms] [WARNING] Received change, reloading page now @ http://localhost:3000/_next/static/chunks/204e747b034398c6.js:30
[  124167ms] [WARNING] Received change, reloading page now @ http://localhost:3000/_next/static/chunks/204e747b034398c6.js:30
[  124285ms] [WARNING] Received change, reloading page now @ http://localhost:3000/_next/static/chunks/204e747b034398c6.js:30
[  124396ms] [WARNING] Received change, reloading page now @ http://localhost:3000/_next/static/chunks/204e747b034398c6.js:30
[  124563ms] [WARNING] Received change, reloading page now @ http://localhost:3000/_next/static/chunks/204e747b034398c6.js:30
[  124676ms] [WARNING] Received change, reloading page now @ http://localhost:3000/_next/static/chunks/204e747b034398c6.js:30
[  124849ms] [WARNING] Received change, reloading page now @ http://localhost:3000/_next/static/chunks/204e747b034398c6.js:30
[  125021ms] [WARNING] Received change, reloading page now @ http://localhost:3000/_next/static/chunks/204e747b034398c6.js:30
[  125189ms] [WARNING] Received change, reloading page now @ http://localhost:3000/_next/static/chunks/204e747b034398c6.js:30
[  125415ms] [WARNING] Received change, reloading page now @ http://localhost:3000/_next/static/chunks/204e747b034398c6.js:30
