[      51ms] [WARNING] Received change, reloading page now @ http://localhost:3000/_next/static/chunks/204e747b034398c6.js:30
[     521ms] [WARNING] Connected to Socket.io @ http://localhost:3000/_next/static/chunks/204e747b034398c6.js:30
[     619ms] [ERROR] Failed to load resource: the server responded with a status of 403 () @ https://d3gk2c5xim1je2.cloudfront.net/lucide/v1.16.0/file-bar-chart.svg:0
[     660ms] [WARNING] Received change, reloading page now @ http://localhost:3000/_next/static/chunks/204e747b034398c6.js:30
[     670ms] [WARNING] Received change, reloading page now @ http://localhost:3000/_next/static/chunks/204e747b034398c6.js:30
[     793ms] [WARNING] Received change, reloading page now @ http://localhost:3000/_next/static/chunks/204e747b034398c6.js:30
[     926ms] [WARNING] Received change, reloading page now @ http://localhost:3000/_next/static/chunks/204e747b034398c6.js:30
[    1065ms] [WARNING] Received change, reloading page now @ http://localhost:3000/_next/static/chunks/204e747b034398c6.js:30
[    1296ms] [WARNING] Received change, reloading page now @ http://localhost:3000/_next/static/chunks/204e747b034398c6.js:30
[    1405ms] [WARNING] Received change, reloading page now @ http://localhost:3000/_next/static/chunks/204e747b034398c6.js:30
[    1547ms] [WARNING] Received change, reloading page now @ http://localhost:3000/_next/static/chunks/204e747b034398c6.js:30
[    1670ms] [WARNING] Received change, reloading page now @ http://localhost:3000/_next/static/chunks/204e747b034398c6.js:30
[    1810ms] [WARNING] Received change, reloading page now @ http://localhost:3000/_next/static/chunks/204e747b034398c6.js:30
[    1925ms] [WARNING] Received change, reloading page now @ http://localhost:3000/_next/static/chunks/204e747b034398c6.js:30
[    2059ms] [WARNING] Received change, reloading page now @ http://localhost:3000/_next/static/chunks/204e747b034398c6.js:30
[    2187ms] [WARNING] Received change, reloading page now @ http://localhost:3000/_next/static/chunks/204e747b034398c6.js:30
[    2319ms] [WARNING] Received change, reloading page now @ http://localhost:3000/_next/static/chunks/204e747b034398c6.js:30
[    2500ms] [WARNING] Received change, reloading page now @ http://localhost:3000/_next/static/chunks/204e747b034398c6.js:30
[    2559ms] [WARNING] Received change, reloading page now @ http://localhost:3000/_next/static/chunks/204e747b034398c6.js:30
[    2698ms] [WARNING] Received change, reloading page now @ http://localhost:3000/_next/static/chunks/204e747b034398c6.js:30
[    2877ms] [WARNING] Received change, reloading page now @ http://localhost:3000/_next/static/chunks/204e747b034398c6.js:30
[    3001ms] [WARNING] Received change, reloading page now @ http://localhost:3000/_next/static/chunks/204e747b034398c6.js:30
[    3140ms] [WARNING] Received change, reloading page now @ http://localhost:3000/_next/static/chunks/204e747b034398c6.js:30
[    3327ms] [WARNING] Received change, reloading page now @ http://localhost:3000/_next/static/chunks/204e747b034398c6.js:30
[    3451ms] [WARNING] Received change, reloading page now @ http://localhost:3000/_next/static/chunks/204e747b034398c6.js:30
[    3577ms] [WARNING] Received change, reloading page now @ http://localhost:3000/_next/static/chunks/204e747b034398c6.js:30
[    3761ms] [WARNING] Received change, reloading page now @ http://localhost:3000/_next/static/chunks/204e747b034398c6.js:30
[    3894ms] [WARNING] Received change, reloading page now @ http://localhost:3000/_next/static/chunks/204e747b034398c6.js:30
[    4025ms] [WARNING] Received change, reloading page now @ http://localhost:3000/_next/static/chunks/204e747b034398c6.js:30
[    4158ms] [WARNING] Received change, reloading page now @ http://localhost:3000/_next/static/chunks/204e747b034398c6.js:30
[    4288ms] [WARNING] Received change, reloading page now @ http://localhost:3000/_next/static/chunks/204e747b034398c6.js:30
[    4400ms] [WARNING] Received change, reloading page now @ http://localhost:3000/_next/static/chunks/204e747b034398c6.js:30
[    4529ms] [WARNING] Received change, reloading page now @ http://localhost:3000/_next/static/chunks/204e747b034398c6.js:30
[    4662ms] [WARNING] Received change, reloading page now @ http://localhost:3000/_next/static/chunks/204e747b034398c6.js:30
[    4795ms] [WARNING] Received change, reloading page now @ http://localhost:3000/_next/static/chunks/204e747b034398c6.js:30
[    4924ms] [WARNING] Received change, reloading page now @ http://localhost:3000/_next/static/chunks/204e747b034398c6.js:30
[    5057ms] [WARNING] Received change, reloading page now @ http://localhost:3000/_next/static/chunks/204e747b034398c6.js:30
[    5184ms] [WARNING] Received change, reloading page now @ http://localhost:3000/_next/static/chunks/204e747b034398c6.js:30
[    5312ms] [WARNING] Received change, reloading page now @ http://localhost:3000/_next/static/chunks/204e747b034398c6.js:30
[    5445ms] [WARNING] Received change, reloading page now @ http://localhost:3000/_next/static/chunks/204e747b034398c6.js:30
[    5572ms] [WARNING] Received change, reloading page now @ http://localhost:3000/_next/static/chunks/204e747b034398c6.js:30
[    5700ms] [WARNING] Received change, reloading page now @ http://localhost:3000/_next/static/chunks/204e747b034398c6.js:30
[    5827ms] [WARNING] Received change, reloading page now @ http://localhost:3000/_next/static/chunks/204e747b034398c6.js:30
[    5951ms] [WARNING] Received change, reloading page now @ http://localhost:3000/_next/static/chunks/204e747b034398c6.js:30
[    6074ms] [WARNING] Received change, reloading page now @ http://localhost:3000/_next/static/chunks/204e747b034398c6.js:30
[    6200ms] [WARNING] Received change, reloading page now @ http://localhost:3000/_next/static/chunks/204e747b034398c6.js:30
[    6324ms] [WARNING] Received change, reloading page now @ http://localhost:3000/_next/static/chunks/204e747b034398c6.js:30
[    6450ms] [WARNING] Received change, reloading page now @ http://localhost:3000/_next/static/chunks/204e747b034398c6.js:30
[    6573ms] [WARNING] Received change, reloading page now @ http://localhost:3000/_next/static/chunks/204e747b034398c6.js:30
[    6701ms] [WARNING] Received change, reloading page now @ http://localhost:3000/_next/static/chunks/204e747b034398c6.js:30
[    6828ms] [WARNING] Received change, reloading page now @ http://localhost:3000/_next/static/chunks/204e747b034398c6.js:30
[    6953ms] [WARNING] Received change, reloading page now @ http://localhost:3000/_next/static/chunks/204e747b034398c6.js:30
[    7077ms] [WARNING] Received change, reloading page now @ http://localhost:3000/_next/static/chunks/204e747b034398c6.js:30
[    7201ms] [WARNING] Received change, reloading page now @ http://localhost:3000/_next/static/chunks/204e747b034398c6.js:30
[    7332ms] [WARNING] Received change, reloading page now @ http://localhost:3000/_next/static/chunks/204e747b034398c6.js:30
[    7459ms] [WARNING] Received change, reloading page now @ http://localhost:3000/_next/static/chunks/204e747b034398c6.js:30
[    7585ms] [WARNING] Received change, reloading page now @ http://localhost:3000/_next/static/chunks/204e747b034398c6.js:30
[    7712ms] [WARNING] Received change, reloading page now @ http://localhost:3000/_next/static/chunks/204e747b034398c6.js:30
[    7837ms] [WARNING] Received change, reloading page now @ http://localhost:3000/_next/static/chunks/204e747b034398c6.js:30
[    7969ms] [WARNING] Received change, reloading page now @ http://localhost:3000/_next/static/chunks/204e747b034398c6.js:30
[    8099ms] [WARNING] Received change, reloading page now @ http://localhost:3000/_next/static/chunks/204e747b034398c6.js:30
[    8229ms] [WARNING] Received change, reloading page now @ http://localhost:3000/_next/static/chunks/204e747b034398c6.js:30
[    8368ms] [WARNING] Received change, reloading page now @ http://localhost:3000/_next/static/chunks/204e747b034398c6.js:30
[    8493ms] [WARNING] Received change, reloading page now @ http://localhost:3000/_next/static/chunks/204e747b034398c6.js:30
[    8618ms] [WARNING] Received change, reloading page now @ http://localhost:3000/_next/static/chunks/204e747b034398c6.js:30
[    8744ms] [WARNING] Received change, reloading page now @ http://localhost:3000/_next/static/chunks/204e747b034398c6.js:30
[    8883ms] [WARNING] Received change, reloading page now @ http://localhost:3000/_next/static/chunks/204e747b034398c6.js:30
[    9013ms] [WARNING] Received change, reloading page now @ http://localhost:3000/_next/static/chunks/204e747b034398c6.js:30
[    9144ms] [WARNING] Received change, reloading page now @ http://localhost:3000/_next/static/chunks/204e747b034398c6.js:30
[    9277ms] [WARNING] Received change, reloading page now @ http://localhost:3000/_next/static/chunks/204e747b034398c6.js:30
[    9409ms] [WARNING] Received change, reloading page now @ http://localhost:3000/_next/static/chunks/204e747b034398c6.js:30
[    9544ms] [WARNING] Received change, reloading page now @ http://localhost:3000/_next/static/chunks/204e747b034398c6.js:30
[    9715ms] [WARNING] Received change, reloading page now @ http://localhost:3000/_next/static/chunks/204e747b034398c6.js:30
[    9847ms] [WARNING] Received change, reloading page now @ http://localhost:3000/_next/static/chunks/204e747b034398c6.js:30
[    9980ms] [WARNING] Received change, reloading page now @ http://localhost:3000/_next/static/chunks/204e747b034398c6.js:30
[   10110ms] [WARNING] Received change, reloading page now @ http://localhost:3000/_next/static/chunks/204e747b034398c6.js:30
[   10238ms] [WARNING] Received change, reloading page now @ http://localhost:3000/_next/static/chunks/204e747b034398c6.js:30
[   10369ms] [WARNING] Received change, reloading page now @ http://localhost:3000/_next/static/chunks/204e747b034398c6.js:30
[   10496ms] [WARNING] Received change, reloading page now @ http://localhost:3000/_next/static/chunks/204e747b034398c6.js:30
[   10627ms] [WARNING] Received change, reloading page now @ http://localhost:3000/_next/static/chunks/204e747b034398c6.js:30
[   10757ms] [WARNING] Received change, reloading page now @ http://localhost:3000/_next/static/chunks/204e747b034398c6.js:30
[   10893ms] [WARNING] Received change, reloading page now @ http://localhost:3000/_next/static/chunks/204e747b034398c6.js:30
[   11034ms] [WARNING] Received change, reloading page now @ http://localhost:3000/_next/static/chunks/204e747b034398c6.js:30
[   11170ms] [WARNING] Received change, reloading page now @ http://localhost:3000/_next/static/chunks/204e747b034398c6.js:30
[   11309ms] [WARNING] Received change, reloading page now @ http://localhost:3000/_next/static/chunks/204e747b034398c6.js:30
[   11437ms] [WARNING] Received change, reloading page now @ http://localhost:3000/_next/static/chunks/204e747b034398c6.js:30
[   11563ms] [WARNING] Received change, reloading page now @ http://localhost:3000/_next/static/chunks/204e747b034398c6.js:30
[   11704ms] [WARNING] Received change, reloading page now @ http://localhost:3000/_next/static/chunks/204e747b034398c6.js:30
[   11833ms] [WARNING] Received change, reloading page now @ http://localhost:3000/_next/static/chunks/204e747b034398c6.js:30
[   11961ms] [WARNING] Received change, reloading page now @ http://localhost:3000/_next/static/chunks/204e747b034398c6.js:30
[   12102ms] [WARNING] Received change, reloading page now @ http://localhost:3000/_next/static/chunks/204e747b034398c6.js:30
[   12229ms] [WARNING] Received change, reloading page now @ http://localhost:3000/_next/static/chunks/204e747b034398c6.js:30
[   12360ms] [WARNING] Received change, reloading page now @ http://localhost:3000/_next/static/chunks/204e747b034398c6.js:30
[   12511ms] [WARNING] Received change, reloading page now @ http://localhost:3000/_next/static/chunks/204e747b034398c6.js:30
[   12651ms] [WARNING] Received change, reloading page now @ http://localhost:3000/_next/static/chunks/204e747b034398c6.js:30
[   12779ms] [WARNING] Received change, reloading page now @ http://localhost:3000/_next/static/chunks/204e747b034398c6.js:30
[   12906ms] [WARNING] Received change, reloading page now @ http://localhost:3000/_next/static/chunks/204e747b034398c6.js:30
[   13032ms] [WARNING] Received change, reloading page now @ http://localhost:3000/_next/static/chunks/204e747b034398c6.js:30
[   13154ms] [WARNING] Received change, reloading page now @ http://localhost:3000/_next/static/chunks/204e747b034398c6.js:30
[   13278ms] [WARNING] Received change, reloading page now @ http://localhost:3000/_next/static/chunks/204e747b034398c6.js:30
[   13405ms] [WARNING] Received change, reloading page now @ http://localhost:3000/_next/static/chunks/204e747b034398c6.js:30
[   13532ms] [WARNING] Received change, reloading page now @ http://localhost:3000/_next/static/chunks/204e747b034398c6.js:30
[   13658ms] [WARNING] Received change, reloading page now @ http://localhost:3000/_next/static/chunks/204e747b034398c6.js:30
[   13785ms] [WARNING] Received change, reloading page now @ http://localhost:3000/_next/static/chunks/204e747b034398c6.js:30
[   13912ms] [WARNING] Received change, reloading page now @ http://localhost:3000/_next/static/chunks/204e747b034398c6.js:30
[   14042ms] [WARNING] Received change, reloading page now @ http://localhost:3000/_next/static/chunks/204e747b034398c6.js:30
[   14161ms] [WARNING] Received change, reloading page now @ http://localhost:3000/_next/static/chunks/204e747b034398c6.js:30
[   14295ms] [WARNING] Received change, reloading page now @ http://localhost:3000/_next/static/chunks/204e747b034398c6.js:30
[   14428ms] [WARNING] Received change, reloading page now @ http://localhost:3000/_next/static/chunks/204e747b034398c6.js:30
[   14560ms] [WARNING] Received change, reloading page now @ http://localhost:3000/_next/static/chunks/204e747b034398c6.js:30
[   14690ms] [WARNING] Received change, reloading page now @ http://localhost:3000/_next/static/chunks/204e747b034398c6.js:30
[   14819ms] [WARNING] Received change, reloading page now @ http://localhost:3000/_next/static/chunks/204e747b034398c6.js:30
[   14947ms] [WARNING] Received change, reloading page now @ http://localhost:3000/_next/static/chunks/204e747b034398c6.js:30
[   15078ms] [WARNING] Received change, reloading page now @ http://localhost:3000/_next/static/chunks/204e747b034398c6.js:30
[   15207ms] [WARNING] Received change, reloading page now @ http://localhost:3000/_next/static/chunks/204e747b034398c6.js:30
[   15336ms] [WARNING] Received change, reloading page now @ http://localhost:3000/_next/static/chunks/204e747b034398c6.js:30
[   15466ms] [WARNING] Received change, reloading page now @ http://localhost:3000/_next/static/chunks/204e747b034398c6.js:30
[   15595ms] [WARNING] Received change, reloading page now @ http://localhost:3000/_next/static/chunks/204e747b034398c6.js:30
[   15724ms] [WARNING] Received change, reloading page now @ http://localhost:3000/_next/static/chunks/204e747b034398c6.js:30
[   15855ms] [WARNING] Received change, reloading page now @ http://localhost:3000/_next/static/chunks/204e747b034398c6.js:30
[   15989ms] [WARNING] Received change, reloading page now @ http://localhost:3000/_next/static/chunks/204e747b034398c6.js:30
[   16116ms] [WARNING] Received change, reloading page now @ http://localhost:3000/_next/static/chunks/204e747b034398c6.js:30
[   16247ms] [WARNING] Received change, reloading page now @ http://localhost:3000/_next/static/chunks/204e747b034398c6.js:30
[   16379ms] [WARNING] Received change, reloading page now @ http://localhost:3000/_next/static/chunks/204e747b034398c6.js:30
[   16513ms] [WARNING] Received change, reloading page now @ http://localhost:3000/_next/static/chunks/204e747b034398c6.js:30
[   16642ms] [WARNING] Received change, reloading page now @ http://localhost:3000/_next/static/chunks/204e747b034398c6.js:30
[   16770ms] [WARNING] Received change, reloading page now @ http://localhost:3000/_next/static/chunks/204e747b034398c6.js:30
[   16897ms] [WARNING] Received change, reloading page now @ http://localhost:3000/_next/static/chunks/204e747b034398c6.js:30
[   17025ms] [WARNING] Received change, reloading page now @ http://localhost:3000/_next/static/chunks/204e747b034398c6.js:30
[   17153ms] [WARNING] Received change, reloading page now @ http://localhost:3000/_next/static/chunks/204e747b034398c6.js:30
[   17279ms] [WARNING] Received change, reloading page now @ http://localhost:3000/_next/static/chunks/204e747b034398c6.js:30
[   17407ms] [WARNING] Received change, reloading page now @ http://localhost:3000/_next/static/chunks/204e747b034398c6.js:30
[   17536ms] [WARNING] Received change, reloading page now @ http://localhost:3000/_next/static/chunks/204e747b034398c6.js:30
[   17664ms] [WARNING] Received change, reloading page now @ http://localhost:3000/_next/static/chunks/204e747b034398c6.js:30
[   17792ms] [WARNING] Received change, reloading page now @ http://localhost:3000/_next/static/chunks/204e747b034398c6.js:30
[   17922ms] [WARNING] Received change, reloading page now @ http://localhost:3000/_next/static/chunks/204e747b034398c6.js:30
[   18051ms] [WARNING] Received change, reloading page now @ http://localhost:3000/_next/static/chunks/204e747b034398c6.js:30
[   18246ms] [WARNING] Received change, reloading page now @ http://localhost:3000/_next/static/chunks/204e747b034398c6.js:30
[   18375ms] [WARNING] Received change, reloading page now @ http://localhost:3000/_next/static/chunks/204e747b034398c6.js:30
[   18537ms] [WARNING] Received change, reloading page now @ http://localhost:3000/_next/static/chunks/204e747b034398c6.js:30
[   18674ms] [WARNING] Received change, reloading page now @ http://localhost:3000/_next/static/chunks/204e747b034398c6.js:30
[   18806ms] [WARNING] Received change, reloading page now @ http://localhost:3000/_next/static/chunks/204e747b034398c6.js:30
[   18934ms] [WARNING] Received change, reloading page now @ http://localhost:3000/_next/static/chunks/204e747b034398c6.js:30
[   19073ms] [WARNING] Received change, reloading page now @ http://localhost:3000/_next/static/chunks/204e747b034398c6.js:30
[   19216ms] [WARNING] Received change, reloading page now @ http://localhost:3000/_next/static/chunks/204e747b034398c6.js:30
[   19344ms] [WARNING] Received change, reloading page now @ http://localhost:3000/_next/static/chunks/204e747b034398c6.js:30
[   19471ms] [WARNING] Received change, reloading page now @ http://localhost:3000/_next/static/chunks/204e747b034398c6.js:30
[   19600ms] [WARNING] Received change, reloading page now @ http://localhost:3000/_next/static/chunks/204e747b034398c6.js:30
[   19726ms] [WARNING] Received change, reloading page now @ http://localhost:3000/_next/static/chunks/204e747b034398c6.js:30
[   19854ms] [WARNING] Received change, reloading page now @ http://localhost:3000/_next/static/chunks/204e747b034398c6.js:30
[   19983ms] [WARNING] Received change, reloading page now @ http://localhost:3000/_next/static/chunks/204e747b034398c6.js:30
[   20112ms] [WARNING] Received change, reloading page now @ http://localhost:3000/_next/static/chunks/204e747b034398c6.js:30
[   20236ms] [WARNING] Received change, reloading page now @ http://localhost:3000/_next/static/chunks/204e747b034398c6.js:30
[   20363ms] [WARNING] Received change, reloading page now @ http://localhost:3000/_next/static/chunks/204e747b034398c6.js:30
[   20495ms] [WARNING] Received change, reloading page now @ http://localhost:3000/_next/static/chunks/204e747b034398c6.js:30
[   20622ms] [WARNING] Received change, reloading page now @ http://localhost:3000/_next/static/chunks/204e747b034398c6.js:30
[   20721ms] [WARNING] Received change, reloading page now @ http://localhost:3000/_next/static/chunks/204e747b034398c6.js:30
[   20897ms] [WARNING] Received change, reloading page now @ http://localhost:3000/_next/static/chunks/204e747b034398c6.js:30
[   20968ms] [WARNING] Received change, reloading page now @ http://localhost:3000/_next/static/chunks/204e747b034398c6.js:30
[   21106ms] [WARNING] Received change, reloading page now @ http://localhost:3000/_next/static/chunks/204e747b034398c6.js:30
[   21234ms] [WARNING] Received change, reloading page now @ http://localhost:3000/_next/static/chunks/204e747b034398c6.js:30
[   21346ms] [WARNING] Received change, reloading page now @ http://localhost:3000/_next/static/chunks/204e747b034398c6.js:30
[   21471ms] [WARNING] Received change, reloading page now @ http://localhost:3000/_next/static/chunks/204e747b034398c6.js:30
[   21598ms] [WARNING] Received change, reloading page now @ http://localhost:3000/_next/static/chunks/204e747b034398c6.js:30
[   21728ms] [WARNING] Received change, reloading page now @ http://localhost:3000/_next/static/chunks/204e747b034398c6.js:30
[   21857ms] [WARNING] Received change, reloading page now @ http://localhost:3000/_next/static/chunks/204e747b034398c6.js:30
[   21981ms] [WARNING] Received change, reloading page now @ http://localhost:3000/_next/static/chunks/204e747b034398c6.js:30
[   22108ms] [WARNING] Received change, reloading page now @ http://localhost:3000/_next/static/chunks/204e747b034398c6.js:30
[   22234ms] [WARNING] Received change, reloading page now @ http://localhost:3000/_next/static/chunks/204e747b034398c6.js:30
[   22362ms] [WARNING] Received change, reloading page now @ http://localhost:3000/_next/static/chunks/204e747b034398c6.js:30
[   22490ms] [WARNING] Received change, reloading page now @ http://localhost:3000/_next/static/chunks/204e747b034398c6.js:30
[   22619ms] [WARNING] Received change, reloading page now @ http://localhost:3000/_next/static/chunks/204e747b034398c6.js:30
[   22746ms] [WARNING] Received change, reloading page now @ http://localhost:3000/_next/static/chunks/204e747b034398c6.js:30
[   22873ms] [WARNING] Received change, reloading page now @ http://localhost:3000/_next/static/chunks/204e747b034398c6.js:30
[   23000ms] [WARNING] Received change, reloading page now @ http://localhost:3000/_next/static/chunks/204e747b034398c6.js:30
[   23126ms] [WARNING] Received change, reloading page now @ http://localhost:3000/_next/static/chunks/204e747b034398c6.js:30
[   23253ms] [WARNING] Received change, reloading page now @ http://localhost:3000/_next/static/chunks/204e747b034398c6.js:30
[   23382ms] [WARNING] Received change, reloading page now @ http://localhost:3000/_next/static/chunks/204e747b034398c6.js:30
[   23510ms] [WARNING] Received change, reloading page now @ http://localhost:3000/_next/static/chunks/204e747b034398c6.js:30
[   23638ms] [WARNING] Received change, reloading page now @ http://localhost:3000/_next/static/chunks/204e747b034398c6.js:30
[   23765ms] [WARNING] Received change, reloading page now @ http://localhost:3000/_next/static/chunks/204e747b034398c6.js:30
[   23892ms] [WARNING] Received change, reloading page now @ http://localhost:3000/_next/static/chunks/204e747b034398c6.js:30
[   24069ms] [WARNING] Received change, reloading page now @ http://localhost:3000/_next/static/chunks/204e747b034398c6.js:30
[   24203ms] [WARNING] Received change, reloading page now @ http://localhost:3000/_next/static/chunks/204e747b034398c6.js:30
[   24332ms] [WARNING] Received change, reloading page now @ http://localhost:3000/_next/static/chunks/204e747b034398c6.js:30
[   24460ms] [WARNING] Received change, reloading page now @ http://localhost:3000/_next/static/chunks/204e747b034398c6.js:30
[   24593ms] [WARNING] Received change, reloading page now @ http://localhost:3000/_next/static/chunks/204e747b034398c6.js:30
[   24693ms] [WARNING] Received change, reloading page now @ http://localhost:3000/_next/static/chunks/204e747b034398c6.js:30
[   24817ms] [WARNING] Received change, reloading page now @ http://localhost:3000/_next/static/chunks/204e747b034398c6.js:30
[   24948ms] [WARNING] Received change, reloading page now @ http://localhost:3000/_next/static/chunks/204e747b034398c6.js:30
[   25095ms] [WARNING] Received change, reloading page now @ http://localhost:3000/_next/static/chunks/204e747b034398c6.js:30
[   25481ms] [WARNING] Received change, reloading page now @ http://localhost:3000/_next/static/chunks/204e747b034398c6.js:30
[   25624ms] [WARNING] Received change, reloading page now @ http://localhost:3000/_next/static/chunks/204e747b034398c6.js:30
[   25760ms] [WARNING] Received change, reloading page now @ http://localhost:3000/_next/static/chunks/204e747b034398c6.js:30
[   25896ms] [WARNING] Received change, reloading page now @ http://localhost:3000/_next/static/chunks/204e747b034398c6.js:30
[   26072ms] [WARNING] Received change, reloading page now @ http://localhost:3000/_next/static/chunks/204e747b034398c6.js:30
[   26139ms] [WARNING] Received change, reloading page now @ http://localhost:3000/_next/static/chunks/204e747b034398c6.js:30
[   26328ms] [WARNING] Received change, reloading page now @ http://localhost:3000/_next/static/chunks/204e747b034398c6.js:30
[   26454ms] [WARNING] Received change, reloading page now @ http://localhost:3000/_next/static/chunks/204e747b034398c6.js:30
[   26521ms] [WARNING] Received change, reloading page now @ http://localhost:3000/_next/static/chunks/204e747b034398c6.js:30
[   26710ms] [WARNING] Received change, reloading page now @ http://localhost:3000/_next/static/chunks/204e747b034398c6.js:30
[   26778ms] [WARNING] Received change, reloading page now @ http://localhost:3000/_next/static/chunks/204e747b034398c6.js:30
[   26907ms] [WARNING] Received change, reloading page now @ http://localhost:3000/_next/static/chunks/204e747b034398c6.js:30
[   27034ms] [WARNING] Received change, reloading page now @ http://localhost:3000/_next/static/chunks/204e747b034398c6.js:30
[   27221ms] [WARNING] Received change, reloading page now @ http://localhost:3000/_next/static/chunks/204e747b034398c6.js:30
[   27350ms] [WARNING] Received change, reloading page now @ http://localhost:3000/_next/static/chunks/204e747b034398c6.js:30
[   27476ms] [WARNING] Received change, reloading page now @ http://localhost:3000/_next/static/chunks/204e747b034398c6.js:30
[   27604ms] [WARNING] Received change, reloading page now @ http://localhost:3000/_next/static/chunks/204e747b034398c6.js:30
[   27731ms] [WARNING] Received change, reloading page now @ http://localhost:3000/_next/static/chunks/204e747b034398c6.js:30
[   27858ms] [WARNING] Received change, reloading page now @ http://localhost:3000/_next/static/chunks/204e747b034398c6.js:30
[   27984ms] [WARNING] Received change, reloading page now @ http://localhost:3000/_next/static/chunks/204e747b034398c6.js:30
[   28111ms] [WARNING] Received change, reloading page now @ http://localhost:3000/_next/static/chunks/204e747b034398c6.js:30
[   28237ms] [WARNING] Received change, reloading page now @ http://localhost:3000/_next/static/chunks/204e747b034398c6.js:30
[   28362ms] [WARNING] Received change, reloading page now @ http://localhost:3000/_next/static/chunks/204e747b034398c6.js:30
[   28490ms] [WARNING] Received change, reloading page now @ http://localhost:3000/_next/static/chunks/204e747b034398c6.js:30
[   28627ms] [WARNING] Received change, reloading page now @ http://localhost:3000/_next/static/chunks/204e747b034398c6.js:30
[   28782ms] [WARNING] Received change, reloading page now @ http://localhost:3000/_next/static/chunks/204e747b034398c6.js:30
[   28908ms] [WARNING] Received change, reloading page now @ http://localhost:3000/_next/static/chunks/204e747b034398c6.js:30
[   29033ms] [WARNING] Received change, reloading page now @ http://localhost:3000/_next/static/chunks/204e747b034398c6.js:30
[   29159ms] [WARNING] Received change, reloading page now @ http://localhost:3000/_next/static/chunks/204e747b034398c6.js:30
[   29287ms] [WARNING] Received change, reloading page now @ http://localhost:3000/_next/static/chunks/204e747b034398c6.js:30
[   29414ms] [WARNING] Received change, reloading page now @ http://localhost:3000/_next/static/chunks/204e747b034398c6.js:30
[   29540ms] [WARNING] Received change, reloading page now @ http://localhost:3000/_next/static/chunks/204e747b034398c6.js:30
[   29673ms] [WARNING] Received change, reloading page now @ http://localhost:3000/_next/static/chunks/204e747b034398c6.js:30
[   29791ms] [WARNING] Received change, reloading page now @ http://localhost:3000/_next/static/chunks/204e747b034398c6.js:30
[   29914ms] [WARNING] Received change, reloading page now @ http://localhost:3000/_next/static/chunks/204e747b034398c6.js:30
[   30102ms] [WARNING] Received change, reloading page now @ http://localhost:3000/_next/static/chunks/204e747b034398c6.js:30
[   30228ms] [WARNING] Received change, reloading page now @ http://localhost:3000/_next/static/chunks/204e747b034398c6.js:30
[   30361ms] [WARNING] Received change, reloading page now @ http://localhost:3000/_next/static/chunks/204e747b034398c6.js:30
[   30487ms] [WARNING] Received change, reloading page now @ http://localhost:3000/_next/static/chunks/204e747b034398c6.js:30
[   30613ms] [WARNING] Received change, reloading page now @ http://localhost:3000/_next/static/chunks/204e747b034398c6.js:30
[   30741ms] [WARNING] Received change, reloading page now @ http://localhost:3000/_next/static/chunks/204e747b034398c6.js:30
[   30868ms] [WARNING] Received change, reloading page now @ http://localhost:3000/_next/static/chunks/204e747b034398c6.js:30
[   31002ms] [WARNING] Received change, reloading page now @ http://localhost:3000/_next/static/chunks/204e747b034398c6.js:30
[   31130ms] [WARNING] Received change, reloading page now @ http://localhost:3000/_next/static/chunks/204e747b034398c6.js:30
[   31255ms] [WARNING] Received change, reloading page now @ http://localhost:3000/_next/static/chunks/204e747b034398c6.js:30
[   31383ms] [WARNING] Received change, reloading page now @ http://localhost:3000/_next/static/chunks/204e747b034398c6.js:30
[   31509ms] [WARNING] Received change, reloading page now @ http://localhost:3000/_next/static/chunks/204e747b034398c6.js:30
[   31636ms] [WARNING] Received change, reloading page now @ http://localhost:3000/_next/static/chunks/204e747b034398c6.js:30
[   31771ms] [WARNING] Received change, reloading page now @ http://localhost:3000/_next/static/chunks/204e747b034398c6.js:30
[   31898ms] [WARNING] Received change, reloading page now @ http://localhost:3000/_next/static/chunks/204e747b034398c6.js:30
[   32024ms] [WARNING] Received change, reloading page now @ http://localhost:3000/_next/static/chunks/204e747b034398c6.js:30
[   32150ms] [WARNING] Received change, reloading page now @ http://localhost:3000/_next/static/chunks/204e747b034398c6.js:30
[   32278ms] [WARNING] Received change, reloading page now @ http://localhost:3000/_next/static/chunks/204e747b034398c6.js:30
[   32412ms] [WARNING] Received change, reloading page now @ http://localhost:3000/_next/static/chunks/204e747b034398c6.js:30
[   32547ms] [WARNING] Received change, reloading page now @ http://localhost:3000/_next/static/chunks/204e747b034398c6.js:30
[   32675ms] [WARNING] Received change, reloading page now @ http://localhost:3000/_next/static/chunks/204e747b034398c6.js:30
[   32801ms] [WARNING] Received change, reloading page now @ http://localhost:3000/_next/static/chunks/204e747b034398c6.js:30
[   32928ms] [WARNING] Received change, reloading page now @ http://localhost:3000/_next/static/chunks/204e747b034398c6.js:30
[   33062ms] [WARNING] Received change, reloading page now @ http://localhost:3000/_next/static/chunks/204e747b034398c6.js:30
[   33189ms] [WARNING] Received change, reloading page now @ http://localhost:3000/_next/static/chunks/204e747b034398c6.js:30
[   33315ms] [WARNING] Received change, reloading page now @ http://localhost:3000/_next/static/chunks/204e747b034398c6.js:30
[   33442ms] [WARNING] Received change, reloading page now @ http://localhost:3000/_next/static/chunks/204e747b034398c6.js:30
[   33586ms] [WARNING] Received change, reloading page now @ http://localhost:3000/_next/static/chunks/204e747b034398c6.js:30
[   33716ms] [WARNING] Received change, reloading page now @ http://localhost:3000/_next/static/chunks/204e747b034398c6.js:30
[   33854ms] [WARNING] Received change, reloading page now @ http://localhost:3000/_next/static/chunks/204e747b034398c6.js:30
[   33988ms] [WARNING] Received change, reloading page now @ http://localhost:3000/_next/static/chunks/204e747b034398c6.js:30
[   34112ms] [WARNING] Received change, reloading page now @ http://localhost:3000/_next/static/chunks/204e747b034398c6.js:30
[   34241ms] [WARNING] Received change, reloading page now @ http://localhost:3000/_next/static/chunks/204e747b034398c6.js:30
[   34375ms] [WARNING] Received change, reloading page now @ http://localhost:3000/_next/static/chunks/204e747b034398c6.js:30
[   34501ms] [WARNING] Received change, reloading page now @ http://localhost:3000/_next/static/chunks/204e747b034398c6.js:30
[   34626ms] [WARNING] Received change, reloading page now @ http://localhost:3000/_next/static/chunks/204e747b034398c6.js:30
[   34754ms] [WARNING] Received change, reloading page now @ http://localhost:3000/_next/static/chunks/204e747b034398c6.js:30
[   34879ms] [WARNING] Received change, reloading page now @ http://localhost:3000/_next/static/chunks/204e747b034398c6.js:30
[   35010ms] [WARNING] Received change, reloading page now @ http://localhost:3000/_next/static/chunks/204e747b034398c6.js:30
[   35187ms] [WARNING] Received change, reloading page now @ http://localhost:3000/_next/static/chunks/204e747b034398c6.js:30
[   35325ms] [WARNING] Received change, reloading page now @ http://localhost:3000/_next/static/chunks/204e747b034398c6.js:30
[   35468ms] [WARNING] Received change, reloading page now @ http://localhost:3000/_next/static/chunks/204e747b034398c6.js:30
[   35602ms] [WARNING] Received change, reloading page now @ http://localhost:3000/_next/static/chunks/204e747b034398c6.js:30
[   35733ms] [WARNING] Received change, reloading page now @ http://localhost:3000/_next/static/chunks/204e747b034398c6.js:30
[   35853ms] [WARNING] Received change, reloading page now @ http://localhost:3000/_next/static/chunks/204e747b034398c6.js:30
[   36014ms] [WARNING] Received change, reloading page now @ http://localhost:3000/_next/static/chunks/204e747b034398c6.js:30
[   36149ms] [WARNING] Received change, reloading page now @ http://localhost:3000/_next/static/chunks/204e747b034398c6.js:30
[   36276ms] [WARNING] Received change, reloading page now @ http://localhost:3000/_next/static/chunks/204e747b034398c6.js:30
[   36395ms] [WARNING] Received change, reloading page now @ http://localhost:3000/_next/static/chunks/204e747b034398c6.js:30
[   36522ms] [WARNING] Received change, reloading page now @ http://localhost:3000/_next/static/chunks/204e747b034398c6.js:30
[   36646ms] [WARNING] Received change, reloading page now @ http://localhost:3000/_next/static/chunks/204e747b034398c6.js:30
[   36775ms] [WARNING] Received change, reloading page now @ http://localhost:3000/_next/static/chunks/204e747b034398c6.js:30
[   36896ms] [WARNING] Received change, reloading page now @ http://localhost:3000/_next/static/chunks/204e747b034398c6.js:30
[   37028ms] [WARNING] Received change, reloading page now @ http://localhost:3000/_next/static/chunks/204e747b034398c6.js:30
[   37181ms] [WARNING] Received change, reloading page now @ http://localhost:3000/_next/static/chunks/204e747b034398c6.js:30
[   37315ms] [WARNING] Received change, reloading page now @ http://localhost:3000/_next/static/chunks/204e747b034398c6.js:30
[   37421ms] [WARNING] Received change, reloading page now @ http://localhost:3000/_next/static/chunks/204e747b034398c6.js:30
[   37521ms] [WARNING] Received change, reloading page now @ http://localhost:3000/_next/static/chunks/204e747b034398c6.js:30
[   37630ms] [WARNING] Received change, reloading page now @ http://localhost:3000/_next/static/chunks/204e747b034398c6.js:30
[   37774ms] [WARNING] Received change, reloading page now @ http://localhost:3000/_next/static/chunks/204e747b034398c6.js:30
[   37880ms] [WARNING] Received change, reloading page now @ http://localhost:3000/_next/static/chunks/204e747b034398c6.js:30
[   38266ms] [WARNING] Received change, reloading page now @ http://localhost:3000/_next/static/chunks/204e747b034398c6.js:30
[   38409ms] [WARNING] Received change, reloading page now @ http://localhost:3000/_next/static/chunks/204e747b034398c6.js:30
[   38660ms] [WARNING] Received change, reloading page now @ http://localhost:3000/_next/static/chunks/204e747b034398c6.js:30
[   38771ms] [WARNING] Received change, reloading page now @ http://localhost:3000/_next/static/chunks/204e747b034398c6.js:30
[   38885ms] [WARNING] Received change, reloading page now @ http://localhost:3000/_next/static/chunks/204e747b034398c6.js:30
[   39145ms] [WARNING] Received change, reloading page now @ http://localhost:3000/_next/static/chunks/204e747b034398c6.js:30
[   39314ms] [WARNING] Received change, reloading page now @ http://localhost:3000/_next/static/chunks/204e747b034398c6.js:30
[   39445ms] [WARNING] Received change, reloading page now @ http://localhost:3000/_next/static/chunks/204e747b034398c6.js:30
[   39546ms] [WARNING] Received change, reloading page now @ http://localhost:3000/_next/static/chunks/204e747b034398c6.js:30
[   39681ms] [WARNING] Received change, reloading page now @ http://localhost:3000/_next/static/chunks/204e747b034398c6.js:30
[   39791ms] [WARNING] Received change, reloading page now @ http://localhost:3000/_next/static/chunks/204e747b034398c6.js:30
[   39909ms] [WARNING] Received change, reloading page now @ http://localhost:3000/_next/static/chunks/204e747b034398c6.js:30
[   40026ms] [WARNING] Received change, reloading page now @ http://localhost:3000/_next/static/chunks/204e747b034398c6.js:30
[   40143ms] [WARNING] Received change, reloading page now @ http://localhost:3000/_next/static/chunks/204e747b034398c6.js:30
[   40258ms] [WARNING] Received change, reloading page now @ http://localhost:3000/_next/static/chunks/204e747b034398c6.js:30
[   40372ms] [WARNING] Received change, reloading page now @ http://localhost:3000/_next/static/chunks/204e747b034398c6.js:30
[   40489ms] [WARNING] Received change, reloading page now @ http://localhost:3000/_next/static/chunks/204e747b034398c6.js:30
[   40610ms] [WARNING] Received change, reloading page now @ http://localhost:3000/_next/static/chunks/204e747b034398c6.js:30
[   40728ms] [WARNING] Received change, reloading page now @ http://localhost:3000/_next/static/chunks/204e747b034398c6.js:30
[   40847ms] [WARNING] Received change, reloading page now @ http://localhost:3000/_next/static/chunks/204e747b034398c6.js:30
[   40946ms] [WARNING] Received change, reloading page now @ http://localhost:3000/_next/static/chunks/204e747b034398c6.js:30
[   41087ms] [WARNING] Received change, reloading page now @ http://localhost:3000/_next/static/chunks/204e747b034398c6.js:30
[   41237ms] [WARNING] Received change, reloading page now @ http://localhost:3000/_next/static/chunks/204e747b034398c6.js:30
[   41367ms] [WARNING] Received change, reloading page now @ http://localhost:3000/_next/static/chunks/204e747b034398c6.js:30
[   41517ms] [WARNING] Received change, reloading page now @ http://localhost:3000/_next/static/chunks/204e747b034398c6.js:30
[   41668ms] [WARNING] Received change, reloading page now @ http://localhost:3000/_next/static/chunks/204e747b034398c6.js:30
[   41769ms] [WARNING] Received change, reloading page now @ http://localhost:3000/_next/static/chunks/204e747b034398c6.js:30
[   41911ms] [WARNING] Received change, reloading page now @ http://localhost:3000/_next/static/chunks/204e747b034398c6.js:30
[   42046ms] [WARNING] Received change, reloading page now @ http://localhost:3000/_next/static/chunks/204e747b034398c6.js:30
[   42368ms] [WARNING] Received change, reloading page now @ http://localhost:3000/_next/static/chunks/204e747b034398c6.js:30
[   42436ms] [WARNING] Received change, reloading page now @ http://localhost:3000/_next/static/chunks/204e747b034398c6.js:30
[   42568ms] [WARNING] Received change, reloading page now @ http://localhost:3000/_next/static/chunks/204e747b034398c6.js:30
[   42686ms] [WARNING] Received change, reloading page now @ http://localhost:3000/_next/static/chunks/204e747b034398c6.js:30
[   42858ms] [WARNING] Received change, reloading page now @ http://localhost:3000/_next/static/chunks/204e747b034398c6.js:30
[   42975ms] [WARNING] Received change, reloading page now @ http://localhost:3000/_next/static/chunks/204e747b034398c6.js:30
[   43029ms] [WARNING] Received change, reloading page now @ http://localhost:3000/_next/static/chunks/204e747b034398c6.js:30
[   43165ms] [WARNING] Received change, reloading page now @ http://localhost:3000/_next/static/chunks/204e747b034398c6.js:30
[   43285ms] [WARNING] Received change, reloading page now @ http://localhost:3000/_next/static/chunks/204e747b034398c6.js:30
[   43457ms] [WARNING] Received change, reloading page now @ http://localhost:3000/_next/static/chunks/204e747b034398c6.js:30
[   43538ms] [WARNING] Received change, reloading page now @ http://localhost:3000/_next/static/chunks/204e747b034398c6.js:30
[   43649ms] [WARNING] Received change, reloading page now @ http://localhost:3000/_next/static/chunks/204e747b034398c6.js:30
[   43783ms] [WARNING] Received change, reloading page now @ http://localhost:3000/_next/static/chunks/204e747b034398c6.js:30
[   43980ms] [WARNING] Received change, reloading page now @ http://localhost:3000/_next/static/chunks/204e747b034398c6.js:30
[   44045ms] [WARNING] Received change, reloading page now @ http://localhost:3000/_next/static/chunks/204e747b034398c6.js:30
[   44235ms] [WARNING] Received change, reloading page now @ http://localhost:3000/_next/static/chunks/204e747b034398c6.js:30
[   44312ms] [WARNING] Received change, reloading page now @ http://localhost:3000/_next/static/chunks/204e747b034398c6.js:30
[   44495ms] [WARNING] Received change, reloading page now @ http://localhost:3000/_next/static/chunks/204e747b034398c6.js:30
[   44553ms] [WARNING] Received change, reloading page now @ http://localhost:3000/_next/static/chunks/204e747b034398c6.js:30
[   44671ms] [WARNING] Received change, reloading page now @ http://localhost:3000/_next/static/chunks/204e747b034398c6.js:30
[   44804ms] [WARNING] Received change, reloading page now @ http://localhost:3000/_next/static/chunks/204e747b034398c6.js:30
[   44919ms] [WARNING] Received change, reloading page now @ http://localhost:3000/_next/static/chunks/204e747b034398c6.js:30
[   45042ms] [WARNING] Received change, reloading page now @ http://localhost:3000/_next/static/chunks/204e747b034398c6.js:30
[   45168ms] [WARNING] Received change, reloading page now @ http://localhost:3000/_next/static/chunks/204e747b034398c6.js:30
[   45285ms] [WARNING] Received change, reloading page now @ http://localhost:3000/_next/static/chunks/204e747b034398c6.js:30
[   45411ms] [WARNING] Received change, reloading page now @ http://localhost:3000/_next/static/chunks/204e747b034398c6.js:30
[   45539ms] [WARNING] Received change, reloading page now @ http://localhost:3000/_next/static/chunks/204e747b034398c6.js:30
[   45648ms] [WARNING] Received change, reloading page now @ http://localhost:3000/_next/static/chunks/204e747b034398c6.js:30
[   45765ms] [WARNING] Received change, reloading page now @ http://localhost:3000/_next/static/chunks/204e747b034398c6.js:30
[   45887ms] [WARNING] Received change, reloading page now @ http://localhost:3000/_next/static/chunks/204e747b034398c6.js:30
[   45993ms] [WARNING] Received change, reloading page now @ http://localhost:3000/_next/static/chunks/204e747b034398c6.js:30
[   46113ms] [WARNING] Received change, reloading page now @ http://localhost:3000/_next/static/chunks/204e747b034398c6.js:30
[   46212ms] [WARNING] Received change, reloading page now @ http://localhost:3000/_next/static/chunks/204e747b034398c6.js:30
[   46330ms] [WARNING] Received change, reloading page now @ http://localhost:3000/_next/static/chunks/204e747b034398c6.js:30
[   46454ms] [WARNING] Received change, reloading page now @ http://localhost:3000/_next/static/chunks/204e747b034398c6.js:30
[   46566ms] [WARNING] Received change, reloading page now @ http://localhost:3000/_next/static/chunks/204e747b034398c6.js:30
[   46701ms] [WARNING] Received change, reloading page now @ http://localhost:3000/_next/static/chunks/204e747b034398c6.js:30
[   46827ms] [WARNING] Received change, reloading page now @ http://localhost:3000/_next/static/chunks/204e747b034398c6.js:30
[   46937ms] [WARNING] Received change, reloading page now @ http://localhost:3000/_next/static/chunks/204e747b034398c6.js:30
[   47059ms] [WARNING] Received change, reloading page now @ http://localhost:3000/_next/static/chunks/204e747b034398c6.js:30
[   47180ms] [WARNING] Received change, reloading page now @ http://localhost:3000/_next/static/chunks/204e747b034398c6.js:30
[   47291ms] [WARNING] Received change, reloading page now @ http://localhost:3000/_next/static/chunks/204e747b034398c6.js:30
[   47420ms] [WARNING] Received change, reloading page now @ http://localhost:3000/_next/static/chunks/204e747b034398c6.js:30
[   47552ms] [WARNING] Received change, reloading page now @ http://localhost:3000/_next/static/chunks/204e747b034398c6.js:30
[   47669ms] [WARNING] Received change, reloading page now @ http://localhost:3000/_next/static/chunks/204e747b034398c6.js:30
[   47797ms] [WARNING] Received change, reloading page now @ http://localhost:3000/_next/static/chunks/204e747b034398c6.js:30
[   47921ms] [WARNING] Received change, reloading page now @ http://localhost:3000/_next/static/chunks/204e747b034398c6.js:30
[   48037ms] [WARNING] Received change, reloading page now @ http://localhost:3000/_next/static/chunks/204e747b034398c6.js:30
[   48164ms] [WARNING] Received change, reloading page now @ http://localhost:3000/_next/static/chunks/204e747b034398c6.js:30
[   48296ms] [WARNING] Received change, reloading page now @ http://localhost:3000/_next/static/chunks/204e747b034398c6.js:30
[   48409ms] [WARNING] Received change, reloading page now @ http://localhost:3000/_next/static/chunks/204e747b034398c6.js:30
[   48531ms] [WARNING] Received change, reloading page now @ http://localhost:3000/_next/static/chunks/204e747b034398c6.js:30
[   48659ms] [WARNING] Received change, reloading page now @ http://localhost:3000/_next/static/chunks/204e747b034398c6.js:30
[   48664ms] [WARNING] Received change, reloading page now @ http://localhost:3000/_next/static/chunks/204e747b034398c6.js:30
[   48768ms] [WARNING] Received change, reloading page now @ http://localhost:3000/_next/static/chunks/204e747b034398c6.js:30
[   48888ms] [WARNING] Received change, reloading page now @ http://localhost:3000/_next/static/chunks/204e747b034398c6.js:30
[   49011ms] [WARNING] Received change, reloading page now @ http://localhost:3000/_next/static/chunks/204e747b034398c6.js:30
[   49159ms] [WARNING] Received change, reloading page now @ http://localhost:3000/_next/static/chunks/204e747b034398c6.js:30
[   49274ms] [WARNING] Received change, reloading page now @ http://localhost:3000/_next/static/chunks/204e747b034398c6.js:30
[   49447ms] [WARNING] Received change, reloading page now @ http://localhost:3000/_next/static/chunks/204e747b034398c6.js:30
[   49507ms] [WARNING] Received change, reloading page now @ http://localhost:3000/_next/static/chunks/204e747b034398c6.js:30
[   49624ms] [WARNING] Received change, reloading page now @ http://localhost:3000/_next/static/chunks/204e747b034398c6.js:30
[   49794ms] [WARNING] Received change, reloading page now @ http://localhost:3000/_next/static/chunks/204e747b034398c6.js:30
[   49849ms] [WARNING] Received change, reloading page now @ http://localhost:3000/_next/static/chunks/204e747b034398c6.js:30
[   49967ms] [WARNING] Received change, reloading page now @ http://localhost:3000/_next/static/chunks/204e747b034398c6.js:30
[   50142ms] [WARNING] Received change, reloading page now @ http://localhost:3000/_next/static/chunks/204e747b034398c6.js:30
[   50197ms] [WARNING] Received change, reloading page now @ http://localhost:3000/_next/static/chunks/204e747b034398c6.js:30
[   50314ms] [WARNING] Received change, reloading page now @ http://localhost:3000/_next/static/chunks/204e747b034398c6.js:30
[   50485ms] [WARNING] Received change, reloading page now @ http://localhost:3000/_next/static/chunks/204e747b034398c6.js:30
[   50542ms] [WARNING] Received change, reloading page now @ http://localhost:3000/_next/static/chunks/204e747b034398c6.js:30
[   50660ms] [WARNING] Received change, reloading page now @ http://localhost:3000/_next/static/chunks/204e747b034398c6.js:30
[   50831ms] [WARNING] Received change, reloading page now @ http://localhost:3000/_next/static/chunks/204e747b034398c6.js:30
[   50886ms] [WARNING] Received change, reloading page now @ http://localhost:3000/_next/static/chunks/204e747b034398c6.js:30
[   51003ms] [WARNING] Received change, reloading page now @ http://localhost:3000/_next/static/chunks/204e747b034398c6.js:30
[   51176ms] [WARNING] Received change, reloading page now @ http://localhost:3000/_next/static/chunks/204e747b034398c6.js:30
[   51230ms] [WARNING] Received change, reloading page now @ http://localhost:3000/_next/static/chunks/204e747b034398c6.js:30
[   51391ms] [WARNING] Received change, reloading page now @ http://localhost:3000/_next/static/chunks/204e747b034398c6.js:30
[   51569ms] [WARNING] Received change, reloading page now @ http://localhost:3000/_next/static/chunks/204e747b034398c6.js:30
[   51696ms] [WARNING] Received change, reloading page now @ http://localhost:3000/_next/static/chunks/204e747b034398c6.js:30
[   51799ms] [WARNING] Received change, reloading page now @ http://localhost:3000/_next/static/chunks/204e747b034398c6.js:30
[   51919ms] [WARNING] Received change, reloading page now @ http://localhost:3000/_next/static/chunks/204e747b034398c6.js:30
[   52097ms] [WARNING] Received change, reloading page now @ http://localhost:3000/_next/static/chunks/204e747b034398c6.js:30
[   52158ms] [WARNING] Received change, reloading page now @ http://localhost:3000/_next/static/chunks/204e747b034398c6.js:30
[   52280ms] [WARNING] Received change, reloading page now @ http://localhost:3000/_next/static/chunks/204e747b034398c6.js:30
[   52451ms] [WARNING] Received change, reloading page now @ http://localhost:3000/_next/static/chunks/204e747b034398c6.js:30
[   52627ms] [WARNING] Received change, reloading page now @ http://localhost:3000/_next/static/chunks/204e747b034398c6.js:30
[   52688ms] [WARNING] Received change, reloading page now @ http://localhost:3000/_next/static/chunks/204e747b034398c6.js:30
[   52807ms] [WARNING] Received change, reloading page now @ http://localhost:3000/_next/static/chunks/204e747b034398c6.js:30
[   52930ms] [WARNING] Received change, reloading page now @ http://localhost:3000/_next/static/chunks/204e747b034398c6.js:30
[   53030ms] [WARNING] Received change, reloading page now @ http://localhost:3000/_next/static/chunks/204e747b034398c6.js:30
[   53159ms] [WARNING] Received change, reloading page now @ http://localhost:3000/_next/static/chunks/204e747b034398c6.js:30
[   53332ms] [WARNING] Received change, reloading page now @ http://localhost:3000/_next/static/chunks/204e747b034398c6.js:30
[   53386ms] [WARNING] Received change, reloading page now @ http://localhost:3000/_next/static/chunks/204e747b034398c6.js:30
[   53506ms] [WARNING] Received change, reloading page now @ http://localhost:3000/_next/static/chunks/204e747b034398c6.js:30
[   53626ms] [WARNING] Received change, reloading page now @ http://localhost:3000/_next/static/chunks/204e747b034398c6.js:30
[   53738ms] [WARNING] Received change, reloading page now @ http://localhost:3000/_next/static/chunks/204e747b034398c6.js:30
[   53858ms] [WARNING] Received change, reloading page now @ http://localhost:3000/_next/static/chunks/204e747b034398c6.js:30
[   54026ms] [WARNING] Received change, reloading page now @ http://localhost:3000/_next/static/chunks/204e747b034398c6.js:30
[   54080ms] [WARNING] Received change, reloading page now @ http://localhost:3000/_next/static/chunks/204e747b034398c6.js:30
[   54202ms] [WARNING] Received change, reloading page now @ http://localhost:3000/_next/static/chunks/204e747b034398c6.js:30
[   54377ms] [WARNING] Received change, reloading page now @ http://localhost:3000/_next/static/chunks/204e747b034398c6.js:30
[   54433ms] [WARNING] Received change, reloading page now @ http://localhost:3000/_next/static/chunks/204e747b034398c6.js:30
[   54555ms] [WARNING] Received change, reloading page now @ http://localhost:3000/_next/static/chunks/204e747b034398c6.js:30
[   54728ms] [WARNING] Received change, reloading page now @ http://localhost:3000/_next/static/chunks/204e747b034398c6.js:30
[   54784ms] [WARNING] Received change, reloading page now @ http://localhost:3000/_next/static/chunks/204e747b034398c6.js:30
[   54902ms] [WARNING] Received change, reloading page now @ http://localhost:3000/_next/static/chunks/204e747b034398c6.js:30
[   55070ms] [WARNING] Received change, reloading page now @ http://localhost:3000/_next/static/chunks/204e747b034398c6.js:30
[   55127ms] [WARNING] Received change, reloading page now @ http://localhost:3000/_next/static/chunks/204e747b034398c6.js:30
[   55243ms] [WARNING] Received change, reloading page now @ http://localhost:3000/_next/static/chunks/204e747b034398c6.js:30
[   55416ms] [WARNING] Received change, reloading page now @ http://localhost:3000/_next/static/chunks/204e747b034398c6.js:30
[   55591ms] [WARNING] Received change, reloading page now @ http://localhost:3000/_next/static/chunks/204e747b034398c6.js:30
[   55679ms] [WARNING] Received change, reloading page now @ http://localhost:3000/_next/static/chunks/204e747b034398c6.js:30
[   55800ms] [WARNING] Received change, reloading page now @ http://localhost:3000/_next/static/chunks/204e747b034398c6.js:30
[   55924ms] [WARNING] Received change, reloading page now @ http://localhost:3000/_next/static/chunks/204e747b034398c6.js:30
[   56045ms] [WARNING] Received change, reloading page now @ http://localhost:3000/_next/static/chunks/204e747b034398c6.js:30
[   56163ms] [WARNING] Received change, reloading page now @ http://localhost:3000/_next/static/chunks/204e747b034398c6.js:30
[   56362ms] [WARNING] Received change, reloading page now @ http://localhost:3000/_next/static/chunks/204e747b034398c6.js:30
[   56434ms] [WARNING] Received change, reloading page now @ http://localhost:3000/_next/static/chunks/204e747b034398c6.js:30
[   56558ms] [WARNING] Received change, reloading page now @ http://localhost:3000/_next/static/chunks/204e747b034398c6.js:30
[   56735ms] [WARNING] Received change, reloading page now @ http://localhost:3000/_next/static/chunks/204e747b034398c6.js:30
[   56792ms] [WARNING] Received change, reloading page now @ http://localhost:3000/_next/static/chunks/204e747b034398c6.js:30
[   56910ms] [WARNING] Received change, reloading page now @ http://localhost:3000/_next/static/chunks/204e747b034398c6.js:30
[   57025ms] [WARNING] Received change, reloading page now @ http://localhost:3000/_next/static/chunks/204e747b034398c6.js:30
[   57139ms] [WARNING] Received change, reloading page now @ http://localhost:3000/_next/static/chunks/204e747b034398c6.js:30
[   57259ms] [WARNING] Received change, reloading page now @ http://localhost:3000/_next/static/chunks/204e747b034398c6.js:30
[   57382ms] [WARNING] Received change, reloading page now @ http://localhost:3000/_next/static/chunks/204e747b034398c6.js:30
[   57500ms] [WARNING] Received change, reloading page now @ http://localhost:3000/_next/static/chunks/204e747b034398c6.js:30
[   57621ms] [WARNING] Received change, reloading page now @ http://localhost:3000/_next/static/chunks/204e747b034398c6.js:30
[   57795ms] [WARNING] Received change, reloading page now @ http://localhost:3000/_next/static/chunks/204e747b034398c6.js:30
[   57854ms] [WARNING] Received change, reloading page now @ http://localhost:3000/_next/static/chunks/204e747b034398c6.js:30
[   57967ms] [WARNING] Received change, reloading page now @ http://localhost:3000/_next/static/chunks/204e747b034398c6.js:30
[   58084ms] [WARNING] Received change, reloading page now @ http://localhost:3000/_next/static/chunks/204e747b034398c6.js:30
